* installing *source* package 'tabulizerjars' ...
** package 'tabulizerjars' successfully unpacked and MD5 sums checked
** using staged installation
** R
** inst
** byte-compile and prepare package for lazy loading
** help
*** installing help indices
** building package indices
** testing if installed package can be loaded from temporary location
*** arch - i386
*** arch - x64
Error: package or namespace load failed for 'tabulizerjars':
 .onLoad failed in loadNamespace() for 'tabulizerjars', details:
  call: NULL
  error: .onLoad failed in loadNamespace() for 'rJava', details:
  call: library.dynam("rJava", pkgname, libname)
  error: DLL 'rJava' not found: maybe not installed for this architecture?
Error: loading failed
Execution halted
ERROR: loading failed for 'x64'
* removing 'C:/Users/Jeroen/Documents/checks/tabulizerjars.Rcheck/tabulizerjars'
