* using log directory 'C:/Users/jeroen/Documents/checks/prefmod.Rcheck'
* using R version 4.0.0 Under development (Testing Rtools) (2019-10-01 r77242)
* using platform: x86_64-w64-mingw32 (64-bit)
* using session charset: ISO8859-1
* using options '--no-manual --no-build-vignettes'
* checking for file 'prefmod/DESCRIPTION' ... OK
* checking extension type ... Package
* this is package 'prefmod' version '0.8-34'
* package encoding: UTF-8
* checking package namespace information ... OK
* checking package dependencies ... OK
* checking if this is a source package ... OK
* checking if there is a namespace ... OK
* checking for executable files ... OK
* checking for hidden files and directories ... OK
* checking for portable file names ... OK
* checking whether package 'prefmod' can be installed ... OK
* checking installed package size ... OK
* checking package directory ... OK
* checking DESCRIPTION meta-information ... OK
* checking top-level files ... OK
* checking for left-over files ... OK
* checking index information ... OK
* checking package subdirectories ... OK
* checking R files for non-ASCII characters ... OK
* checking R files for syntax errors ... OK
* loading checks for arch 'i386'
** checking whether the package can be loaded ... OK
** checking whether the package can be loaded with stated dependencies ... OK
** checking whether the package can be unloaded cleanly ... OK
** checking whether the namespace can be loaded with stated dependencies ... OK
** checking whether the namespace can be unloaded cleanly ... OK
** checking loading without being on the library search path ... OK
* loading checks for arch 'x64'
** checking whether the package can be loaded ... OK
** checking whether the package can be loaded with stated dependencies ... OK
** checking whether the package can be unloaded cleanly ... OK
** checking whether the namespace can be loaded with stated dependencies ... OK
** checking whether the namespace can be unloaded cleanly ... OK
** checking loading without being on the library search path ... OK
* checking dependencies in R code ... OK
* checking S3 generic/method consistency ... OK
* checking replacement functions ... OK
* checking foreign function calls ... OK
* checking R code for possible problems ... OK
* checking Rd files ... OK
* checking Rd metadata ... OK
* checking Rd cross-references ... OK
* checking for missing documentation entries ... OK
* checking for code/documentation mismatches ... OK
* checking Rd \usage sections ... OK
* checking Rd contents ... OK
* checking for unstated dependencies in examples ... OK
* checking contents of 'data' directory ... OK
* checking data for non-ASCII characters ... OK
* checking data for ASCII and uncompressed saves ... OK
* checking line endings in C/C++/Fortran sources/headers ... OK
* checking compiled code ... OK
* checking examples ...
** running examples for arch 'i386' ... ERROR
Running examples in 'prefmod-Ex.R' failed
The error most likely occurred in:

> ### Name: pattRrep.fit
> ### Title: Function to fit a pattern model for repeated rankings)
> ### Aliases: pattRrep.fit
> ### Keywords: models multivariate
> 
> ### ** Examples
> 
> # simulated data: 3 items, 2 timepoints
> dat1 <- simR(3, 100, c(.2, .7, .1))
> dat2 <- simR(3, 100, c(.5, .4, .1))
> dat  <- data.frame(dat1, dat2)
> res  <- pattLrep.fit(dat, nitems = 3, tpoints = 2, iaT = TRUE)
> res

Results of pattern model for repeated ratings 

Call:
pattLrep.fit(obj = dat, nitems = 3, tpoints = 2, iaT = TRUE) 

Deviance:  136.257 
log likelihood:  -241.0372 

no of iterations:  41  (Code: 1 )
Error in solve.default(obj$hessian) : 
  Lapack routine dgesv: system is exactly singular: U[6,6] = 0
Calls: <Anonymous> -> print.pattMod -> diag -> solve -> solve.default
Execution halted
** running examples for arch 'x64' ... OK
* DONE
Status: 1 ERROR
