* using log directory 'C:/Users/jeroen/Documents/checks/WikidataR.Rcheck'
* using R version 3.7.0 Under development (Testing Rtools) (2019-08-27 r77080)
* using platform: x86_64-w64-mingw32 (64-bit)
* using session charset: ISO8859-1
* using options '--no-manual --no-build-vignettes'
* checking for file 'WikidataR/DESCRIPTION' ... OK
* checking extension type ... Package
* this is package 'WikidataR' version '1.4.0'
* checking package namespace information ... OK
* checking package dependencies ... OK
* checking if this is a source package ... OK
* checking if there is a namespace ... OK
* checking for executable files ... OK
* checking for hidden files and directories ... OK
* checking for portable file names ... OK
* checking whether package 'WikidataR' can be installed ... OK
* checking installed package size ... OK
* checking package directory ... OK
* checking 'build' directory ... OK
* checking DESCRIPTION meta-information ... OK
* checking top-level files ... OK
* checking for left-over files ... OK
* checking index information ... OK
* checking package subdirectories ... OK
* checking R files for non-ASCII characters ... OK
* checking R files for syntax errors ... OK
* checking whether the package can be loaded ... OK
* checking whether the package can be loaded with stated dependencies ... OK
* checking whether the package can be unloaded cleanly ... OK
* checking whether the namespace can be loaded with stated dependencies ... OK
* checking whether the namespace can be unloaded cleanly ... OK
* checking loading without being on the library search path ... OK
* checking dependencies in R code ... NOTE
Namespace in Imports field not imported from: 'utils'
  All declared Imports should be used.
* checking S3 generic/method consistency ... OK
* checking replacement functions ... OK
* checking foreign function calls ... OK
* checking R code for possible problems ... OK
* checking Rd files ... OK
* checking Rd metadata ... OK
* checking Rd cross-references ... OK
* checking for missing documentation entries ... OK
* checking for code/documentation mismatches ... OK
* checking Rd \usage sections ... OK
* checking Rd contents ... OK
* checking for unstated dependencies in examples ... OK
* checking installed files from 'inst/doc' ... OK
* checking files in 'vignettes' ... OK
* checking examples ... ERROR
Running examples in 'WikidataR-Ex.R' failed
The error most likely occurred in:

> ### Name: extract_claims
> ### Title: Extract Claims from Returned Item Data
> ### Aliases: extract_claims
> 
> ### ** Examples
> 
> # Get item data
> adams_data <- get_item("42")
Error in curl::curl_fetch_memory(url, handle = handle) : 
  Timeout was reached: Connection timed out after 10008 milliseconds
Calls: get_item ... request_fetch -> request_fetch.write_memory -> <Anonymous>
Execution halted
* checking for unstated dependencies in 'tests' ... OK
* checking tests ... ERROR
  Running 'testthat.R'
Running the tests in 'tests/testthat.R' failed.
Last 13 lines of output:
  8: request_fetch(req$output, req$url, handle)
  9: request_fetch.write_memory(req$output, req$url, handle)
  10: curl::curl_fetch_memory(url, handle = handle)
  
  == testthat results  ===========================================================
  [ OK: 11 | SKIPPED: 0 | WARNINGS: 0 | FAILED: 6 ]
  1. Error: Simple entity-based geo lookups work (@test_geo.R#5) 
  2. Error: Language-variant entity-based geo lookups work (@test_geo.R#13) 
  3. Error: Radius restricted entity-based geo lookups work (@test_geo.R#21) 
  4. Error: multi-entity geo lookups work (@test_geo.R#29) 
  5. Error: Simple bounding lookups work (@test_geo.R#37) 
  6. Error: Language-variant bounding lookups work (@test_geo.R#44) 
  
  Error: testthat unit tests failed
  Execution halted
* checking for unstated dependencies in vignettes ... OK
* checking package vignettes in 'inst/doc' ... OK
* checking running R code from vignettes ... NONE
  'Introduction.Rmd'... OK
* checking re-building of vignette outputs ... SKIPPED
* DONE
Status: 2 ERRORs, 1 NOTE
