* using log directory 'C:/Users/Jeroen/Documents/checks/robustloggamma.Rcheck'
* using R version 3.6.0 Under development (Testing Rtools) (2019-03-14 r76238)
* using platform: x86_64-w64-mingw32 (64-bit)
* using session charset: ISO8859-1
* using options '--no-manual --no-build-vignettes'
* checking for file 'robustloggamma/DESCRIPTION' ... OK
* this is package 'robustloggamma' version '1.0-2'
* checking package namespace information ... OK
* checking package dependencies ... OK
* checking if this is a source package ... OK
* checking if there is a namespace ... OK
* checking for executable files ... OK
* checking for hidden files and directories ... OK
* checking for portable file names ... OK
* checking whether package 'robustloggamma' can be installed ... OK
* checking installed package size ... OK
* checking package directory ... OK
* checking DESCRIPTION meta-information ... OK
* checking top-level files ... OK
* checking for left-over files ... OK
* checking index information ... OK
* checking package subdirectories ... OK
* checking R files for non-ASCII characters ... OK
* checking R files for syntax errors ... OK
* loading checks for arch 'i386'
** checking whether the package can be loaded ... OK
** checking whether the package can be loaded with stated dependencies ... OK
** checking whether the package can be unloaded cleanly ... OK
** checking whether the namespace can be loaded with stated dependencies ... OK
** checking whether the namespace can be unloaded cleanly ... OK
** checking loading without being on the library search path ... OK
* loading checks for arch 'x64'
** checking whether the package can be loaded ... OK
** checking whether the package can be loaded with stated dependencies ... OK
** checking whether the package can be unloaded cleanly ... OK
** checking whether the namespace can be loaded with stated dependencies ... OK
** checking whether the namespace can be unloaded cleanly ... OK
** checking loading without being on the library search path ... OK
* checking dependencies in R code ... OK
* checking S3 generic/method consistency ... OK
* checking replacement functions ... OK
* checking foreign function calls ... OK
* checking R code for possible problems ... OK
* checking Rd files ... OK
* checking Rd metadata ... OK
* checking Rd cross-references ... OK
* checking for missing documentation entries ... OK
* checking for code/documentation mismatches ... OK
* checking Rd \usage sections ... OK
* checking Rd contents ... OK
* checking for unstated dependencies in examples ... OK
* checking contents of 'data' directory ... OK
* checking data for non-ASCII characters ... OK
* checking data for ASCII and uncompressed saves ... OK
* checking line endings in C/C++/Fortran sources/headers ... OK
* checking compiled code ... OK
* checking examples ...
** running examples for arch 'i386' ... OK
** running examples for arch 'x64' ... OK
* checking for unstated dependencies in 'tests' ... OK
* checking tests ...
** running tests for arch 'i386' ... ERROR
  Running 'MLcens-savedvalues.R'
  Running 'MLcensreg-savedvalues.R'
  Running 'MMnpcensreg-savedvalues.R'
  Running 'QTau-savedvalues.R'
  Running 'Snpcensreg-savedvalues.R'
  Running 'TQTau-savedvalues.R'
  Running 'TWQ-savedvalues.R'
  Running 'TWQTau-savedvalues.R'
  Running 'WL-savedvalues.R'
  Running 'WQTau-savedvalues.R'
  Running 'loggammacenslmrob.ML.R'
Running the tests in 'tests/loggammacenslmrob.ML.R' failed.
Last 13 lines of output:
  +   set.seed(2345)
  +   MLTest <- loggammacenslmrob(y~X, delta=delta, method="ML")
  +   MLTest$call <- NULL
  +   ML <- dget(file='MLcensreg-savedvalues.R')
  +   stopifnot(
  +     all.equal(MLTest, ML, tol = 2e-6)
  +   )
  + }
  Error in S.eq.Gauss(x, y, 1, delta, sk, control$sigma0, control$bb, betj[k,  : 
    NA/NaN/Inf in foreign function call (arg 11)
  Calls: loggammacenslmrob ... loggammacenslmrob.MM -> loggammacenslmrob.S -> S.eq.Gauss
  In addition: Warning message:
  In survreg.fit(X, Y, weights, offset, init = init, controlvals = control,  :
    Ran out of iterations and did not converge
  Execution halted
** running tests for arch 'x64' ... ERROR
  Running 'MLcens-savedvalues.R'
  Running 'MLcensreg-savedvalues.R'
  Running 'MMnpcensreg-savedvalues.R'
  Running 'QTau-savedvalues.R'
  Running 'Snpcensreg-savedvalues.R'
  Running 'TQTau-savedvalues.R'
  Running 'TWQ-savedvalues.R'
  Running 'TWQTau-savedvalues.R'
  Running 'WL-savedvalues.R'
  Running 'WQTau-savedvalues.R'
  Running 'loggammacenslmrob.ML.R'
Running the tests in 'tests/loggammacenslmrob.ML.R' failed.
Last 13 lines of output:
  +   MLTest$call <- NULL
  +   ML <- dget(file='MLcensreg-savedvalues.R')
  +   stopifnot(
  +     all.equal(MLTest, ML, tol = 2e-6)
  +   )
  + }
  Error: MLTest and ML are not equal:
    Component "mu": Mean relative difference: 1.324353e-05
    Component "coefficients": Mean relative difference: 4.916313e-06
    Component "sigma": Mean relative difference: 4.089282e-06
    ....
  In addition: Warning message:
  In survreg.fit(X, Y, weights, offset, init = init, controlvals = control,  :
    Ran out of iterations and did not converge
  Execution halted
* DONE
Status: 2 ERRORs
