* using log directory 'C:/Users/Jeroen/Documents/checks/EML.Rcheck'
* using R version 3.6.0 Under development (Testing Rtools) (2019-03-14 r76238)
* using platform: x86_64-w64-mingw32 (64-bit)
* using session charset: ISO8859-1
* using options '--no-manual --ignore-vignettes'
* checking for file 'EML/DESCRIPTION' ... OK
* checking extension type ... Package
* this is package 'EML' version '1.0.3'
* package encoding: UTF-8
* checking package namespace information ... OK
* checking package dependencies ... OK
* checking if this is a source package ... OK
* checking if there is a namespace ... OK
* checking for executable files ... OK
* checking for hidden files and directories ... OK
* checking for portable file names ... OK
* checking whether package 'EML' can be installed ... OK
* checking installed package size ... NOTE
  installed size is  8.2Mb
  sub-directories of 1Mb or more:
    R     1.8Mb
    xsd   5.4Mb
* checking package directory ... OK
* checking DESCRIPTION meta-information ... OK
* checking top-level files ... OK
* checking for left-over files ... OK
* checking index information ... OK
* checking package subdirectories ... OK
* checking R files for non-ASCII characters ... OK
* checking R files for syntax errors ... OK
* checking whether the package can be loaded ... OK
* checking whether the package can be loaded with stated dependencies ... OK
* checking whether the package can be unloaded cleanly ... OK
* checking whether the namespace can be loaded with stated dependencies ... OK
* checking whether the namespace can be unloaded cleanly ... OK
* checking loading without being on the library search path ... OK
* checking dependencies in R code ... OK
* checking S3 generic/method consistency ... OK
* checking replacement functions ... OK
* checking foreign function calls ... OK
* checking R code for possible problems ... OK
* checking Rd files ... OK
* checking Rd metadata ... OK
* checking Rd cross-references ... OK
* checking for missing documentation entries ... OK
* checking for code/documentation mismatches ... OK
* checking Rd \usage sections ... OK
* checking Rd contents ... OK
* checking for unstated dependencies in examples ... OK
* checking installed files from 'inst/doc' ... OK
* checking files in 'vignettes' ... SKIPPED
* checking examples ... OK
* checking for unstated dependencies in 'tests' ... OK
* checking tests ... ERROR
  Running 'testthat.R'
Running the tests in 'tests/testthat.R' failed.
Last 13 lines of output:
  18: as(set_TextType(methods_file), "description")
  19: .class1(object)
  20: set_TextType(methods_file)
  21: to_docbook(file)
  22: pandoc_convert(basename(file), to = "docbook", output = normalizePath(docbook_file, 
         winslash = "/", mustWork = FALSE), options = "-s")
  23: stop("pandoc document conversion failed with error ", result, call. = FALSE)
  
  == testthat results  ===========================================================
  OK: 78 SKIPPED: 5 FAILED: 2
  1. Error: We return TRUE when validating a valid just created eml object with latin1 encoding (@test-validation.R#75) 
  2. Error: We return TRUE when validating a valid just created eml object (@test-validation.R#89) 
  
  Error: testthat unit tests failed
  Execution halted
* DONE
Status: 1 ERROR, 1 NOTE
