* using log directory 'C:/Users/Jeroen/Documents/checks/funHDDC.Rcheck'
* using R version 3.6.0 Under development (Testing Rtools) (2019-03-14 r76238)
* using platform: x86_64-w64-mingw32 (64-bit)
* using session charset: ISO8859-1
* using options '--no-manual --no-build-vignettes'
* checking for file 'funHDDC/DESCRIPTION' ... OK
* checking extension type ... Package
* this is package 'funHDDC' version '2.2.0'
* package encoding: UTF-8
* checking package namespace information ... OK
* checking package dependencies ... OK
* checking if this is a source package ... OK
* checking if there is a namespace ... OK
* checking for executable files ... OK
* checking for hidden files and directories ... OK
* checking for portable file names ... OK
* checking whether package 'funHDDC' can be installed ... OK
* checking installed package size ... OK
* checking package directory ... OK
* checking 'build' directory ... OK
* checking DESCRIPTION meta-information ... OK
* checking top-level files ... OK
* checking for left-over files ... OK
* checking index information ... OK
* checking package subdirectories ... OK
* checking R files for non-ASCII characters ... OK
* checking R files for syntax errors ... OK
* checking whether the package can be loaded ... OK
* checking whether the package can be loaded with stated dependencies ... OK
* checking whether the package can be unloaded cleanly ... OK
* checking whether the namespace can be loaded with stated dependencies ... OK
* checking whether the namespace can be unloaded cleanly ... OK
* checking loading without being on the library search path ... OK
* checking dependencies in R code ... OK
* checking S3 generic/method consistency ... OK
* checking replacement functions ... OK
* checking foreign function calls ... OK
* checking R code for possible problems ... OK
* checking Rd files ... OK
* checking Rd metadata ... OK
* checking Rd cross-references ... OK
* checking for missing documentation entries ... OK
* checking for code/documentation mismatches ... OK
* checking Rd \usage sections ... OK
* checking Rd contents ... OK
* checking for unstated dependencies in examples ... OK
* checking contents of 'data' directory ... OK
* checking data for non-ASCII characters ... OK
* checking data for ASCII and uncompressed saves ... OK
* checking installed files from 'inst/doc' ... OK
* checking files in 'vignettes' ... OK
* checking examples ... ERROR
Running examples in 'funHDDC-Ex.R' failed
The error most likely occurred in:

> ### Name: predict.funHDDC
> ### Title: Predict new results from a funHDDC model
> ### Aliases: predict.funHDDC
> 
> ### ** Examples
> 
> ##Univariate example
>     data("trigo")
>     basis<- create.bspline.basis(c(0,1), nbasis=25)
>     z<-sample(1:100,0.8*100,replace=FALSE)
>     var1_train<-smooth.basis(argvals=seq(0,1,length.out = 100),y=t(trigo[z,1:100]),
+                              fdParobj=basis)$fd
>     var1_test<-smooth.basis(argvals=seq(0,1,length.out = 100),y=t(trigo[-z,1:100]),
+                             fdParobj=basis)$fd
> 
>     model<-funHDDC(var1_train,K=2)
      model K threshold complexity         BIC
1 AKJBKQKDK 2       0.2        103 -373,867.94

SELECTED: model  AKJBKQKDK  with  2  clusters.
Selection Criterion: BIC.
>     pred<-predict(model,var1_test)
> 
> ##Multivariate example
>     data("triangle")
>     basis<- create.bspline.basis(c(1,21), nbasis=25)
>     z<-sample(1:100,0.8*100,replace=FALSE)
>     var1_train<-smooth.basis(argvals=seq(1,21,length.out = 101),y=t(triangle[z,1:101]),
+                               fdParobj=basis)$fd
>     var1_test<-smooth.basis(argvals=seq(1,21,length.out = 101),y=t(triangle[-z,1:101]),
+                             fdParobj=basis)$fd
>     var2_train<-smooth.basis(argvals=seq(1,21,length.out = 101),y=t(triangle[z,102:202]),
+                             fdParobj=basis)$fd
>     var2_test<-smooth.basis(argvals=seq(1,21,length.out = 101),y=t(triangle[-z,102:202]),
+                             fdParobj=basis)$fd
> 
>     model<-funHDDC(list(var1_train,var2_train),K=3)
Warning in funHDDC(list(var1_train, var2_train), K = 3) :
  All models diverged.
>     pred<-predict(model,list(var1_test,var2_test))
Error in UseMethod("predict") : 
  no applicable method for 'predict' applied to an object of class "list"
Calls: predict
Execution halted
* checking for unstated dependencies in vignettes ... OK
* checking package vignettes in 'inst/doc' ... OK
* checking running R code from vignettes ... NONE
* checking re-building of vignette outputs ... SKIPPED
* DONE
Status: 1 ERROR
