* using log directory 'C:/Users/Jeroen/Documents/checks/furrr.Rcheck'
* using R version 3.7.0 Under development (Testing Rtools) (2019-08-10 r76951)
* using platform: x86_64-w64-mingw32 (64-bit)
* using session charset: ISO8859-1
* using options '--no-manual --no-build-vignettes'
* checking for file 'furrr/DESCRIPTION' ... OK
* this is package 'furrr' version '0.1.0'
* checking package namespace information ... OK
* checking package dependencies ... OK
* checking if this is a source package ... OK
* checking if there is a namespace ... OK
* checking for executable files ... OK
* checking for hidden files and directories ... OK
* checking for portable file names ... OK
* checking whether package 'furrr' can be installed ... OK
* checking installed package size ... OK
* checking package directory ... OK
* checking DESCRIPTION meta-information ... OK
* checking top-level files ... OK
* checking for left-over files ... OK
* checking index information ... OK
* checking package subdirectories ... OK
* checking R files for non-ASCII characters ... OK
* checking R files for syntax errors ... OK
* checking whether the package can be loaded ... OK
* checking whether the package can be loaded with stated dependencies ... OK
* checking whether the package can be unloaded cleanly ... OK
* checking whether the namespace can be loaded with stated dependencies ... OK
* checking whether the namespace can be unloaded cleanly ... OK
* checking loading without being on the library search path ... OK
* checking dependencies in R code ... OK
* checking S3 generic/method consistency ... OK
* checking replacement functions ... OK
* checking foreign function calls ... OK
* checking R code for possible problems ... OK
* checking Rd files ... OK
* checking Rd metadata ... OK
* checking Rd cross-references ... OK
* checking for missing documentation entries ... OK
* checking for code/documentation mismatches ... OK
* checking Rd \usage sections ... OK
* checking Rd contents ... OK
* checking for unstated dependencies in examples ... OK
* checking examples ... ERROR
Running examples in 'furrr-Ex.R' failed
The error most likely occurred in:

> ### Name: future_invoke_map
> ### Title: Invoke functions via futures
> ### Aliases: future_invoke_map future_invoke_map_chr future_invoke_map_dbl
> ###   future_invoke_map_int future_invoke_map_lgl future_invoke_map_dfr
> ###   future_invoke_map_dfc
> 
> ### ** Examples
> 
> 
> 
> df <- dplyr::tibble(
+   f = c("runif", "rpois", "rnorm"),
+   params = list(
+     list(n = 10),
+     list(n = 5, lambda = 10),
+     list(n = 10, mean = -3, sd = 10)
+   )
+ )
Error in loadNamespace(j <- i[[1L]], c(lib.loc, .libPaths()), versionCheck = vI[[j]]) : 
  there is no package called 'Rcpp'
Calls: :: ... loadNamespace -> withRestarts -> withOneRestart -> doWithOneRestart
Execution halted
* checking for unstated dependencies in 'tests' ... OK
* checking tests ... OK
  Running 'testthat.R'
* DONE
Status: 1 ERROR
