* using log directory 'C:/Users/Jeroen/Documents/checks/rerddap.Rcheck'
* using R version 3.7.0 Under development (Testing Rtools) (2019-06-25 r76738)
* using platform: x86_64-w64-mingw32 (64-bit)
* using session charset: ISO8859-1
* using options '--no-manual --no-build-vignettes'
* checking for file 'rerddap/DESCRIPTION' ... OK
* this is package 'rerddap' version '0.6.0'
* package encoding: UTF-8
* checking package namespace information ... OK
* checking package dependencies ... OK
* checking if this is a source package ... OK
* checking if there is a namespace ... OK
* checking for executable files ... OK
* checking for hidden files and directories ... OK
* checking for portable file names ... OK
* checking whether package 'rerddap' can be installed ... OK
* checking installed package size ... OK
* checking package directory ... OK
* checking 'build' directory ... OK
* checking DESCRIPTION meta-information ... OK
* checking top-level files ... OK
* checking for left-over files ... OK
* checking index information ... OK
* checking package subdirectories ... OK
* checking R files for non-ASCII characters ... OK
* checking R files for syntax errors ... OK
* checking whether the package can be loaded ... OK
* checking whether the package can be loaded with stated dependencies ... OK
* checking whether the package can be unloaded cleanly ... OK
* checking whether the namespace can be loaded with stated dependencies ... OK
* checking whether the namespace can be unloaded cleanly ... OK
* checking loading without being on the library search path ... OK
* checking dependencies in R code ... OK
* checking S3 generic/method consistency ... OK
* checking replacement functions ... OK
* checking foreign function calls ... OK
* checking R code for possible problems ... OK
* checking Rd files ... OK
* checking Rd metadata ... OK
* checking Rd cross-references ... OK
* checking for missing documentation entries ... OK
* checking for code/documentation mismatches ... OK
* checking Rd \usage sections ... OK
* checking Rd contents ... OK
* checking for unstated dependencies in examples ... OK
* checking contents of 'data' directory ... OK
* checking data for non-ASCII characters ... OK
* checking data for ASCII and uncompressed saves ... OK
* checking installed files from 'inst/doc' ... OK
* checking files in 'vignettes' ... OK
* checking examples ... OK
* checking for unstated dependencies in 'tests' ... OK
* checking tests ... ERROR
  Running 'test-all.R'
Running the tests in 'tests/test-all.R' failed.
Last 13 lines of output:
  > cache_setup(temp_dir = TRUE)
  [1] "C:\\rtools40\\tmp\\RtmpOKx7t1/R/rerddap"
  > 
  > test_check("rerddap")
  -- 1. Failure: tabledap fails well on common mistakes (@test-tabledap.R#70)  ---
  `tabledap("erdCinpKfmBT", fields = "bbbbb", store = memory())` threw an error with unexpected message.
  Expected match: "Unrecognized variable=\"bbbbb\""
  Actual message: "'Error {\n    code=400;\n    message=\"Bad Request: Query error: Unrecognized variable=\\\"bbbbb\\\".\";\n}\n' does not exist in current working directory ('C:/Users/Jeroen/Documents/checks/rerddap.Rcheck/tests/testthat')."
  
  == testthat results  ===========================================================
  OK: 67 SKIPPED: 16 WARNINGS: 0 FAILED: 1
  1. Failure: tabledap fails well on common mistakes (@test-tabledap.R#70) 
  
  Error: testthat unit tests failed
  Execution halted
* checking for unstated dependencies in vignettes ... OK
* checking package vignettes in 'inst/doc' ... OK
* checking running R code from vignettes ... NONE
  'Using_rerddap.Rmd' using 'UTF-8'... OK
  'rerddap_vignette.Rmd' using 'UTF-8'... OK
* checking re-building of vignette outputs ... SKIPPED
* DONE
Status: 1 ERROR
