* using log directory 'C:/Users/Jeroen/Documents/checks/nat.Rcheck'
* using R version 3.7.0 Under development (Testing Rtools) (2019-08-10 r76951)
* using platform: x86_64-w64-mingw32 (64-bit)
* using session charset: ISO8859-1
* using options '--no-manual --no-build-vignettes'
* checking for file 'nat/DESCRIPTION' ... OK
* checking extension type ... Package
* this is package 'nat' version '1.8.11'
* checking package namespace information ... OK
* checking package dependencies ... OK
* checking if this is a source package ... OK
* checking if there is a namespace ... OK
* checking for executable files ... OK
* checking for hidden files and directories ... OK
* checking for portable file names ... OK
* checking whether package 'nat' can be installed ... OK
* checking installed package size ... OK
* checking package directory ... OK
* checking 'build' directory ... OK
* checking DESCRIPTION meta-information ... OK
* checking top-level files ... OK
* checking for left-over files ... OK
* checking index information ... OK
* checking package subdirectories ... OK
* checking R files for non-ASCII characters ... OK
* checking R files for syntax errors ... OK
* checking whether the package can be loaded ... OK
* checking whether the package can be loaded with stated dependencies ... OK
* checking whether the package can be unloaded cleanly ... OK
* checking whether the namespace can be loaded with stated dependencies ... OK
* checking whether the namespace can be unloaded cleanly ... OK
* checking loading without being on the library search path ... OK
* checking dependencies in R code ... OK
* checking S3 generic/method consistency ... OK
* checking replacement functions ... OK
* checking foreign function calls ... OK
* checking R code for possible problems ... OK
* checking Rd files ... OK
* checking Rd metadata ... OK
* checking Rd cross-references ... OK
* checking for missing documentation entries ... OK
* checking for code/documentation mismatches ... OK
* checking Rd \usage sections ... OK
* checking Rd contents ... OK
* checking for unstated dependencies in examples ... OK
* checking contents of 'data' directory ... OK
* checking data for non-ASCII characters ... OK
* checking data for ASCII and uncompressed saves ... OK
* checking installed files from 'inst/doc' ... OK
* checking files in 'vignettes' ... OK
* checking examples ... OK
* checking for unstated dependencies in 'tests' ... OK
* checking tests ... ERROR
  Running 'test-all.R'
Running the tests in 'tests/test-all.R' failed.
Last 13 lines of output:
  y[1]: "f24c1252d17b6bd9898c7842f1ad9f5d"
  
    adding: testdata/neuron/testneuron_am3d.am (deflated 45%)
    adding: testdata/neuron/testneuron_lineset.am (deflated 69%)
    adding: DA1/EBH11R.swc (deflated 53%)
    adding: DA1/EBH20R.swc (deflated 54%)
    adding: DA1/EBI12L.swc (deflated 54%)
    adding: DL3/EBH20L.swc (deflated 54%)
    adding: DL3/EBI22R.swc (deflated 53%)
  == testthat results  ===========================================================
  [ OK: 793 | SKIPPED: 4 | WARNINGS: 0 | FAILED: 1 ]
  1. Failure: ndigest works for overloaded and regular classes (@test-ndigest.R#12) 
  
  Error: testthat unit tests failed
  Execution halted
* checking for unstated dependencies in vignettes ... OK
* checking package vignettes in 'inst/doc' ... OK
* checking running R code from vignettes ... NONE
  'Installation.Rmd' using 'UTF-8'... OK
  'neurons-intro.Rmd' using 'UTF-8'... OK
* checking re-building of vignette outputs ... SKIPPED
* DONE
Status: 1 ERROR
