* using log directory 'C:/Users/Jeroen/Documents/checks/PlackettLuce.Rcheck'
* using R version 3.7.0 Under development (Testing Rtools) (2019-07-30 r76907)
* using platform: x86_64-w64-mingw32 (64-bit)
* using session charset: ISO8859-1
* using options '--no-manual --no-build-vignettes'
* checking for file 'PlackettLuce/DESCRIPTION' ... OK
* checking extension type ... Package
* this is package 'PlackettLuce' version '0.2-6'
* package encoding: UTF-8
* checking package namespace information ... OK
* checking package dependencies ... OK
* checking if this is a source package ... OK
* checking if there is a namespace ... OK
* checking for executable files ... OK
* checking for hidden files and directories ... OK
* checking for portable file names ... OK
* checking whether package 'PlackettLuce' can be installed ... OK
* checking installed package size ... OK
* checking package directory ... OK
* checking 'build' directory ... OK
* checking DESCRIPTION meta-information ... OK
* checking top-level files ... OK
* checking for left-over files ... OK
* checking index information ... OK
* checking package subdirectories ... OK
* checking R files for non-ASCII characters ... OK
* checking R files for syntax errors ... OK
* checking whether the package can be loaded ... OK
* checking whether the package can be loaded with stated dependencies ... OK
* checking whether the package can be unloaded cleanly ... OK
* checking whether the namespace can be loaded with stated dependencies ... OK
* checking whether the namespace can be unloaded cleanly ... OK
* checking loading without being on the library search path ... OK
* checking dependencies in R code ... OK
* checking S3 generic/method consistency ... OK
* checking replacement functions ... OK
* checking foreign function calls ... OK
* checking R code for possible problems ... OK
* checking Rd files ... OK
* checking Rd metadata ... OK
* checking Rd cross-references ... OK
* checking for missing documentation entries ... OK
* checking for code/documentation mismatches ... OK
* checking Rd \usage sections ... OK
* checking Rd contents ... OK
* checking for unstated dependencies in examples ... OK
* checking contents of 'data' directory ... OK
* checking data for non-ASCII characters ... OK
* checking data for ASCII and uncompressed saves ... OK
* checking installed files from 'inst/doc' ... OK
* checking files in 'vignettes' ... OK
* checking examples ... ERROR
Running examples in 'PlackettLuce-Ex.R' failed
The error most likely occurred in:

> ### Name: choices
> ### Title: Choices Object
> ### Aliases: choices
> 
> ### ** Examples
> 
> R <- matrix(c(1, 2, 0, 0,
+               4, 1, 2, 3,
+               2, 1, 1, 1,
+               1, 2, 3, 0,
+               2, 1, 1, 0,
+               1, 0, 3, 2), nrow = 6, byrow = TRUE)
> colnames(R) <- c("apple", "banana", "orange", "pear")
> actual_choices <- choices(R, names = TRUE)
> coded_choices <- choices(R, names = FALSE)
> attr(coded_choices, "objects")
[1] "apple"  "banana" "orange" "pear"  
> 
> ## Coercion to tibble is straightforwards
> if (require(tibble)){
+     as.tibble(coded_choices)
+ }
Loading required package: tibble
Warning: `as.tibble()` is deprecated, use `as_tibble()` (but mind the new semantics).
This warning is displayed once per session.
Error: 'vec_dim' is not an exported object from 'namespace:vctrs'
Execution halted
* checking for unstated dependencies in 'tests' ... OK
* checking tests ... OK
  Running 'testthat.R'
* checking for unstated dependencies in vignettes ... OK
* checking package vignettes in 'inst/doc' ... OK
* checking running R code from vignettes ... NONE
  'Overview.Rmd' using 'UTF-8'... OK
* checking re-building of vignette outputs ... SKIPPED
* DONE
Status: 1 ERROR
