* using log directory 'C:/Users/Jeroen/Documents/checks/ijtiff.Rcheck'
* using R version 3.6.0 Under development (Testing Rtools) (2019-03-14 r76238)
* using platform: x86_64-w64-mingw32 (64-bit)
* using session charset: ISO8859-1
* using options '--no-manual --no-build-vignettes'
* checking for file 'ijtiff/DESCRIPTION' ... OK
* checking extension type ... Package
* this is package 'ijtiff' version '1.5.0'
* package encoding: UTF-8
* checking package namespace information ... OK
* checking package dependencies ... OK
* checking if this is a source package ... OK
* checking if there is a namespace ... OK
* checking for executable files ... OK
* checking for hidden files and directories ... OK
* checking for portable file names ... OK
* checking whether package 'ijtiff' can be installed ... OK
* checking installed package size ... NOTE
  installed size is  5.5Mb
  sub-directories of 1Mb or more:
    libs   3.8Mb
* checking package directory ... OK
* checking 'build' directory ... OK
* checking DESCRIPTION meta-information ... OK
* checking top-level files ... OK
* checking for left-over files ... OK
* checking index information ... OK
* checking package subdirectories ... OK
* checking R files for non-ASCII characters ... OK
* checking R files for syntax errors ... OK
* loading checks for arch 'i386'
** checking whether the package can be loaded ... OK
** checking whether the package can be loaded with stated dependencies ... OK
** checking whether the package can be unloaded cleanly ... OK
** checking whether the namespace can be loaded with stated dependencies ... OK
** checking whether the namespace can be unloaded cleanly ... OK
** checking loading without being on the library search path ... OK
* loading checks for arch 'x64'
** checking whether the package can be loaded ... OK
** checking whether the package can be loaded with stated dependencies ... OK
** checking whether the package can be unloaded cleanly ... OK
** checking whether the namespace can be loaded with stated dependencies ... OK
** checking whether the namespace can be unloaded cleanly ... OK
** checking loading without being on the library search path ... OK
* checking dependencies in R code ... OK
* checking S3 generic/method consistency ... OK
* checking replacement functions ... OK
* checking foreign function calls ... OK
* checking R code for possible problems ... OK
* checking Rd files ... OK
* checking Rd metadata ... OK
* checking Rd cross-references ... OK
* checking for missing documentation entries ... OK
* checking for code/documentation mismatches ... OK
* checking Rd \usage sections ... OK
* checking Rd contents ... OK
* checking for unstated dependencies in examples ... OK
* checking line endings in shell scripts ... OK
* checking line endings in C/C++/Fortran sources/headers ... OK
* checking line endings in Makefiles ... OK
* checking compilation flags in Makevars ... OK
* checking for GNU extensions in Makefiles ... OK
* checking for portable use of $(BLAS_LIBS) and $(LAPACK_LIBS) ... OK
* checking compiled code ... OK
* checking installed files from 'inst/doc' ... OK
* checking files in 'vignettes' ... OK
* checking examples ...
** running examples for arch 'i386' ... OK
** running examples for arch 'x64' ... OK
* checking for unstated dependencies in 'tests' ... OK
* checking tests ...
** running tests for arch 'i386' ... ERROR
  Running 'spelling.R'
  Running 'testthat.R'
Running the tests in 'tests/testthat.R' failed.
Last 13 lines of output:
  > library(testthat)
  > library(ijtiff)
  > 
  > test_check("ijtiff")
  -- 1. Failure: text-image-io works (@test_io.R#301)  ---------------------------
  `read_txt_img(tmpfl)` threw an error with unexpected message.
  Expected match: "`path` must be the path to a text file which is.+an array of.+numbers.* Column 2 of the text file at your `path`.+is not numeric."
  Actual message: "`path` must be the path to a text file which is an array of\nnumbers.\n    * Column 2 of the text file at your `path`\n      C:\\rtools40\\tmp\\Rtmp8wqOmX\\filee30630f24b0.txt is not\n      numeric."
  
  == testthat results  ===========================================================
  OK: 77 SKIPPED: 0 FAILED: 1
  1. Failure: text-image-io works (@test_io.R#301) 
  
  Error: testthat unit tests failed
  Execution halted
** running tests for arch 'x64' ... ERROR
  Running 'spelling.R'
  Running 'testthat.R'
Running the tests in 'tests/testthat.R' failed.
Last 13 lines of output:
  > library(testthat)
  > library(ijtiff)
  > 
  > test_check("ijtiff")
  -- 1. Failure: text-image-io works (@test_io.R#301)  ---------------------------
  `read_txt_img(tmpfl)` threw an error with unexpected message.
  Expected match: "`path` must be the path to a text file which is.+an array of.+numbers.* Column 2 of the text file at your `path`.+is not numeric."
  Actual message: "`path` must be the path to a text file which is an array of\nnumbers.\n    * Column 2 of the text file at your `path`\n      C:\\rtools40\\tmp\\Rtmpktb4Ev\\file12a818091de.txt is not\n      numeric."
  
  == testthat results  ===========================================================
  OK: 77 SKIPPED: 0 FAILED: 1
  1. Failure: text-image-io works (@test_io.R#301) 
  
  Error: testthat unit tests failed
  Execution halted
* checking for unstated dependencies in vignettes ... OK
* checking package vignettes in 'inst/doc' ... OK
* checking running R code from vignettes ... NONE
* checking re-building of vignette outputs ... SKIPPED
* DONE
Status: 2 ERRORs, 1 NOTE
