* using log directory 'C:/Users/Jeroen/Documents/checks/enviPat.Rcheck'
* using R version 3.6.0 Under development (Testing Rtools) (2019-03-14 r76238)
* using platform: x86_64-w64-mingw32 (64-bit)
* using session charset: ISO8859-1
* using options '--no-manual --no-build-vignettes'
* checking for file 'enviPat/DESCRIPTION' ... OK
* checking extension type ... Package
* this is package 'enviPat' version '2.2'
* checking package namespace information ... OK
* checking package dependencies ... OK
* checking if this is a source package ... OK
* checking if there is a namespace ... OK
* checking for executable files ... OK
* checking for hidden files and directories ... OK
* checking for portable file names ... OK
* checking whether package 'enviPat' can be installed ... WARNING
Found the following significant warnings:
  main.c:334:17: warning: 'strncpy' specified bound 10 equals destination size [-Wstringop-truncation]
  main.c:575:13: warning: 'strncpy' specified bound 10 equals destination size [-Wstringop-truncation]
  main.c:518:17: warning: 'strncpy' specified bound 10 equals destination size [-Wstringop-truncation]
  main.c:805:17: warning: 'strncpy' specified bound 10 equals destination size [-Wstringop-truncation]
  main.c:755:17: warning: 'strncpy' specified bound 10 equals destination size [-Wstringop-truncation]
  main.c:1034:17: warning: 'strncpy' specified bound 10 equals destination size [-Wstringop-truncation]
  main.c:983:17: warning: 'strncpy' specified bound 10 equals destination size [-Wstringop-truncation]
  main.c:1377:7: warning: 'strncpy' specified bound 10 equals destination size [-Wstringop-truncation]
  main.c:1279:13: warning: 'strncpy' specified bound 10 equals destination size [-Wstringop-truncation]
  main.c:1678:13: warning: 'strncpy' specified bound 10 equals destination size [-Wstringop-truncation]
  main.c:1962:13: warning: 'strncpy' specified bound 10 equals destination size [-Wstringop-truncation]
  main.c:1912:13: warning: 'strncpy' specified bound 10 equals destination size [-Wstringop-truncation]
  main.c:2316:7: warning: 'strncpy' specified bound 10 equals destination size [-Wstringop-truncation]
  main.c:2212:17: warning: 'strncpy' specified bound 10 equals destination size [-Wstringop-truncation]
See 'C:/Users/Jeroen/Documents/checks/enviPat.Rcheck/00install.out' for details.
* checking installed package size ... OK
* checking package directory ... OK
* checking DESCRIPTION meta-information ... OK
* checking top-level files ... OK
* checking for left-over files ... OK
* checking index information ... OK
* checking package subdirectories ... OK
* checking R files for non-ASCII characters ... OK
* checking R files for syntax errors ... OK
* loading checks for arch 'i386'
** checking whether the package can be loaded ... OK
** checking whether the package can be loaded with stated dependencies ... OK
** checking whether the package can be unloaded cleanly ... OK
** checking whether the namespace can be loaded with stated dependencies ... OK
** checking whether the namespace can be unloaded cleanly ... OK
** checking loading without being on the library search path ... OK
* loading checks for arch 'x64'
** checking whether the package can be loaded ... OK
** checking whether the package can be loaded with stated dependencies ... OK
** checking whether the package can be unloaded cleanly ... OK
** checking whether the namespace can be loaded with stated dependencies ... OK
** checking whether the namespace can be unloaded cleanly ... OK
** checking loading without being on the library search path ... OK
* checking dependencies in R code ... OK
* checking S3 generic/method consistency ... OK
* checking replacement functions ... OK
* checking foreign function calls ... OK
* checking R code for possible problems ... OK
* checking Rd files ... OK
* checking Rd metadata ... OK
* checking Rd cross-references ... OK
* checking for missing documentation entries ... OK
* checking for code/documentation mismatches ... OK
* checking Rd \usage sections ... OK
* checking Rd contents ... OK
* checking for unstated dependencies in examples ... OK
* checking contents of 'data' directory ... OK
* checking data for non-ASCII characters ... OK
* checking data for ASCII and uncompressed saves ... OK
* checking line endings in C/C++/Fortran sources/headers ... OK
* checking compiled code ... OK
* checking examples ...
** running examples for arch 'i386' ... OK
** running examples for arch 'x64' ... OK
* DONE
Status: 1 WARNING
