* using log directory 'C:/Users/Jeroen/Documents/checks/Rdsdp.Rcheck'
* using R version 3.6.0 Under development (Testing Rtools) (2019-03-14 r76238)
* using platform: x86_64-w64-mingw32 (64-bit)
* using session charset: ISO8859-1
* using options '--no-manual --no-build-vignettes'
* checking for file 'Rdsdp/DESCRIPTION' ... OK
* this is package 'Rdsdp' version '1.0.4-2'
* checking package namespace information ... OK
* checking package dependencies ... OK
* checking if this is a source package ... OK
* checking if there is a namespace ... OK
* checking for executable files ... OK
* checking for hidden files and directories ... OK
* checking for portable file names ... OK
* checking whether package 'Rdsdp' can be installed ... WARNING
Found the following significant warnings:
  Rreadsdpa.c:608:15: warning: 'strncpy' output may be truncated copying 3999 bytes from a string of length 3999 [-Wstringop-truncation]
  Rreadsdpa.c:1041:13: warning: 'strncpy' output may be truncated copying 39 bytes from a string of length 39 [-Wstringop-truncation]
  Rreadsdpa.c:1042:13: warning: 'strncpy' output may be truncated copying 39 bytes from a string of length 39 [-Wstringop-truncation]
  dsdpsetoptions.c:164:4: warning: 'strncpy' output may be truncated copying 39 bytes from a string of length 39 [-Wstringop-truncation]
  dsdpsetoptions.c:165:4: warning: 'strncpy' output may be truncated copying 39 bytes from a string of length 39 [-Wstringop-truncation]
See 'C:/Users/Jeroen/Documents/checks/Rdsdp.Rcheck/00install.out' for details.
* checking installed package size ... OK
* checking package directory ... OK
* checking DESCRIPTION meta-information ... OK
* checking top-level files ... OK
* checking for left-over files ... OK
* checking index information ... OK
* checking package subdirectories ... OK
* checking R files for non-ASCII characters ... OK
* checking R files for syntax errors ... OK
* loading checks for arch 'i386'
** checking whether the package can be loaded ... OK
** checking whether the package can be loaded with stated dependencies ... OK
** checking whether the package can be unloaded cleanly ... OK
** checking whether the namespace can be loaded with stated dependencies ... OK
** checking whether the namespace can be unloaded cleanly ... OK
** checking loading without being on the library search path ... OK
* loading checks for arch 'x64'
** checking whether the package can be loaded ... OK
** checking whether the package can be loaded with stated dependencies ... OK
** checking whether the package can be unloaded cleanly ... OK
** checking whether the namespace can be loaded with stated dependencies ... OK
** checking whether the namespace can be unloaded cleanly ... OK
** checking loading without being on the library search path ... OK
* checking dependencies in R code ... OK
* checking S3 generic/method consistency ... OK
* checking replacement functions ... OK
* checking foreign function calls ... OK
* checking R code for possible problems ... OK
* checking Rd files ... OK
* checking Rd metadata ... OK
* checking Rd cross-references ... OK
* checking for missing documentation entries ... OK
* checking for code/documentation mismatches ... OK
* checking Rd \usage sections ... OK
* checking Rd contents ... OK
* checking for unstated dependencies in examples ... OK
* checking line endings in shell scripts ... OK
* checking line endings in C/C++/Fortran sources/headers ... OK
* checking line endings in Makefiles ... OK
* checking compilation flags in Makevars ... OK
* checking for GNU extensions in Makefiles ... OK
* checking for portable use of $(BLAS_LIBS) and $(LAPACK_LIBS) ... OK
* checking include directives in Makefiles ... OK
* checking compiled code ... OK
* checking examples ...
** running examples for arch 'i386' ... OK
** running examples for arch 'x64' ... OK
* checking for unstated dependencies in 'tests' ... OK
* checking tests ...
** running tests for arch 'i386' ... OK
  Running 'test1.R'
  Running 'test2.R'
  Running 'test3.R'
** running tests for arch 'x64' ... OK
  Running 'test1.R'
  Running 'test2.R'
  Running 'test3.R'
* DONE
Status: 1 WARNING
