* using log directory 'C:/Users/jeroen/Documents/checks/runjags.Rcheck'
* using R version 3.7.0 Under development (Testing Rtools) (2019-08-27 r77080)
* using platform: x86_64-w64-mingw32 (64-bit)
* using session charset: ISO8859-1
* checking for file 'runjags/DESCRIPTION' ... OK
* this is package 'runjags' version '2.0.4-4'
* checking package namespace information ... OK
* checking package dependencies ... NOTE
Package suggested but not available for checking: 'modeest'
* checking if this is a source package ... OK
* checking if there is a namespace ... OK
* checking for executable files ... OK
* checking for hidden files and directories ... OK
* checking for portable file names ... OK
* checking whether package 'runjags' can be installed ... OK
* checking installed package size ... OK
* checking package directory ... OK
* checking 'build' directory ... OK
* checking DESCRIPTION meta-information ... OK
* checking top-level files ... OK
* checking for left-over files ... OK
* checking index information ... OK
* checking package subdirectories ... OK
* checking R files for non-ASCII characters ... OK
* checking R files for syntax errors ... OK
* loading checks for arch 'i386'
** checking whether the package can be loaded ... OK
** checking whether the package can be loaded with stated dependencies ... OK
** checking whether the package can be unloaded cleanly ... OK
** checking whether the namespace can be loaded with stated dependencies ... OK
** checking whether the namespace can be unloaded cleanly ... OK
* loading checks for arch 'x64'
** checking whether the package can be loaded ... OK
** checking whether the package can be loaded with stated dependencies ... OK
** checking whether the package can be unloaded cleanly ... OK
** checking whether the namespace can be loaded with stated dependencies ... OK
** checking whether the namespace can be unloaded cleanly ... OK
* checking dependencies in R code ... OK
* checking S3 generic/method consistency ... OK
* checking replacement functions ... OK
* checking foreign function calls ... OK
* checking R code for possible problems ... OK
* checking Rd files ... OK
* checking Rd metadata ... OK
* checking Rd cross-references ... NOTE
Package unavailable to check Rd xrefs: 'modeest'
* checking for missing documentation entries ... OK
* checking for code/documentation mismatches ... OK
* checking Rd \usage sections ... OK
* checking Rd contents ... OK
* checking for unstated dependencies in examples ... OK
* checking line endings in shell scripts ... OK
* checking line endings in C/C++/Fortran sources/headers ... OK
* checking line endings in Makefiles ... OK
* checking compilation flags in Makevars ... OK
* checking for GNU extensions in Makefiles ... OK
* checking for portable use of $(BLAS_LIBS) and $(LAPACK_LIBS) ... OK
* checking use of PKG_*FLAGS in Makefiles ... OK
* checking compiled code ... OK
* checking sizes of PDF files under 'inst/doc' ... OK
* checking installed files from 'inst/doc' ... OK
* checking files in 'vignettes' ... OK
* checking examples ...
** running examples for arch 'i386' ... ERROR
Running examples in 'runjags-Ex.R' failed
The error most likely occurred in:

> ### Name: runjags-class
> ### Title: The runjags class and available S3 methods
> ### Aliases: as.jags as.jags.runjags as.mcmc.list.runjags as.mcmc.runjags
> ###   as.runjags as.runjags.jags cleanup.JAGS cleanup.jags failed.JAGS
> ###   failed.jags failedjags fitted.runjags is.runjags predict.runjags
> ###   residuals.runjags runjags-class runjagsclass runjagsstudy-class
> ###   runjagsstudyclass
> ### Keywords: models
> 
> ### ** Examples
> 
> if(require('rjags')){
+ # Coercion between jags and runjags objects (requires loading the rjags package):
+ data(LINE)
+ jags.model <- LINE
+ runjags.model <- as.runjags(jags.model, monitor=c('alpha','beta'))
+ runjags.model <- extend.jags(runjags.model, method='interruptible')
+ jags.model <- as.jags(runjags.model)
+ # Coercion to MCMC (requires loading the coda package):
+ library('coda')
+ mcmc <- as.mcmc.list(runjags.model)
+ summary(mcmc)
+ }
Loading required package: rjags
Loading required package: coda
Linked to JAGS 4.3.0
Loaded modules: basemod,bugs,runjags
Warning in if (file.exists(paste(jags, "bin", .Platform$file.sep, "jags-terminal.exe",  :
  the condition has length > 1 and only the first element will be used
Warning in if (file.exists(paste(jags, .Platform$file.sep, "bin", .Platform$file.sep,  :
  the condition has length > 1 and only the first element will be used
Warning in if (file.exists(paste(jags, "jags-terminal.exe", sep = ""))) jags <- paste(jags,  :
  the condition has length > 1 and only the first element will be used
Warning in if (file.exists(paste(jags, .Platform$file.sep, "jags-terminal.exe",  :
  the condition has length > 1 and only the first element will be used
Warning in if (jags == "JAGS not found") jags <- "findjags()" :
  the condition has length > 1 and only the first element will be used
Warning in system2(jags, stdout = TRUE, stderr = TRUE, stdin = "script.cmd",  :
  running command '"C:/Program Files/JAGS/JAGS-4.3.0/i386/bin/jags-terminal.exe" "C:/rtools40/mingw64/bin/jags"' had status 1
Welcome to JAGS 4.3.0 on Sat Aug 31 12:02:22 2019
JAGS is free software and comes with ABSOLUTELY NO WARRANTY
Loading module: basemod: ok
Loading module: bugs: ok
syntax error, unexpected NAME
Error in setup.jags(model = model, monitor = monitor, data = data, n.chains = length(end.state),  : 
  Error reading modules or factories (see output above for more details)
Calls: as.runjags -> as.runjags.jags -> setup.jags
Execution halted
** running examples for arch 'x64' ... ERROR
Running examples in 'runjags-Ex.R' failed
The error most likely occurred in:

> ### Name: runjags-class
> ### Title: The runjags class and available S3 methods
> ### Aliases: as.jags as.jags.runjags as.mcmc.list.runjags as.mcmc.runjags
> ###   as.runjags as.runjags.jags cleanup.JAGS cleanup.jags failed.JAGS
> ###   failed.jags failedjags fitted.runjags is.runjags predict.runjags
> ###   residuals.runjags runjags-class runjagsclass runjagsstudy-class
> ###   runjagsstudyclass
> ### Keywords: models
> 
> ### ** Examples
> 
> if(require('rjags')){
+ # Coercion between jags and runjags objects (requires loading the rjags package):
+ data(LINE)
+ jags.model <- LINE
+ runjags.model <- as.runjags(jags.model, monitor=c('alpha','beta'))
+ runjags.model <- extend.jags(runjags.model, method='interruptible')
+ jags.model <- as.jags(runjags.model)
+ # Coercion to MCMC (requires loading the coda package):
+ library('coda')
+ mcmc <- as.mcmc.list(runjags.model)
+ summary(mcmc)
+ }
Loading required package: rjags
Loading required package: coda
Linked to JAGS 4.3.0
Loaded modules: basemod,bugs,runjags
Warning in if (file.exists(paste(jags, "bin", .Platform$file.sep, "jags-terminal.exe",  :
  the condition has length > 1 and only the first element will be used
Warning in if (file.exists(paste(jags, .Platform$file.sep, "bin", .Platform$file.sep,  :
  the condition has length > 1 and only the first element will be used
Warning in if (file.exists(paste(jags, "jags-terminal.exe", sep = ""))) jags <- paste(jags,  :
  the condition has length > 1 and only the first element will be used
Warning in if (file.exists(paste(jags, .Platform$file.sep, "jags-terminal.exe",  :
  the condition has length > 1 and only the first element will be used
Warning in if (jags == "JAGS not found") jags <- "findjags()" :
  the condition has length > 1 and only the first element will be used
Warning in system2(jags, stdout = TRUE, stderr = TRUE, stdin = "script.cmd",  :
  running command '"C:/Program Files/JAGS/JAGS-4.3.0/x64/bin/jags-terminal.exe" "C:/rtools40/mingw64/bin/jags"' had status 1
Welcome to JAGS 4.3.0 on Sat Aug 31 12:02:34 2019
JAGS is free software and comes with ABSOLUTELY NO WARRANTY
Loading module: basemod: ok
Loading module: bugs: ok
syntax error, unexpected NAME
Error in setup.jags(model = model, monitor = monitor, data = data, n.chains = length(end.state),  : 
  Error reading modules or factories (see output above for more details)
Calls: as.runjags -> as.runjags.jags -> setup.jags
Execution halted
* checking for unstated dependencies in 'tests' ... OK
* checking tests ...
** running tests for arch 'i386' ... OK
  Running 'checkinputs.R'
  Running 'checkmethods.R'
  Running 'checkmodule.R'
  Running 'checkstudy.R'
** running tests for arch 'x64' ... OK
  Running 'checkinputs.R'
  Running 'checkmethods.R'
  Running 'checkmodule.R'
  Running 'checkstudy.R'
* checking for unstated dependencies in vignettes ... OK
* checking package vignettes in 'inst/doc' ... OK
* checking running R code from vignettes ... NONE
  'quickjags.Rmd'... OK
  'UserGuide.Rtex' using 'UTF-8'... OK
* checking re-building of vignette outputs ... OK
* checking PDF version of manual ... OK
* DONE
Status: 2 ERRORs, 2 NOTEs
