* installing *source* package 'gdtools' ...
** package 'gdtools' successfully unpacked and MD5 sums checked
** using staged installation
** libs

*** arch - i386
"C:/Progra~1/R/R-testing/bin/i386/Rscript.exe" "../tools/winlibs.R" 1.15.10
/mingw32/bin/g++  -I"C:/Progra~1/R/R-testing/include" -DNDEBUG -I../windows/cairo-1.15.10/include/cairo -I../windows/cairo-1.15.10/include -I../windows/cairo-1.15.10/include/freetype2 -I../inst/include -I"C:/R/library/Rcpp/include"        -O2 -Wall  -mtune=generic -c CairoContext.cpp -o CairoContext.o
/mingw32/bin/g++  -I"C:/Progra~1/R/R-testing/include" -DNDEBUG -I../windows/cairo-1.15.10/include/cairo -I../windows/cairo-1.15.10/include -I../windows/cairo-1.15.10/include/freetype2 -I../inst/include -I"C:/R/library/Rcpp/include"        -O2 -Wall  -mtune=generic -c RcppExports.cpp -o RcppExports.o
In file included from C:/R/library/Rcpp/include/Rcpp/r/headers.h:61,
                 from C:/R/library/Rcpp/include/RcppCommon.h:29,
                 from ../inst/include/gdtools_types.h:4,
                 from ../inst/include/gdtools_RcppExports.h:7,
                 from ../inst/include/gdtools.h:7,
                 from RcppExports.cpp:4:
RcppExports.cpp: In function 'SEXPREC* _gdtools_context_create_try()':
C:/R/library/Rcpp/include/Rcpp/macros/macros.h:32:9: warning: unused variable 'nprot' [-Wunused-variable]
     int nprot = 0;                                                                               \
         ^~~~~
RcppExports.cpp:78:1: note: in expansion of macro 'BEGIN_RCPP'
 BEGIN_RCPP
 ^~~~~~~~~~
C:/R/library/Rcpp/include/Rcpp/macros/macros.h:36:17: warning: unused variable 'stop_sym' [-Wunused-variable]
     static SEXP stop_sym = Rf_install("stop");                                                   \
                 ^~~~~~~~
RcppExports.cpp:78:1: note: in expansion of macro 'BEGIN_RCPP'
 BEGIN_RCPP
 ^~~~~~~~~~
RcppExports.cpp: In function 'SEXPREC* _gdtools_context_set_font_try(SEXP, SEXP, SEXP, SEXP, SEXP, SEXP)':
C:/R/library/Rcpp/include/Rcpp/macros/macros.h:32:9: warning: unused variable 'nprot' [-Wunused-variable]
     int nprot = 0;                                                                               \
         ^~~~~
RcppExports.cpp:111:1: note: in expansion of macro 'BEGIN_RCPP'
 BEGIN_RCPP
 ^~~~~~~~~~
C:/R/library/Rcpp/include/Rcpp/macros/macros.h:36:17: warning: unused variable 'stop_sym' [-Wunused-variable]
     static SEXP stop_sym = Rf_install("stop");                                                   \
                 ^~~~~~~~
RcppExports.cpp:111:1: note: in expansion of macro 'BEGIN_RCPP'
 BEGIN_RCPP
 ^~~~~~~~~~
RcppExports.cpp: In function 'SEXPREC* _gdtools_context_extents_try(SEXP, SEXP)':
C:/R/library/Rcpp/include/Rcpp/macros/macros.h:32:9: warning: unused variable 'nprot' [-Wunused-variable]
     int nprot = 0;                                                                               \
         ^~~~~
RcppExports.cpp:150:1: note: in expansion of macro 'BEGIN_RCPP'
 BEGIN_RCPP
 ^~~~~~~~~~
C:/R/library/Rcpp/include/Rcpp/macros/macros.h:36:17: warning: unused variable 'stop_sym' [-Wunused-variable]
     static SEXP stop_sym = Rf_install("stop");                                                   \
                 ^~~~~~~~
RcppExports.cpp:150:1: note: in expansion of macro 'BEGIN_RCPP'
 BEGIN_RCPP
 ^~~~~~~~~~
RcppExports.cpp: In function 'SEXPREC* _gdtools_raster_to_str_try(SEXP, SEXP, SEXP, SEXP, SEXP, SEXP)':
C:/R/library/Rcpp/include/Rcpp/macros/macros.h:32:9: warning: unused variable 'nprot' [-Wunused-variable]
     int nprot = 0;                                                                               \
         ^~~~~
RcppExports.cpp:185:1: note: in expansion of macro 'BEGIN_RCPP'
 BEGIN_RCPP
 ^~~~~~~~~~
C:/R/library/Rcpp/include/Rcpp/macros/macros.h:36:17: warning: unused variable 'stop_sym' [-Wunused-variable]
     static SEXP stop_sym = Rf_install("stop");                                                   \
                 ^~~~~~~~
RcppExports.cpp:185:1: note: in expansion of macro 'BEGIN_RCPP'
 BEGIN_RCPP
 ^~~~~~~~~~
RcppExports.cpp: In function 'SEXPREC* _gdtools_raster_to_file_try(SEXP, SEXP, SEXP, SEXP, SEXP, SEXP, SEXP)':
C:/R/library/Rcpp/include/Rcpp/macros/macros.h:32:9: warning: unused variable 'nprot' [-Wunused-variable]
     int nprot = 0;                                                                               \
         ^~~~~
RcppExports.cpp:224:1: note: in expansion of macro 'BEGIN_RCPP'
 BEGIN_RCPP
 ^~~~~~~~~~
C:/R/library/Rcpp/include/Rcpp/macros/macros.h:36:17: warning: unused variable 'stop_sym' [-Wunused-variable]
     static SEXP stop_sym = Rf_install("stop");                                                   \
                 ^~~~~~~~
RcppExports.cpp:224:1: note: in expansion of macro 'BEGIN_RCPP'
 BEGIN_RCPP
 ^~~~~~~~~~
RcppExports.cpp: In function 'SEXPREC* _gdtools_raster_png__try(SEXP, SEXP, SEXP, SEXP, SEXP, SEXP, SEXP)':
C:/R/library/Rcpp/include/Rcpp/macros/macros.h:32:9: warning: unused variable 'nprot' [-Wunused-variable]
     int nprot = 0;                                                                               \
         ^~~~~
RcppExports.cpp:264:1: note: in expansion of macro 'BEGIN_RCPP'
 BEGIN_RCPP
 ^~~~~~~~~~
C:/R/library/Rcpp/include/Rcpp/macros/macros.h:36:17: warning: unused variable 'stop_sym' [-Wunused-variable]
     static SEXP stop_sym = Rf_install("stop");                                                   \
                 ^~~~~~~~
RcppExports.cpp:264:1: note: in expansion of macro 'BEGIN_RCPP'
 BEGIN_RCPP
 ^~~~~~~~~~
RcppExports.cpp: In function 'SEXPREC* _gdtools_base64_raster_encode_try(SEXP, SEXP, SEXP, SEXP, SEXP, SEXP)':
C:/R/library/Rcpp/include/Rcpp/macros/macros.h:32:9: warning: unused variable 'nprot' [-Wunused-variable]
     int nprot = 0;                                                                               \
         ^~~~~
RcppExports.cpp:304:1: note: in expansion of macro 'BEGIN_RCPP'
 BEGIN_RCPP
 ^~~~~~~~~~
C:/R/library/Rcpp/include/Rcpp/macros/macros.h:36:17: warning: unused variable 'stop_sym' [-Wunused-variable]
     static SEXP stop_sym = Rf_install("stop");                                                   \
                 ^~~~~~~~
RcppExports.cpp:304:1: note: in expansion of macro 'BEGIN_RCPP'
 BEGIN_RCPP
 ^~~~~~~~~~
RcppExports.cpp: In function 'SEXPREC* _gdtools_base64_file_encode_try(SEXP)':
C:/R/library/Rcpp/include/Rcpp/macros/macros.h:32:9: warning: unused variable 'nprot' [-Wunused-variable]
     int nprot = 0;                                                                               \
         ^~~~~
RcppExports.cpp:343:1: note: in expansion of macro 'BEGIN_RCPP'
 BEGIN_RCPP
 ^~~~~~~~~~
C:/R/library/Rcpp/include/Rcpp/macros/macros.h:36:17: warning: unused variable 'stop_sym' [-Wunused-variable]
     static SEXP stop_sym = Rf_install("stop");                                                   \
                 ^~~~~~~~
RcppExports.cpp:343:1: note: in expansion of macro 'BEGIN_RCPP'
 BEGIN_RCPP
 ^~~~~~~~~~
RcppExports.cpp: In function 'SEXPREC* _gdtools_base64_string_encode_try(SEXP)':
C:/R/library/Rcpp/include/Rcpp/macros/macros.h:32:9: warning: unused variable 'nprot' [-Wunused-variable]
     int nprot = 0;                                                                               \
         ^~~~~
RcppExports.cpp:377:1: note: in expansion of macro 'BEGIN_RCPP'
 BEGIN_RCPP
 ^~~~~~~~~~
C:/R/library/Rcpp/include/Rcpp/macros/macros.h:36:17: warning: unused variable 'stop_sym' [-Wunused-variable]
     static SEXP stop_sym = Rf_install("stop");                                                   \
                 ^~~~~~~~
RcppExports.cpp:377:1: note: in expansion of macro 'BEGIN_RCPP'
 BEGIN_RCPP
 ^~~~~~~~~~
/mingw32/bin/g++  -I"C:/Progra~1/R/R-testing/include" -DNDEBUG -I../windows/cairo-1.15.10/include/cairo -I../windows/cairo-1.15.10/include -I../windows/cairo-1.15.10/include/freetype2 -I../inst/include -I"C:/R/library/Rcpp/include"        -O2 -Wall  -mtune=generic -c font_metrics.cpp -o font_metrics.o
/mingw32/bin/g++  -I"C:/Progra~1/R/R-testing/include" -DNDEBUG -I../windows/cairo-1.15.10/include/cairo -I../windows/cairo-1.15.10/include -I../windows/cairo-1.15.10/include/freetype2 -I../inst/include -I"C:/R/library/Rcpp/include"        -O2 -Wall  -mtune=generic -c gdtools.cpp -o gdtools.o
/mingw32/bin/g++  -I"C:/Progra~1/R/R-testing/include" -DNDEBUG -I../windows/cairo-1.15.10/include/cairo -I../windows/cairo-1.15.10/include -I../windows/cairo-1.15.10/include/freetype2 -I../inst/include -I"C:/R/library/Rcpp/include"        -O2 -Wall  -mtune=generic -c raster_to_base64.cpp -o raster_to_base64.o
/mingw32/bin/g++  -I"C:/Progra~1/R/R-testing/include" -DNDEBUG -I../windows/cairo-1.15.10/include/cairo -I../windows/cairo-1.15.10/include -I../windows/cairo-1.15.10/include/freetype2 -I../inst/include -I"C:/R/library/Rcpp/include"        -O2 -Wall  -mtune=generic -c sys_fonts.cpp -o sys_fonts.o
sys_fonts.cpp: In function 'Rcpp::DataFrame sys_fonts_()':
sys_fonts.cpp:8:10: warning: variable 'result' set but not used [-Wunused-but-set-variable]
   FcBool result;
          ^~~~~~
/mingw32/bin/g++  -I"C:/Progra~1/R/R-testing/include" -DNDEBUG -I../windows/cairo-1.15.10/include/cairo -I../windows/cairo-1.15.10/include -I../windows/cairo-1.15.10/include/freetype2 -I../inst/include -I"C:/R/library/Rcpp/include"        -O2 -Wall  -mtune=generic -c versions.cpp -o versions.o
/mingw32/bin/g++ -shared -s -static-libgcc -o gdtools.dll tmp.def CairoContext.o RcppExports.o font_metrics.o gdtools.o raster_to_base64.o sys_fonts.o versions.o -L../windows/cairo-1.15.10/lib/i386 -lcairo -lfontconfig -lfreetype -lpng -lpixman-1 -lexpat -lharfbuzz -lbz2 -lintl -lz -lgdi32 -LC:/Progra~1/R/R-testing/bin/i386 -lR
C:/rtools40/mingw32/bin/../lib/gcc/i686-w64-mingw32/8.3.0/../../../../i686-w64-mingw32/bin/ld.exe: ../windows/cairo-1.15.10/lib/i386/libintl.a(dcigettext.o):(.text+0x409): undefined reference to `libiconv'
C:/rtools40/mingw32/bin/../lib/gcc/i686-w64-mingw32/8.3.0/../../../../i686-w64-mingw32/bin/ld.exe: ../windows/cairo-1.15.10/lib/i386/libintl.a(dcigettext.o):(.text+0x897): undefined reference to `libiconv_open'
C:/rtools40/mingw32/bin/../lib/gcc/i686-w64-mingw32/8.3.0/../../../../i686-w64-mingw32/bin/ld.exe: ../windows/cairo-1.15.10/lib/i386/libintl.a(dcigettext.o):(.text+0xa0e): undefined reference to `libiconv_open'
C:/rtools40/mingw32/bin/../lib/gcc/i686-w64-mingw32/8.3.0/../../../../i686-w64-mingw32/bin/ld.exe: ../windows/cairo-1.15.10/lib/i386/libintl.a(relocatable.o):(.text+0x4b): undefined reference to `libiconv_set_relocation_prefix'
collect2.exe: error: ld returned 1 exit status
no DLL was created
ERROR: compilation failed for package 'gdtools'
* removing 'C:/Users/Jeroen/Documents/checks/gdtools.Rcheck/gdtools'
