* using log directory 'C:/Users/jeroen/Documents/checks/antaresProcessing.Rcheck'
* using R version 4.0.0 Under development (Testing Rtools) (2019-10-01 r77242)
* using platform: x86_64-w64-mingw32 (64-bit)
* using session charset: ISO8859-1
* using options '--no-manual --no-build-vignettes'
* checking for file 'antaresProcessing/DESCRIPTION' ... OK
* checking extension type ... Package
* this is package 'antaresProcessing' version '0.17.0'
* package encoding: UTF-8
* checking package namespace information ... OK
* checking package dependencies ... NOTE
Package suggested but not available for checking: 'rhdf5'
* checking if this is a source package ... OK
* checking if there is a namespace ... OK
* checking for executable files ... OK
* checking for hidden files and directories ... OK
* checking for portable file names ... OK
* checking whether package 'antaresProcessing' can be installed ... OK
* checking installed package size ... OK
* checking package directory ... OK
* checking 'build' directory ... OK
* checking DESCRIPTION meta-information ... OK
* checking top-level files ... OK
* checking for left-over files ... OK
* checking index information ... OK
* checking package subdirectories ... OK
* checking R files for non-ASCII characters ... OK
* checking R files for syntax errors ... OK
* checking whether the package can be loaded ... OK
* checking whether the package can be loaded with stated dependencies ... OK
* checking whether the package can be unloaded cleanly ... OK
* checking whether the namespace can be loaded with stated dependencies ... OK
* checking whether the namespace can be unloaded cleanly ... OK
* checking loading without being on the library search path ... OK
* checking dependencies in R code ... OK
* checking S3 generic/method consistency ... OK
* checking replacement functions ... OK
* checking foreign function calls ... OK
* checking R code for possible problems ... OK
* checking Rd files ... OK
* checking Rd metadata ... OK
* checking Rd cross-references ... OK
* checking for missing documentation entries ... OK
* checking for code/documentation mismatches ... OK
* checking Rd \usage sections ... OK
* checking Rd contents ... OK
* checking for unstated dependencies in examples ... OK
* checking installed files from 'inst/doc' ... OK
* checking files in 'vignettes' ... OK
* checking examples ... OK
* checking for unstated dependencies in 'tests' ... OK
* checking tests ... ERROR
  Running 'testthat.R'
Running the tests in 'tests/testthat.R' failed.
Last 13 lines of output:
  == testthat results  ===========================================================
  [ OK: 380 | SKIPPED: 0 | WARNINGS: 0 | FAILED: 25 ]
  1. Error: h5 : processing correctBalance when mcYear is set to NULL (@test-correctBalance.R#72) 
  2. Error: h5 : processing correctBalance when mcYear is set to 1 (@test-correctBalance.R#108) 
  3. Error: h5 : processing correctBalance when mcYear is set to 1 for weekly or monthly data (@test-correctBalance.R#146) 
  4. Error: h5 : processing correctBalance when mcYear is set to 1 for monthly data on districts (@test-correctBalance.R#227) 
  5. Error: h5 : processing correctBalance with addProcessingH5 (@test-correctBalance.R#273) 
  6. Error: h5 : processing, write results (@test-h5_processing.R#4) 
  7. Error: h5 : processing, write results mcAll (@test-h5_processing.R#30) 
  8. Error: h5 : all data (@test-h5_processing.R#56) 
  9. Error: h5 : processing calc by user (@test-h5_processing.R#72) 
  1. ...
  
  Error: testthat unit tests failed
  Execution halted
* checking for unstated dependencies in vignettes ... OK
* checking package vignettes in 'inst/doc' ... OK
* checking running R code from vignettes ... NONE
  'antaresProcessing.Rmd' using 'UTF-8'... OK
* checking re-building of vignette outputs ... SKIPPED
* DONE
Status: 1 ERROR, 1 NOTE
