* installing *source* package 'PerfMeas' ...
** package 'PerfMeas' successfully unpacked and MD5 sums checked
** using staged installation
** libs

*** arch - i386
/mingw32/bin/gcc  -I"C:/Progra~1/R/R-testing/include" -DNDEBUG          -O2 -Wall  -std=gnu99 -mtune=generic -c PerfMeas.c -o PerfMeas.o
/mingw32/bin/gcc -shared -s -static-libgcc -o PerfMeas.dll tmp.def PerfMeas.o -LC:/Progra~1/R/R-testing/bin/i386 -lR
installing to C:/Users/Jeroen/Documents/checks/PerfMeas.Rcheck/00LOCK-PerfMeas/00new/PerfMeas/libs/i386

*** arch - x64
/mingw64/bin/gcc  -I"C:/Progra~1/R/R-testing/include" -DNDEBUG          -O2 -Wall  -std=gnu99 -mtune=generic -c PerfMeas.c -o PerfMeas.o
/mingw64/bin/gcc -shared -s -static-libgcc -o PerfMeas.dll tmp.def PerfMeas.o -LC:/Progra~1/R/R-testing/bin/x64 -lR
installing to C:/Users/Jeroen/Documents/checks/PerfMeas.Rcheck/00LOCK-PerfMeas/00new/PerfMeas/libs/x64
** R
** data
** inst
** byte-compile and prepare package for lazy loading
** help
*** installing help indices
** building package indices
** testing if installed package can be loaded from temporary location
*** arch - i386
Error : package 'RBGL' is not installed for 'arch = i386'
Error: loading failed
Execution halted
*** arch - x64
ERROR: loading failed for 'i386'
* removing 'C:/Users/Jeroen/Documents/checks/PerfMeas.Rcheck/PerfMeas'
