* using log directory 'C:/Users/jeroen/Documents/checks/ssh.Rcheck'
* using R Under development (unstable) (2018-06-21 r74929)
* using platform: x86_64-w64-mingw32 (64-bit)
* using session charset: ISO8859-1
* using options '--no-manual --no-build-vignettes'
* checking for file 'ssh/DESCRIPTION' ... OK
* checking extension type ... Package
* this is package 'ssh' version '0.2'
* package encoding: UTF-8
* checking package namespace information ... OK
* checking package dependencies ... OK
* checking if this is a source package ... OK
* checking if there is a namespace ... OK
* checking for executable files ... OK
* checking for hidden files and directories ... OK
* checking for portable file names ... OK
* checking whether package 'ssh' can be installed ... WARNING
Found the following significant warnings:
  command.c:6:5: warning: 'strncpy' specified bound 1024 equals destination size [-Wstringop-truncation]
  scp.c:14:5: warning: 'strncpy' specified bound 1024 equals destination size [-Wstringop-truncation]
  scp.c:23:3: warning: 'strncpy' specified bound 4000 equals destination size [-Wstringop-truncation]
  scp.c:74:3: warning: 'strncpy' specified bound 4000 equals destination size [-Wstringop-truncation]
  scp.c:75:3: warning: 'strncpy' specified bound 4000 equals destination size [-Wstringop-truncation]
  session.c:30:5: warning: 'strncpy' specified bound 1024 equals destination size [-Wstringop-truncation]
See 'C:/Users/jeroen/Documents/checks/ssh.Rcheck/00install.out' for details.
* checking installed package size ... OK
* checking package directory ... OK
* checking 'build' directory ... OK
* checking DESCRIPTION meta-information ... OK
* checking top-level files ... OK
* checking for left-over files ... OK
* checking index information ... OK
* checking package subdirectories ... OK
* checking R files for non-ASCII characters ... OK
* checking R files for syntax errors ... OK
* loading checks for arch 'i386'
** checking whether the package can be loaded ... OK
** checking whether the package can be loaded with stated dependencies ... OK
** checking whether the package can be unloaded cleanly ... OK
** checking whether the namespace can be loaded with stated dependencies ... OK
** checking whether the namespace can be unloaded cleanly ... OK
* loading checks for arch 'x64'
** checking whether the package can be loaded ... OK
** checking whether the package can be loaded with stated dependencies ... OK
** checking whether the package can be unloaded cleanly ... OK
** checking whether the namespace can be loaded with stated dependencies ... OK
** checking whether the namespace can be unloaded cleanly ... OK
* checking dependencies in R code ... OK
* checking S3 generic/method consistency ... OK
* checking replacement functions ... OK
* checking foreign function calls ... OK
* checking R code for possible problems ... OK
* checking Rd files ... OK
* checking Rd metadata ... OK
* checking Rd cross-references ... OK
* checking for missing documentation entries ... OK
* checking for code/documentation mismatches ... OK
* checking Rd \usage sections ... OK
* checking Rd contents ... OK
* checking for unstated dependencies in examples ... OK
* checking line endings in shell scripts ... OK
* checking line endings in C/C++/Fortran sources/headers ... OK
* checking line endings in Makefiles ... OK
* checking compilation flags in Makevars ... OK
* checking for GNU extensions in Makefiles ... OK
* checking for portable use of $(BLAS_LIBS) and $(LAPACK_LIBS) ... OK
* checking compiled code ... OK
* checking installed files from 'inst/doc' ... OK
* checking files in 'vignettes' ... OK
* checking examples ...
** running examples for arch 'i386' ... OK
** running examples for arch 'x64' ... OK
* checking for unstated dependencies in 'tests' ... OK
* checking tests ...
** running tests for arch 'i386' ... OK
  Running 'spelling.R'
  Comparing 'spelling.Rout' to 'spelling.Rout.save' ... OK
  Running 'testthat.R'
** running tests for arch 'x64' ... OK
  Running 'spelling.R'
  Comparing 'spelling.Rout' to 'spelling.Rout.save' ... OK
  Running 'testthat.R'
* checking for unstated dependencies in vignettes ... OK
* checking package vignettes in 'inst/doc' ... OK
* checking running R code from vignettes ... NONE
* checking re-building of vignette outputs ... SKIPPED
* DONE
Status: 1 WARNING
