* using log directory 'C:/Users/Jeroen/Documents/checks/rsgcc.Rcheck'
* using R version 3.6.0 Under development (Testing Rtools) (2019-03-14 r76238)
* using platform: x86_64-w64-mingw32 (64-bit)
* using session charset: ISO8859-1
* using options '--no-manual --no-build-vignettes'
* checking for file 'rsgcc/DESCRIPTION' ... OK
* checking extension type ... Package
* this is package 'rsgcc' version '1.0.6'
* checking package namespace information ... OK
* checking package dependencies ... ERROR
Packages required but not available: 'cairoDevice', 'gWidgetsRGtk2'

Depends: includes the non-default packages:
  'biwt', 'cairoDevice', 'fBasics', 'gplots', 'gWidgets',
  'gWidgetsRGtk2', 'minerva', 'parmigene', 'stringr', 'snowfall'
Adding so many packages to the search path is excessive and importing
selectively is preferable.

See section 'The DESCRIPTION file' in the 'Writing R Extensions'
manual.
* DONE
Status: 1 ERROR
