* using log directory 'C:/Users/Jeroen/Documents/checks/imbalance.Rcheck'
* using R version 3.6.0 Under development (Testing Rtools) (2019-03-14 r76238)
* using platform: x86_64-w64-mingw32 (64-bit)
* using session charset: ISO8859-1
* using options '--no-manual --no-build-vignettes'
* checking for file 'imbalance/DESCRIPTION' ... OK
* checking extension type ... Package
* this is package 'imbalance' version '1.0.0'
* package encoding: UTF-8
* checking package namespace information ... OK
* checking package dependencies ... OK
* checking if this is a source package ... OK
* checking if there is a namespace ... OK
* checking for executable files ... OK
* checking for hidden files and directories ... OK
* checking for portable file names ... OK
* checking whether package 'imbalance' can be installed ... OK
* checking installed package size ... OK
* checking package directory ... OK
* checking 'build' directory ... OK
* checking DESCRIPTION meta-information ... OK
* checking top-level files ... OK
* checking for left-over files ... OK
* checking index information ... OK
* checking package subdirectories ... OK
* checking R files for non-ASCII characters ... OK
* checking R files for syntax errors ... OK
* loading checks for arch 'i386'
** checking whether the package can be loaded ... OK
** checking whether the package can be loaded with stated dependencies ... OK
** checking whether the package can be unloaded cleanly ... OK
** checking whether the namespace can be loaded with stated dependencies ... OK
** checking whether the namespace can be unloaded cleanly ... OK
** checking loading without being on the library search path ... OK
* loading checks for arch 'x64'
** checking whether the package can be loaded ... OK
** checking whether the package can be loaded with stated dependencies ... OK
** checking whether the package can be unloaded cleanly ... OK
** checking whether the namespace can be loaded with stated dependencies ... OK
** checking whether the namespace can be unloaded cleanly ... OK
** checking loading without being on the library search path ... OK
* checking dependencies in R code ... OK
* checking S3 generic/method consistency ... OK
* checking replacement functions ... OK
* checking foreign function calls ... OK
* checking R code for possible problems ... OK
* checking Rd files ... OK
* checking Rd metadata ... OK
* checking Rd cross-references ... OK
* checking for missing documentation entries ... OK
* checking for code/documentation mismatches ... OK
* checking Rd \usage sections ... OK
* checking Rd contents ... OK
* checking for unstated dependencies in examples ... OK
* checking contents of 'data' directory ... OK
* checking data for non-ASCII characters ... OK
* checking data for ASCII and uncompressed saves ... OK
* checking line endings in C/C++/Fortran sources/headers ... OK
* checking line endings in Makefiles ... OK
* checking compilation flags in Makevars ... OK
* checking for GNU extensions in Makefiles ... OK
* checking for portable use of $(BLAS_LIBS) and $(LAPACK_LIBS) ... OK
* checking compiled code ... OK
* checking sizes of PDF files under 'inst/doc' ... OK
* checking installed files from 'inst/doc' ... OK
* checking files in 'vignettes' ... OK
* checking examples ...
** running examples for arch 'i386' ... ERROR
Running examples in 'imbalance-Ex.R' failed
The error most likely occurred in:

> ### Name: wracog
> ### Title: Wrapper for rapidly converging Gibbs algorithm.
> ### Aliases: wracog
> 
> ### ** Examples
> 
> data(haberman)
> 
> # Create train and validation partitions of haberman
> trainFold <- sample(1:nrow(haberman), nrow(haberman)/2, FALSE)
> trainSet <- haberman[trainFold, ]
> validationSet <- haberman[-trainFold, ]
> 
> # Defines our own wrapper with a C5.0 tree
> myWrapper <- structure(list(), class="TestWrapper")
> trainWrapper.TestWrapper <- function(wrapper, train, trainClass){
+   C50::C5.0(train, trainClass)
+ }
> 
> # Execute wRACOG with our own wrapper
> newSamples <- wracog(trainSet, validationSet, myWrapper,
+                      classAttr = "Class")
Error in library.dynam(lib, package, package.lib) : 
  DLL 'C50' not found: maybe not installed for this architecture?
Calls: wracog ... asNamespace -> getNamespace -> loadNamespace -> library.dynam
Execution halted
** running examples for arch 'x64' ... OK
* checking for unstated dependencies in 'tests' ... OK
* checking tests ...
** running tests for arch 'i386' ... ERROR
  Running 'testthat.R'
Running the tests in 'tests/testthat.R' failed.
Last 13 lines of output:
  [1] "ANS is done"
  [1] "SLS done"
  [1] "Borderline-SMOTE done"
  == testthat results  ===========================================================
  OK: 87 SKIPPED: 0 FAILED: 7
  1. Failure: wRACOG executes without error on dataset ecoli1 (@testRACOG.R#66) 
  2. Failure: wRACOG executes without error on dataset glass0 (@testRACOG.R#66) 
  3. Failure: wRACOG executes without error on dataset haberman (@testRACOG.R#66) 
  4. Failure: wRACOG executes without error on dataset iris0 (@testRACOG.R#66) 
  5. Failure: wRACOG executes without error on dataset newthyroid1 (@testRACOG.R#66) 
  6. Failure: wRACOG executes without error on dataset wisconsin (@testRACOG.R#66) 
  7. Failure: wRACOG executes without error on dataset yeast4 (@testRACOG.R#66) 
  
  Error: testthat unit tests failed
  Execution halted
** running tests for arch 'x64' ... OK
  Running 'testthat.R'
* checking for unstated dependencies in vignettes ... OK
* checking package vignettes in 'inst/doc' ... OK
* checking running R code from vignettes ... NONE
* checking re-building of vignette outputs ... SKIPPED
* DONE
Status: 2 ERRORs
