* using log directory 'C:/Users/Jeroen/Documents/checks/pbdMPI.Rcheck'
* using R version 3.7.0 Under development (Testing Rtools) (2019-06-25 r76738)
* using platform: x86_64-w64-mingw32 (64-bit)
* using session charset: ISO8859-1
* using options '--no-manual --no-build-vignettes'
* checking for file 'pbdMPI/DESCRIPTION' ... OK
* this is package 'pbdMPI' version '0.3-9'
* checking package namespace information ... OK
* checking package dependencies ... NOTE
Packages which this enhances but not available for checking:
  'pbdPROF', 'pbdZMQ'
* checking if this is a source package ... OK
* checking if there is a namespace ... OK
* checking for executable files ... OK
* checking for hidden files and directories ... OK
* checking for portable file names ... OK
* checking whether package 'pbdMPI' can be installed ... ERROR
Installation failed.
See 'C:/Users/Jeroen/Documents/checks/pbdMPI.Rcheck/00install.out' for details.
* DONE
Status: 1 ERROR, 1 NOTE
