* using log directory 'C:/Users/Jeroen/Documents/checks/ggstance.Rcheck'
* using R version 3.7.0 Under development (Testing Rtools) (2019-08-10 r76951)
* using platform: x86_64-w64-mingw32 (64-bit)
* using session charset: ISO8859-1
* using options '--no-manual --no-build-vignettes'
* checking for file 'ggstance/DESCRIPTION' ... OK
* this is package 'ggstance' version '0.3.2'
* package encoding: UTF-8
* checking package namespace information ... OK
* checking package dependencies ... OK
* checking if this is a source package ... OK
* checking if there is a namespace ... OK
* checking for executable files ... OK
* checking for hidden files and directories ... OK
* checking for portable file names ... OK
* checking whether package 'ggstance' can be installed ... OK
* checking installed package size ... OK
* checking package directory ... OK
* checking DESCRIPTION meta-information ... OK
* checking top-level files ... OK
* checking for left-over files ... OK
* checking index information ... OK
* checking package subdirectories ... OK
* checking R files for non-ASCII characters ... OK
* checking R files for syntax errors ... OK
* checking whether the package can be loaded ... OK
* checking whether the package can be loaded with stated dependencies ... OK
* checking whether the package can be unloaded cleanly ... OK
* checking whether the namespace can be loaded with stated dependencies ... OK
* checking whether the namespace can be unloaded cleanly ... OK
* checking loading without being on the library search path ... OK
* checking dependencies in R code ... OK
* checking S3 generic/method consistency ... OK
* checking replacement functions ... OK
* checking foreign function calls ... OK
* checking R code for possible problems ... OK
* checking Rd files ... OK
* checking Rd metadata ... OK
* checking Rd cross-references ... OK
* checking for missing documentation entries ... OK
* checking for code/documentation mismatches ... OK
* checking Rd \usage sections ... OK
* checking Rd contents ... OK
* checking for unstated dependencies in examples ... OK
* checking examples ... OK
* checking for unstated dependencies in 'tests' ... OK
* checking tests ... ERROR
  Running 'testthat.R'
Running the tests in 'tests/testthat.R' failed.
Last 13 lines of output:
  Component 1: Component 8: Mean relative difference: 0.8888889
  Component 1: Component 9: Mean relative difference: 0.8888889
  Component 1: Component 10: Mean relative difference: 2
  Component 1: Component 11: Mean relative difference: 0.6666667
  Component 1: Component 12: Mean relative difference: 0.5128205
  Component 1: Component 13: Mean relative difference: 0.952381
  Component 2: Component 7: Mean relative difference: 0.6666667
  ...
  
  == testthat results  ===========================================================
  [ OK: 27 | SKIPPED: 28 | WARNINGS: 0 | FAILED: 1 ]
  1. Failure: position_stackv() supports `hjust` argument (@test-positions.R#37) 
  
  Error: testthat unit tests failed
  Execution halted
* DONE
Status: 1 ERROR
