* using log directory 'C:/Users/Jeroen/Documents/checks/ggplot2.Rcheck'
* using R version 3.7.0 Under development (Testing Rtools) (2019-07-30 r76907)
* using platform: x86_64-w64-mingw32 (64-bit)
* using session charset: ISO8859-1
* using options '--no-manual --no-build-vignettes'
* checking for file 'ggplot2/DESCRIPTION' ... OK
* this is package 'ggplot2' version '3.2.0'
* package encoding: UTF-8
* checking package namespace information ... OK
* checking package dependencies ... OK
* checking if this is a source package ... OK
* checking if there is a namespace ... OK
* checking for executable files ... OK
* checking for hidden files and directories ... OK
* checking for portable file names ... OK
* checking whether package 'ggplot2' can be installed ... OK
* checking installed package size ... NOTE
  installed size is  6.2Mb
  sub-directories of 1Mb or more:
    doc   3.5Mb
* checking package directory ... OK
* checking 'build' directory ... OK
* checking DESCRIPTION meta-information ... OK
* checking top-level files ... OK
* checking for left-over files ... OK
* checking index information ... OK
* checking package subdirectories ... OK
* checking R files for non-ASCII characters ... OK
* checking R files for syntax errors ... OK
* checking whether the package can be loaded ... OK
* checking whether the package can be loaded with stated dependencies ... OK
* checking whether the package can be unloaded cleanly ... OK
* checking whether the namespace can be loaded with stated dependencies ... OK
* checking whether the namespace can be unloaded cleanly ... OK
* checking loading without being on the library search path ... OK
* checking dependencies in R code ... NOTE
Namespaces in Imports field not imported from:
  'mgcv' 'reshape2' 'viridisLite'
  All declared Imports should be used.
* checking S3 generic/method consistency ... OK
* checking replacement functions ... OK
* checking foreign function calls ... OK
* checking R code for possible problems ... OK
* checking Rd files ... OK
* checking Rd metadata ... OK
* checking Rd cross-references ... OK
* checking for missing documentation entries ... OK
* checking for code/documentation mismatches ... OK
* checking Rd \usage sections ... OK
* checking Rd contents ... OK
* checking for unstated dependencies in examples ... OK
* checking contents of 'data' directory ... OK
* checking data for non-ASCII characters ... OK
* checking data for ASCII and uncompressed saves ... OK
* checking installed files from 'inst/doc' ... OK
* checking files in 'vignettes' ... OK
* checking examples ... OK
* checking for unstated dependencies in 'tests' ... OK
* checking tests ... ERROR
  Running 'testthat.R'
Running the tests in 'tests/testthat.R' failed.
Last 13 lines of output:
  Component 3: target, current do not match when deparsed
  
  -- 2. Failure: axis labels can be set manually (@test-coord_sf.R#168)  ---------
  graticule[graticule$type == "N", ]$degree_label not identical to `parsed`.
  Component 1: target, current do not match when deparsed
  Component 2: target, current do not match when deparsed
  Component 3: target, current do not match when deparsed
  
  == testthat results  ===========================================================
  [ OK: 1095 | SKIPPED: 105 | WARNINGS: 0 | FAILED: 2 ]
  1. Failure: axis labels can be set manually (@test-coord_sf.R#163) 
  2. Failure: axis labels can be set manually (@test-coord_sf.R#168) 
  
  Error: testthat unit tests failed
  Execution halted
* checking for unstated dependencies in vignettes ... OK
* checking package vignettes in 'inst/doc' ... OK
* checking running R code from vignettes ... NONE
  'extending-ggplot2.Rmd' using 'UTF-8'... OK
  'ggplot2-specs.Rmd' using 'UTF-8'... OK
  'profiling.Rmd' using 'UTF-8'... OK
* checking re-building of vignette outputs ... SKIPPED
* DONE
Status: 1 ERROR, 2 NOTEs
