* using log directory 'C:/Users/Jeroen/Documents/checks/jmv.Rcheck'
* using R version 3.6.0 Under development (Testing Rtools) (2019-03-14 r76238)
* using platform: x86_64-w64-mingw32 (64-bit)
* using session charset: ISO8859-1
* using options '--no-manual --no-build-vignettes'
* checking for file 'jmv/DESCRIPTION' ... OK
* checking extension type ... Package
* this is package 'jmv' version '0.9.6'
* package encoding: UTF-8
* checking package namespace information ... OK
* checking package dependencies ... OK
* checking if this is a source package ... OK
* checking if there is a namespace ... OK
* checking for executable files ... OK
* checking for hidden files and directories ... OK
* checking for portable file names ... OK
* checking whether package 'jmv' can be installed ... OK
* checking installed package size ... OK
* checking package directory ... OK
* checking 'build' directory ... OK
* checking DESCRIPTION meta-information ... OK
* checking top-level files ... OK
* checking for left-over files ... OK
* checking index information ... OK
* checking package subdirectories ... OK
* checking R files for non-ASCII characters ... OK
* checking R files for syntax errors ... OK
* checking whether the package can be loaded ... OK
* checking whether the package can be loaded with stated dependencies ... OK
* checking whether the package can be unloaded cleanly ... OK
* checking whether the namespace can be loaded with stated dependencies ... OK
* checking whether the namespace can be unloaded cleanly ... OK
* checking loading without being on the library search path ... OK
* checking dependencies in R code ... NOTE
Namespaces in Imports field not imported from:
  'BayesFactor' 'GGally' 'GPArotation' 'MASS' 'PMCMR' 'R6' 'ROCR'
  'afex' 'car' 'emmeans' 'ggridges' 'lavaan' 'multcomp' 'mvnormtest'
  'nnet' 'psych' 'vcd' 'vcdExtra'
  All declared Imports should be used.
* checking S3 generic/method consistency ... OK
* checking replacement functions ... OK
* checking foreign function calls ... OK
* checking R code for possible problems ... OK
* checking Rd files ... OK
* checking Rd metadata ... OK
* checking Rd cross-references ... OK
* checking for missing documentation entries ... OK
* checking for code/documentation mismatches ... OK
* checking Rd \usage sections ... OK
* checking Rd contents ... OK
* checking for unstated dependencies in examples ... OK
* checking contents of 'data' directory ... OK
* checking data for non-ASCII characters ... OK
* checking data for ASCII and uncompressed saves ... OK
* checking installed files from 'inst/doc' ... OK
* checking files in 'vignettes' ... OK
* checking examples ... OK
* checking for unstated dependencies in 'tests' ... OK
* checking tests ... ERROR
  Running 'testthat.R'
Running the tests in 'tests/testthat.R' failed.
Last 13 lines of output:
  == testthat results  ===========================================================
  OK: 114 SKIPPED: 0 FAILED: 37
  1. Failure: anovarm works (@testanovarm.R#42) 
  2. Failure: anovarm works (@testanovarm.R#44) 
  3. Failure: anovarm works (@testanovarm.R#45) 
  4. Failure: anovarm works (@testanovarm.R#46) 
  5. Failure: anovarm works (@testanovarm.R#50) 
  6. Failure: anovarm works (@testanovarm.R#51) 
  7. Failure: conttables works (@testconttables.R#18) 
  8. Failure: conttables works (@testconttables.R#19) 
  9. Failure: conttables works (@testconttables.R#20) 
  1. ...
  
  Error: testthat unit tests failed
  Execution halted
* checking for unstated dependencies in vignettes ... OK
* checking package vignettes in 'inst/doc' ... OK
* checking running R code from vignettes ... NONE
* checking re-building of vignette outputs ... SKIPPED
* DONE
Status: 1 ERROR, 1 NOTE
