* using log directory 'C:/Users/Jeroen/Documents/checks/GSE.Rcheck'
* using R version 3.6.0 Under development (Testing Rtools) (2019-03-14 r76238)
* using platform: x86_64-w64-mingw32 (64-bit)
* using session charset: ISO8859-1
* using options '--no-manual --no-build-vignettes'
* checking for file 'GSE/DESCRIPTION' ... OK
* checking extension type ... Package
* this is package 'GSE' version '4.1'
* checking package namespace information ... OK
* checking package dependencies ... OK
* checking if this is a source package ... OK
* checking if there is a namespace ... OK
* checking for executable files ... OK
* checking for hidden files and directories ... OK
* checking for portable file names ... OK
* checking whether package 'GSE' can be installed ... OK
* checking installed package size ... OK
* checking package directory ... OK
* checking DESCRIPTION meta-information ... OK
* checking top-level files ... OK
* checking for left-over files ... OK
* checking index information ... OK
* checking package subdirectories ... OK
* checking R files for non-ASCII characters ... OK
* checking R files for syntax errors ... OK
* loading checks for arch 'i386'
** checking whether the package can be loaded ... OK
** checking whether the package can be loaded with stated dependencies ... OK
** checking whether the package can be unloaded cleanly ... OK
** checking whether the namespace can be loaded with stated dependencies ... OK
** checking whether the namespace can be unloaded cleanly ... OK
** checking loading without being on the library search path ... OK
* loading checks for arch 'x64'
** checking whether the package can be loaded ... OK
** checking whether the package can be loaded with stated dependencies ... OK
** checking whether the package can be unloaded cleanly ... OK
** checking whether the namespace can be loaded with stated dependencies ... OK
** checking whether the namespace can be unloaded cleanly ... OK
** checking loading without being on the library search path ... OK
* checking dependencies in R code ... NOTE
Namespace in Imports field not imported from: 'rrcov'
  All declared Imports should be used.
Missing or unexported object: 'cellWise::DetectDeviatingCells'
* checking S3 generic/method consistency ... OK
* checking replacement functions ... OK
* checking foreign function calls ... OK
* checking R code for possible problems ... OK
* checking Rd files ... OK
* checking Rd metadata ... OK
* checking Rd cross-references ... WARNING
Missing link or links in documentation object 'TSGS.Rd':
  'DetectDeviatingCells'

See section 'Cross-references' in the 'Writing R Extensions' manual.

* checking for missing documentation entries ... OK
* checking for code/documentation mismatches ... OK
* checking Rd \usage sections ... OK
* checking Rd contents ... OK
* checking for unstated dependencies in examples ... OK
* checking contents of 'data' directory ... OK
* checking data for non-ASCII characters ... OK
* checking data for ASCII and uncompressed saves ... OK
* checking line endings in C/C++/Fortran sources/headers ... OK
* checking line endings in Makefiles ... OK
* checking compilation flags in Makevars ... OK
* checking for GNU extensions in Makefiles ... OK
* checking for portable use of $(BLAS_LIBS) and $(LAPACK_LIBS) ... OK
* checking compiled code ... OK
* checking examples ...
** running examples for arch 'i386' ... ERROR
Running examples in 'GSE-Ex.R' failed
The error most likely occurred in:

> ### Name: TSGS
> ### Title: Two-Step Generalized S-Estimator for cell- and case-wise
> ###   outliers
> ### Aliases: TSGS
> 
> ### ** Examples
> 
> set.seed(12345)
> 
> # Generate 5% cell-wise contaminated normal data
> # using a random correlation matrix with condition number 100
> x <- generate.cellcontam(n=100, p=10, cond=100, contam.size=5, contam.prop=0.05)
> 
> ## Using MLE
> slrt( cov(x$x), x$A)
[1] 60.47613
> 
> ## Using Fast-S
> slrt( rrcov:::CovSest(x$x)@cov, x$A)
[1] 41.77257
> 
> ## Using 2SGS
> slrt( TSGS(x$x)@S, x$A)
Error: 'DetectDeviatingCells' is not an exported object from 'namespace:cellWise'
Execution halted
** running examples for arch 'x64' ... ERROR
Running examples in 'GSE-Ex.R' failed
The error most likely occurred in:

> ### Name: TSGS
> ### Title: Two-Step Generalized S-Estimator for cell- and case-wise
> ###   outliers
> ### Aliases: TSGS
> 
> ### ** Examples
> 
> set.seed(12345)
> 
> # Generate 5% cell-wise contaminated normal data
> # using a random correlation matrix with condition number 100
> x <- generate.cellcontam(n=100, p=10, cond=100, contam.size=5, contam.prop=0.05)
> 
> ## Using MLE
> slrt( cov(x$x), x$A)
[1] 69.01395
> 
> ## Using Fast-S
> slrt( rrcov:::CovSest(x$x)@cov, x$A)
[1] 44.9836
> 
> ## Using 2SGS
> slrt( TSGS(x$x)@S, x$A)
Error: 'DetectDeviatingCells' is not an exported object from 'namespace:cellWise'
Execution halted
* DONE
Status: 2 ERRORs, 1 WARNING, 1 NOTE
