* using log directory 'C:/Users/Jeroen/Documents/checks/lwgeom.Rcheck'
* using R version 3.7.0 Under development (Testing Rtools) (2019-08-10 r76951)
* using platform: x86_64-w64-mingw32 (64-bit)
* using session charset: ISO8859-1
* using options '--no-manual --no-build-vignettes'
* checking for file 'lwgeom/DESCRIPTION' ... OK
* this is package 'lwgeom' version '0.1-7'
* checking package namespace information ... OK
* checking package dependencies ... OK
* checking if this is a source package ... OK
* checking if there is a namespace ... OK
* checking for executable files ... OK
* checking for hidden files and directories ... OK
* checking for portable file names ... OK
* checking whether package 'lwgeom' can be installed ... WARNING
Found the following significant warnings:
  liblwgeom/lwgeom_topo.c:4485:36: warning: too many arguments for format [-Wformat-extra-args]
  liblwgeom/lwgeom_topo.c:4536:38: warning: too many arguments for format [-Wformat-extra-args]
See 'C:/Users/Jeroen/Documents/checks/lwgeom.Rcheck/00install.out' for details.
* checking installed package size ... NOTE
  installed size is 10.9Mb
  sub-directories of 1Mb or more:
    libs   5.8Mb
    proj   5.0Mb
* checking package directory ... OK
* checking DESCRIPTION meta-information ... OK
* checking top-level files ... OK
* checking for left-over files ... OK
* checking index information ... OK
* checking package subdirectories ... OK
* checking R files for non-ASCII characters ... OK
* checking R files for syntax errors ... OK
* loading checks for arch 'i386'
** checking whether the package can be loaded ... OK
** checking whether the package can be loaded with stated dependencies ... OK
** checking whether the package can be unloaded cleanly ... OK
** checking whether the namespace can be loaded with stated dependencies ... OK
** checking whether the namespace can be unloaded cleanly ... OK
** checking loading without being on the library search path ... OK
* loading checks for arch 'x64'
** checking whether the package can be loaded ... OK
** checking whether the package can be loaded with stated dependencies ... OK
** checking whether the package can be unloaded cleanly ... OK
** checking whether the namespace can be loaded with stated dependencies ... OK
** checking whether the namespace can be unloaded cleanly ... OK
** checking loading without being on the library search path ... OK
* checking dependencies in R code ... OK
* checking S3 generic/method consistency ... OK
* checking replacement functions ... OK
* checking foreign function calls ... OK
* checking R code for possible problems ... OK
* checking Rd files ... OK
* checking Rd metadata ... OK
* checking Rd cross-references ... OK
* checking for missing documentation entries ... OK
* checking for code/documentation mismatches ... OK
* checking Rd \usage sections ... OK
* checking Rd contents ... OK
* checking for unstated dependencies in examples ... OK
* checking line endings in shell scripts ... OK
* checking line endings in C/C++/Fortran sources/headers ... OK
* checking line endings in Makefiles ... OK
* checking compilation flags in Makevars ... OK
* checking for GNU extensions in Makefiles ... OK
* checking for portable use of $(BLAS_LIBS) and $(LAPACK_LIBS) ... OK
* checking use of PKG_*FLAGS in Makefiles ... OK
* checking compiled code ... OK
* checking examples ...
** running examples for arch 'i386' ... OK
** running examples for arch 'x64' ... OK
* checking for unstated dependencies in 'tests' ... OK
* checking tests ...
** running tests for arch 'i386' ... OK
  Running 'azimuth.R'
  Comparing 'azimuth.Rout' to 'azimuth.Rout.save' ...5c5
< Linking to liblwgeom 2.5.0dev r16016, GEOS 3.6.1, PROJ 4.9.3
---
> Linking to liblwgeom 2.4.3 r16312, GEOS 3.6.2, PROJ 4.9.3
  Running 'dist.R'
  Comparing 'dist.Rout' to 'dist.Rout.save' ...32,35c32,35
< [1,] 11.58615 0.000000e+00 2.910383e-11 0.000000e+00 0.000000e+00
< [2,] 11.76865 0.000000e+00 0.000000e+00 2.910383e-11 0.000000e+00
< [3,] 12.28011 0.000000e+00 0.000000e+00 0.000000e+00 2.910383e-11
< [4,] 13.02504 2.910383e-11 0.000000e+00 0.000000e+00 0.000000e+00
---
> [1,] 11.58615  0.000000e+00  2.910383e-11  0.000000e+00 5.820766e-11
> [2,] 11.76865  0.000000e+00  0.000000e+00 -2.910383e-11 0.000000e+00
> [3,] 12.28011  0.000000e+00  0.000000e+00 -1.455192e-11 2.910383e-11
> [4,] 13.02504 -2.910383e-11 -1.455192e-11  0.000000e+00 1.455192e-11
46c46
< [1,] 6.418908e-06 8.383504e-07 1.676701e-06 2.515037e-06 3.353402e-06
---
> [1,] 6.419141e-06 8.383504e-07 1.676701e-06 2.515037e-06 3.353402e-06
  Running 'geod.R'
  Comparing 'geod.Rout' to 'geod.Rout.save' ... OK
  Running 'perimeter.R'
  Comparing 'perimeter.Rout' to 'perimeter.Rout.save' ...34c34
< Reading layer `nc.gpkg' from data source `C:\R\library\sf\gpkg\nc.gpkg' using driver `GPKG'
---
> Reading layer `nc.gpkg' from data source `/home/edzer/R/x86_64-pc-linux-gnu-library/3.5/sf/gpkg/nc.gpkg' using driver `GPKG'
  Running 'testthat.R'
  Comparing 'testthat.Rout' to 'testthat.Rout.save' ...8c8
< Reading layer `nc.gpkg' from data source `C:\R\library\sf\gpkg\nc.gpkg' using driver `GPKG'
---
> Reading layer `nc.gpkg' from data source `/home/edzer/R/x86_64-pc-linux-gnu-library/3.5/sf/gpkg/nc.gpkg' using driver `GPKG'
15,16c15,16
< == testthat results  ===========================================================
< [ OK: 60 | SKIPPED: 2 | WARNINGS: 0 | FAILED: 0 ]
---
> ══ testthat results  ═══════════════════════════════════════════════════════════
> OK: 50 SKIPPED: 3 FAILED: 0
  Running 'twkb.R'
  Comparing 'twkb.Rout' to 'twkb.Rout.save' ... OK
** running tests for arch 'x64' ... OK
  Running 'azimuth.R'
  Comparing 'azimuth.Rout' to 'azimuth.Rout.save' ...5c5
< Linking to liblwgeom 2.5.0dev r16016, GEOS 3.6.1, PROJ 4.9.3
---
> Linking to liblwgeom 2.4.3 r16312, GEOS 3.6.2, PROJ 4.9.3
  Running 'dist.R'
  Comparing 'dist.Rout' to 'dist.Rout.save' ... OK
  Running 'geod.R'
  Comparing 'geod.Rout' to 'geod.Rout.save' ... OK
  Running 'perimeter.R'
  Comparing 'perimeter.Rout' to 'perimeter.Rout.save' ...34c34
< Reading layer `nc.gpkg' from data source `C:\R\library\sf\gpkg\nc.gpkg' using driver `GPKG'
---
> Reading layer `nc.gpkg' from data source `/home/edzer/R/x86_64-pc-linux-gnu-library/3.5/sf/gpkg/nc.gpkg' using driver `GPKG'
  Running 'testthat.R'
  Comparing 'testthat.Rout' to 'testthat.Rout.save' ...8c8
< Reading layer `nc.gpkg' from data source `C:\R\library\sf\gpkg\nc.gpkg' using driver `GPKG'
---
> Reading layer `nc.gpkg' from data source `/home/edzer/R/x86_64-pc-linux-gnu-library/3.5/sf/gpkg/nc.gpkg' using driver `GPKG'
15,16c15,16
< == testthat results  ===========================================================
< [ OK: 60 | SKIPPED: 2 | WARNINGS: 0 | FAILED: 0 ]
---
> ══ testthat results  ═══════════════════════════════════════════════════════════
> OK: 50 SKIPPED: 3 FAILED: 0
  Running 'twkb.R'
  Comparing 'twkb.Rout' to 'twkb.Rout.save' ... OK
* DONE
Status: 1 WARNING, 1 NOTE
