* using log directory 'C:/Users/jeroen/Documents/checks/zip.Rcheck'
* using R version 3.7.0 Under development (Testing Rtools) (2019-08-27 r77080)
* using platform: x86_64-w64-mingw32 (64-bit)
* using session charset: ISO8859-1
* using options '--no-manual --no-build-vignettes'
* checking for file 'zip/DESCRIPTION' ... OK
* this is package 'zip' version '2.0.4'
* package encoding: UTF-8
* checking package namespace information ... OK
* checking package dependencies ... OK
* checking if this is a source package ... OK
* checking if there is a namespace ... OK
* checking for executable files ... OK
* checking for hidden files and directories ... OK
* checking for portable file names ... OK
* checking whether package 'zip' can be installed ... OK
* checking installed package size ... OK
* checking package directory ... OK
* checking DESCRIPTION meta-information ... OK
* checking top-level files ... OK
* checking for left-over files ... OK
* checking index information ... OK
* checking package subdirectories ... OK
* checking R files for non-ASCII characters ... OK
* checking R files for syntax errors ... OK
* loading checks for arch 'i386'
** checking whether the package can be loaded ... OK
** checking whether the package can be loaded with stated dependencies ... OK
** checking whether the package can be unloaded cleanly ... OK
** checking whether the namespace can be loaded with stated dependencies ... OK
** checking whether the namespace can be unloaded cleanly ... OK
** checking loading without being on the library search path ... OK
* loading checks for arch 'x64'
** checking whether the package can be loaded ... OK
** checking whether the package can be loaded with stated dependencies ... OK
** checking whether the package can be unloaded cleanly ... OK
** checking whether the namespace can be loaded with stated dependencies ... OK
** checking whether the namespace can be unloaded cleanly ... OK
** checking loading without being on the library search path ... OK
* checking dependencies in R code ... OK
* checking S3 generic/method consistency ... OK
* checking replacement functions ... OK
* checking foreign function calls ... OK
* checking R code for possible problems ... OK
* checking Rd files ... OK
* checking Rd metadata ... OK
* checking Rd cross-references ... OK
* checking for missing documentation entries ... OK
* checking for code/documentation mismatches ... OK
* checking Rd \usage sections ... OK
* checking Rd contents ... OK
* checking for unstated dependencies in examples ... OK
* checking line endings in C/C++/Fortran sources/headers ... OK
* checking line endings in Makefiles ... OK
* checking compilation flags in Makevars ... OK
* checking for GNU extensions in Makefiles ... OK
* checking for portable use of $(BLAS_LIBS) and $(LAPACK_LIBS) ... OK
* checking use of PKG_*FLAGS in Makefiles ... OK
* checking compiled code ... OK
* checking examples ...
** running examples for arch 'i386' ... OK
** running examples for arch 'x64' ... ERROR
Running examples in 'zip-Ex.R' failed
The error most likely occurred in:

> ### Name: zip_process
> ### Title: Class for an external zip process
> ### Aliases: zip_process
> 
> ### ** Examples
> 
> dir.create(tmp <- tempfile())
> write.table(iris, file = file.path(tmp, "iris.ssv"))
> zipfile <- tempfile(fileext = ".zip")
> zp <- zip_process()$new(zipfile, tmp)
> zp$wait()
> zp$get_exit_status()
[1] 10
> zip_list(zipfile)
Warning in normalizePath(path.expand(path), winslash, mustWork) :
  path[1]="C:\rtools40\tmp\RtmpGIrnHb\filed283f901ade.zip": The system cannot find the file specified
Error in zip_list(zipfile) : 
  Cannot open zip file `C:\rtools40\tmp\RtmpGIrnHb\filed283f901ade.zip`
Execution halted
* checking for unstated dependencies in 'tests' ... OK
* checking tests ...
** running tests for arch 'i386' ... OK
  Running 'testthat.R'
** running tests for arch 'x64' ... OK
  Running 'testthat.R'
* DONE
Status: 1 ERROR
