* using log directory 'C:/Users/Jeroen/Documents/checks/LCA.Rcheck'
* using R version 3.6.0 Under development (Testing Rtools) (2019-03-14 r76238)
* using platform: x86_64-w64-mingw32 (64-bit)
* using session charset: ISO8859-1
* using options '--no-manual --no-build-vignettes'
* checking for file 'LCA/DESCRIPTION' ... OK
* this is package 'LCA' version '0.1'
* checking package namespace information ... OK
* checking package dependencies ... OK
* checking if this is a source package ... OK
* checking if there is a namespace ... OK
* checking for executable files ... OK
* checking for hidden files and directories ... OK
* checking for portable file names ... OK
* checking whether package 'LCA' can be installed ... OK
* checking installed package size ... OK
* checking package directory ... OK
* checking DESCRIPTION meta-information ... OK
* checking top-level files ... OK
* checking for left-over files ... OK
* checking index information ... OK
* checking package subdirectories ... OK
* checking R files for non-ASCII characters ... OK
* checking R files for syntax errors ... OK
* checking whether the package can be loaded ... OK
* checking whether the package can be loaded with stated dependencies ... OK
* checking whether the package can be unloaded cleanly ... OK
* checking whether the namespace can be loaded with stated dependencies ... OK
* checking whether the namespace can be unloaded cleanly ... OK
* checking loading without being on the library search path ... OK
* checking dependencies in R code ... OK
* checking S3 generic/method consistency ... OK
* checking replacement functions ... OK
* checking foreign function calls ... OK
* checking R code for possible problems ... NOTE
LCA: no visible global function definition for 'dist'
LCA: no visible global function definition for 'combn'
LCA: no visible global function definition for 'p.adjust'
LCA: no visible global function definition for 'pchisq'
LCA : <anonymous>: no visible global function definition for 'pchisq'
LCD: no visible global function definition for 'ecdf'
estimateB: no visible global function definition for 'median'
evaluateDiffSignificance: no visible global function definition for
  'ecdf'
fitPTLmodel: no visible global function definition for 'lm'
getPTLparams: no visible global function definition for 'nls'
getPTLparams: no visible global function definition for 'coef'
predictPTLparams: no visible global function definition for
  'predict.lm'
Undefined global functions or variables:
  coef combn dist ecdf lm median nls p.adjust pchisq predict.lm
Consider adding
  importFrom("stats", "coef", "dist", "ecdf", "lm", "median", "nls",
             "p.adjust", "pchisq", "predict.lm")
  importFrom("utils", "combn")
to your NAMESPACE file.
* checking Rd files ... OK
* checking Rd metadata ... OK
* checking Rd cross-references ... OK
* checking for missing documentation entries ... OK
* checking for code/documentation mismatches ... OK
* checking Rd \usage sections ... OK
* checking Rd contents ... OK
* checking for unstated dependencies in examples ... OK
* checking examples ... ERROR
Running examples in 'LCA-Ex.R' failed
The error most likely occurred in:

> ### Name: LCA
> ### Title: Localised Co-dependency Analysis
> ### Aliases: LCA
> 
> ### ** Examples
> 
> ## create a data matrix
> 
> x <- array(runif(1200),dim=c(40,12))
> 
> ## implant similarity across a 'clique'
> 
> clique.cols <- sample(ncol(x),4)
> x[,clique.cols] <- x[,clique.cols] + rnorm(nrow(x))
> 
> ## scale x to (0,1)
> 
> x[x<0] <- 0
> x[x>1] <- 1
> 
> ## choose a 'seed' feature and some partner
> 
> seed.row <- sample(nrow(x),1)
> partner.row <- sample(setdiff(c(1:nrow(x)),seed.row),1)
> 
> x[c(seed.row,partner.row),clique.cols] <- x[c(seed.row,partner.row),clique.cols] + 
+ rep(rnorm(length(clique.cols)),each=2)
> 
> ## calibrate PTL models to dataset
> 
> PTL.fit <- fitPTLmodel(x,nPairs=15)
1 models successfully fitted out of 12 
Error in fitPTLmodel(x, nPairs = 15) : 
  Rerun model calibration (possibly with higher nPairs), no successful fits this time.
Execution halted
* DONE
Status: 1 ERROR, 1 NOTE
