* using log directory 'C:/Users/jeroen/Documents/checks/dyndimred.Rcheck'
* using R version 4.0.0 Under development (Testing Rtools) (2019-10-01 r77242)
* using platform: x86_64-w64-mingw32 (64-bit)
* using session charset: ISO8859-1
* using options '--no-manual --no-build-vignettes'
* checking for file 'dyndimred/DESCRIPTION' ... OK
* checking extension type ... Package
* this is package 'dyndimred' version '1.0.2'
* package encoding: UTF-8
* checking package namespace information ... OK
* checking package dependencies ... NOTE
Package suggested but not available for checking: 'destiny'
* checking if this is a source package ... OK
* checking if there is a namespace ... OK
* checking for executable files ... OK
* checking for hidden files and directories ... OK
* checking for portable file names ... OK
* checking whether package 'dyndimred' can be installed ... OK
* checking installed package size ... OK
* checking package directory ... OK
* checking DESCRIPTION meta-information ... OK
* checking top-level files ... OK
* checking for left-over files ... OK
* checking index information ... OK
* checking package subdirectories ... OK
* checking R files for non-ASCII characters ... OK
* checking R files for syntax errors ... OK
* checking whether the package can be loaded ... OK
* checking whether the package can be loaded with stated dependencies ... OK
* checking whether the package can be unloaded cleanly ... OK
* checking whether the namespace can be loaded with stated dependencies ... OK
* checking whether the namespace can be unloaded cleanly ... OK
* checking loading without being on the library search path ... OK
* checking dependencies in R code ... OK
* checking S3 generic/method consistency ... OK
* checking replacement functions ... OK
* checking foreign function calls ... OK
* checking R code for possible problems ... OK
* checking Rd files ... OK
* checking Rd metadata ... OK
* checking Rd cross-references ... OK
* checking for missing documentation entries ... OK
* checking for code/documentation mismatches ... OK
* checking Rd \usage sections ... OK
* checking Rd contents ... OK
* checking for unstated dependencies in examples ... OK
* checking examples ... OK
* checking for unstated dependencies in 'tests' ... OK
* checking tests ... ERROR
  Running 'testthat.R'
Running the tests in 'tests/testthat.R' failed.
Last 13 lines of output:
  8: getExportedValue(pkg, name)
  9: asNamespace(ns)
  10: getNamespace(ns)
  11: loadNamespace(name)
  12: withRestarts(stop(cond), retry_loadNamespace = function() NULL)
  13: withOneRestart(expr, restarts[[1L]])
  14: doWithOneRestart(return(expr), restart)
  
  == testthat results  ===========================================================
  [ OK: 191 | SKIPPED: 0 | WARNINGS: 2 | FAILED: 2 ]
  1. Error: Perform dimred dm_destiny (@test-dimred.R#13) 
  2. Error: Perform dimred dm_destiny (@test-sparse_matrices.R#12) 
  
  Error: testthat unit tests failed
  Execution halted
* DONE
Status: 1 ERROR, 1 NOTE
