* using log directory 'C:/Users/Jeroen/Documents/checks/rstpm2.Rcheck'
* using R version 3.7.0 Under development (Testing Rtools) (2019-07-30 r76907)
* using platform: x86_64-w64-mingw32 (64-bit)
* using session charset: ISO8859-1
* using options '--no-manual --no-build-vignettes'
* checking for file 'rstpm2/DESCRIPTION' ... OK
* checking extension type ... Package
* this is package 'rstpm2' version '1.4.5'
* checking package namespace information ... OK
* checking package dependencies ... OK
* checking if this is a source package ... OK
* checking if there is a namespace ... OK
* checking for executable files ... OK
* checking for hidden files and directories ... OK
* checking for portable file names ... OK
* checking whether package 'rstpm2' can be installed ... OK
* checking installed package size ... NOTE
  installed size is  5.6Mb
  sub-directories of 1Mb or more:
    libs   3.5Mb
* checking package directory ... OK
* checking 'build' directory ... OK
* checking DESCRIPTION meta-information ... OK
* checking top-level files ... OK
* checking for left-over files ... OK
* checking index information ... OK
* checking package subdirectories ... OK
* checking R files for non-ASCII characters ... OK
* checking R files for syntax errors ... OK
* loading checks for arch 'i386'
** checking whether the package can be loaded ... OK
** checking whether the package can be loaded with stated dependencies ... OK
** checking whether the package can be unloaded cleanly ... OK
** checking whether the namespace can be loaded with stated dependencies ... OK
** checking whether the namespace can be unloaded cleanly ... OK
** checking loading without being on the library search path ... OK
* loading checks for arch 'x64'
** checking whether the package can be loaded ... OK
** checking whether the package can be loaded with stated dependencies ... OK
** checking whether the package can be unloaded cleanly ... OK
** checking whether the namespace can be loaded with stated dependencies ... OK
** checking whether the namespace can be unloaded cleanly ... OK
** checking loading without being on the library search path ... OK
* checking dependencies in R code ... OK
* checking S3 generic/method consistency ... OK
* checking replacement functions ... OK
* checking foreign function calls ... OK
* checking R code for possible problems ... OK
* checking Rd files ... OK
* checking Rd metadata ... OK
* checking Rd cross-references ... OK
* checking for missing documentation entries ... OK
* checking for code/documentation mismatches ... OK
* checking Rd \usage sections ... OK
* checking Rd contents ... OK
* checking for unstated dependencies in examples ... OK
* checking contents of 'data' directory ... OK
* checking data for non-ASCII characters ... OK
* checking data for ASCII and uncompressed saves ... OK
* checking line endings in C/C++/Fortran sources/headers ... OK
* checking line endings in Makefiles ... OK
* checking compilation flags in Makevars ... OK
* checking for GNU extensions in Makefiles ... OK
* checking for portable use of $(BLAS_LIBS) and $(LAPACK_LIBS) ... OK
* checking use of PKG_*FLAGS in Makefiles ... OK
* checking compiled code ... OK
* checking sizes of PDF files under 'inst/doc' ... OK
* checking installed files from 'inst/doc' ... OK
* checking files in 'vignettes' ... OK
* checking examples ...
** running examples for arch 'i386' ... OK
** running examples for arch 'x64' ... OK
* checking for unstated dependencies in 'tests' ... OK
* checking tests ...
** running tests for arch 'i386' ... ERROR
  Running 'testthat.R'
Running the tests in 'tests/testthat.R' failed.
Last 13 lines of output:
  > 
  > test_check("rstpm2")
  -- 1. Failure: Predictions with missing values - pstpm2+frailty (@test_missing.R
  max(abs(expr - value)) is not strictly less than `eps`. Difference: 0.000196
  
  -- 2. Failure: Predictions with missing values - pstpm2+frailty (@test_missing.R
  max(abs(expr - value)) is not strictly less than `eps`. Difference: 0.000196
  
  == testthat results  ===========================================================
  OK: 46 SKIPPED: 0 WARNINGS: 0 FAILED: 2
  1. Failure: Predictions with missing values - pstpm2+frailty (@test_missing.R#227) 
  2. Failure: Predictions with missing values - pstpm2+frailty (@test_missing.R#227) 
  
  Error: testthat unit tests failed
  Execution halted
** running tests for arch 'x64' ... OK
  Running 'testthat.R'
* checking for unstated dependencies in vignettes ... OK
* checking package vignettes in 'inst/doc' ... OK
* checking running R code from vignettes ... OK
  'Introduction.Rnw' using 'UTF-8'... OK
  'predictnl.Rnw'... OK
* checking re-building of vignette outputs ... SKIPPED
* DONE
Status: 1 ERROR, 1 NOTE
