* using log directory 'C:/Users/Jeroen/Documents/checks/archetypes.Rcheck'
* using R version 3.6.0 Under development (Testing Rtools) (2019-03-14 r76238)
* using platform: x86_64-w64-mingw32 (64-bit)
* using session charset: ISO8859-1
* using options '--no-manual --no-build-vignettes'
* checking for file 'archetypes/DESCRIPTION' ... OK
* checking extension type ... Package
* this is package 'archetypes' version '2.2-0'
* checking package namespace information ... OK
* checking package dependencies ... OK
* checking if this is a source package ... OK
* checking if there is a namespace ... OK
* checking for executable files ... OK
* checking for hidden files and directories ... OK
* checking for portable file names ... OK
* checking whether package 'archetypes' can be installed ... OK
* checking installed package size ... OK
* checking package directory ... OK
* checking 'build' directory ... OK
* checking DESCRIPTION meta-information ... OK
* checking top-level files ... OK
* checking for left-over files ... OK
* checking index information ... OK
* checking package subdirectories ... OK
* checking R files for non-ASCII characters ... OK
* checking R files for syntax errors ... OK
* checking whether the package can be loaded ... OK
* checking whether the package can be loaded with stated dependencies ... OK
* checking whether the package can be unloaded cleanly ... OK
* checking whether the namespace can be loaded with stated dependencies ... OK
* checking whether the namespace can be unloaded cleanly ... OK
* checking loading without being on the library search path ... OK
* checking dependencies in R code ... NOTE
'library' or 'require' calls in package code:
  'MASS' 'TSP'
  Please use :: or requireNamespace() instead.
  See section 'Suggested packages' in the 'Writing R Extensions' manual.
* checking S3 generic/method consistency ... OK
* checking replacement functions ... OK
* checking foreign function calls ... OK
* checking R code for possible problems ... NOTE
archetypes: no visible binding for global variable 'history'
archmap: no visible global function definition for 'chull'
archmap: no visible global function definition for 'plot'
archmap: no visible global function definition for 'points'
archmap: no visible global function definition for 'polygon'
archmap: no visible global function definition for 'text'
atypes_projection: no visible global function definition for 'cmdscale'
atypes_projection: no visible global function definition for 'dist'
barplot.archetypes : .below.default: no visible global function
  definition for 'layout'
barplot.archetypes : .below.compressed: no visible global function
  definition for 'layout'
barplot.archetypes : .below.compressed: no visible global function
  definition for 'par'
barplot.archetypes : .below.compressed: no visible global function
  definition for 'mtext'
barplot.archetypes : .below.compressed: no visible global function
  definition for 'text'
barplot.archetypes : .perc: no visible global function definition for
  'ecdf'
barplot.archetypes: no visible global function definition for 'par'
bisquare0.reweightsfn: no visible global function definition for
  'median'
ginv.zalphasfn: no visible global function definition for 'ginv'
jd: no visible global function definition for 'gray'
jd : annotation1: no visible global function definition for 'arrows'
jd : annotation2: no visible global function definition for 'lines'
jd : annotation2: no visible global function definition for 'arrows'
lines.pcplot: no visible global function definition for 'matlines'
movieplot: no visible global function definition for 'gray'
movieplot: no visible global function definition for 'plot'
movieplot: no visible global function definition for 'points'
movieplot2: no visible global function definition for 'rgb'
movieplot2: no visible global function definition for 'points'
movieplot2: no visible global function definition for 'par'
opt.zalphasfn: no visible global function definition for 'rnorm'
opt.zalphasfn: no visible global function definition for 'optim'
panorama.archetypes: no visible global function definition for 'par'
panorama.archetypes: no visible global function definition for 'layout'
panorama.archetypes: no visible global function definition for 'plot'
panorama.archetypes: no visible global function definition for 'tail'
panorama.archetypes: no visible global function definition for 'points'
panorama.archetypes: no visible global function definition for 'mtext'
pcplot.archetypes: no visible global function definition for 'gray'
pcplot.default: no visible global function definition for 'gray'
pcplot.default: no visible global function definition for 'matplot'
pcplot.default: no visible global function definition for 'axis'
pcplot.default: no visible global function definition for 'lines'
pcplot.default: no visible global function definition for 'text'
screeplot.stepArchetypes: no visible global function definition for
  'plot'
screeplot.stepArchetypes: no visible global function definition for
  'axis'
simplexplot: no visible global function definition for 'combn'
simplexplot: no visible global function definition for 'plot'
simplexplot: no visible global function definition for 'symbols'
simplexplot: no visible global function definition for 'lines'
simplexplot: no visible global function definition for 'text'
simplexplot: no visible global function definition for 'points'
skeletonplot : one.skeleton: no visible global function definition for
  'lines'
skeletonplot : one.skeleton: no visible global function definition for
  'symbols'
skeletonplot: no visible global function definition for 'plot'
skeletonplot: no visible global function definition for 'axis'
skeletonplot: no visible global function definition for 'box'
skeletonplot: no visible global function definition for 'abline'
std.scalefn: no visible binding for global variable 'sd'
tspsimplex_projection: no visible global function definition for 'dist'
tspsimplex_projection: no visible global function definition for
  'solve_TSP'
tspsimplex_projection: no visible global function definition for 'TSP'
tspsimplex_projection: no visible global function definition for 'tail'
tspsimplex_projection: no visible global function definition for 'head'
xyplot.archetypes: no visible global function definition for 'gray'
xyplot.archetypes: no visible global function definition for 'plot'
xyplot.archetypes: no visible global function definition for 'points'
xyplot.archetypes: no visible global function definition for 'lines'
xyplot.stepArchetypes: no visible global function definition for 'gray'
xyplot.stepArchetypes: no visible global function definition for 'plot'
xyplot.stepArchetypes: no visible global function definition for
  'points'
xyplot.stepArchetypes: no visible global function definition for
  'lines'
xyplot.weightedArchetypes: no visible binding for global variable
  'gray'
Undefined global functions or variables:
  TSP abline arrows axis box chull cmdscale combn dist ecdf ginv gray
  head history layout lines matlines matplot median mtext optim par
  plot points polygon rgb rnorm sd solve_TSP symbols tail text
Consider adding
  importFrom("grDevices", "chull", "gray", "rgb")
  importFrom("graphics", "abline", "arrows", "axis", "box", "layout",
             "lines", "matlines", "matplot", "mtext", "par", "plot",
             "points", "polygon", "symbols", "text")
  importFrom("stats", "cmdscale", "dist", "ecdf", "median", "optim",
             "rnorm", "sd")
  importFrom("utils", "combn", "head", "history", "tail")
to your NAMESPACE file.
* checking Rd files ... OK
* checking Rd metadata ... OK
* checking Rd cross-references ... OK
* checking for missing documentation entries ... OK
* checking for code/documentation mismatches ... OK
* checking Rd \usage sections ... OK
* checking Rd contents ... OK
* checking for unstated dependencies in examples ... OK
* checking contents of 'data' directory ... OK
* checking data for non-ASCII characters ... OK
* checking data for ASCII and uncompressed saves ... OK
* checking sizes of PDF files under 'inst/doc' ... OK
* checking installed files from 'inst/doc' ... OK
* checking files in 'vignettes' ... OK
* checking examples ... ERROR
Running examples in 'archetypes-Ex.R' failed
The error most likely occurred in:

> ### Name: simplexplot
> ### Title: Simplex visualization
> ### Aliases: simplexplot
> 
> ### ** Examples
> 
> ### This example reproduces parts of the Figure 7 shown in
>   ### "Probabilistic Archetypal Analysis" by Seth and Eugster (2014)
> 
>   data("toy", package = "archetypes")
> 
>   set.seed(1234); a3 <- archetypes(toy, k = 3)
>   set.seed(1237); a4 <- archetypes(toy, k = 4)
>   set.seed(1238); a5 <- archetypes(toy, k = 5)
Warning in archetypes(toy, k = 5) :
  k=5: Error in qr.solve(alphas %*% t(alphas)): singular matrix 'a' in solve

> 
>   simplexplot(a3)
>   simplexplot(a3, show_direction = TRUE, show_points = FALSE)
>   simplexplot(a4, projection = tspsimplex_projection)
Loading required package: TSP
>   simplexplot(a5, show_direction = TRUE, show_points = FALSE,
+     direction_length = 2, directions_col = "black")
Error in rep(points_col, nrow(coef(object))) : invalid 'times' argument
Calls: simplexplot
Execution halted
* checking for unstated dependencies in vignettes ... OK
* checking package vignettes in 'inst/doc' ... OK
* checking running R code from vignettes ... ERROR
Errors in running code in vignettes:
when running code in 'archetypes.Rnw'
  ...
> xyplot(a7, toy, adata.show = TRUE, xlim = c(0, 20), 
+     ylim = c(0, 20), cex = 0.6, xlab = "", ylab = "")
Warning in mean.default(xc) :
  argument is not numeric or logical: returning NA
Warning in mean.default(yc) :
  argument is not numeric or logical: returning NA

  When sourcing 'archetypes.R':
Error: argument is not a matrix
Execution halted

* checking re-building of vignette outputs ... SKIPPED
* DONE
Status: 2 ERRORs, 2 NOTEs
