* installing *source* package 'BIGL' ...
** package 'BIGL' successfully unpacked and MD5 sums checked
** using staged installation
** R
** data
*** moving datasets to lazyload DB
** inst
** byte-compile and prepare package for lazy loading
** help
*** installing help indices
** building package indices
** installing vignettes
** testing if installed package can be loaded from temporary location
*** arch - i386
Error in library.dynam(dynlib, pkg, lib) : 
  DLL 'rgl' not found: maybe not installed for this architecture?
Error: package or namespace load failed for 'BIGL':
 .onLoad failed in loadNamespace() for 'rgl', details:
  call: NULL
  error: 	Loading rgl's DLL failed. 
Error: loading failed
Execution halted
*** arch - x64
ERROR: loading failed for 'i386'
* removing 'C:/Users/Jeroen/Documents/checks/BIGL.Rcheck/BIGL'
