* using log directory 'C:/Users/jeroen/Documents/checks/C50.Rcheck'
* using R version 3.7.0 Under development (Testing Rtools) (2019-08-27 r77080)
* using platform: x86_64-w64-mingw32 (64-bit)
* using session charset: ISO8859-1
* using options '--no-manual --no-build-vignettes'
* checking for file 'C50/DESCRIPTION' ... OK
* checking extension type ... Package
* this is package 'C50' version '0.1.2'
* checking package namespace information ... OK
* checking package dependencies ... OK
* checking if this is a source package ... OK
* checking if there is a namespace ... OK
* checking for executable files ... OK
* checking for hidden files and directories ... OK
* checking for portable file names ... OK
* checking whether package 'C50' can be installed ... WARNING
Found the following significant warnings:
  rulebasedmodels.c:65:3: warning: statement with no effect [-Wunused-value]
  rulebasedmodels.c:75:3: warning: statement with no effect [-Wunused-value]
  rulebasedmodels.c:76:3: warning: statement with no effect [-Wunused-value]
  rulebasedmodels.c:115:3: warning: statement with no effect [-Wunused-value]
  rulebasedmodels.c:128:3: warning: statement with no effect [-Wunused-value]
  rulebasedmodels.c:143:3: warning: statement with no effect [-Wunused-value]
  rulebasedmodels.c:151:3: warning: statement with no effect [-Wunused-value]
  rulebasedmodels.c:161:3: warning: statement with no effect [-Wunused-value]
  rulebasedmodels.c:162:3: warning: statement with no effect [-Wunused-value]
  rulebasedmodels.c:178:3: warning: statement with no effect [-Wunused-value]
See 'C:/Users/jeroen/Documents/checks/C50.Rcheck/00install.out' for details.
* checking installed package size ... OK
NB: this package is only installed for sub-architecture 'x64'
* checking package directory ... OK
* checking 'build' directory ... OK
* checking DESCRIPTION meta-information ... OK
* checking top-level files ... OK
* checking for left-over files ... OK
* checking index information ... OK
* checking package subdirectories ... OK
* checking R files for non-ASCII characters ... OK
* checking R files for syntax errors ... OK
* checking whether the package can be loaded ... OK
* checking whether the package can be loaded with stated dependencies ... OK
* checking whether the package can be unloaded cleanly ... OK
* checking whether the namespace can be loaded with stated dependencies ... OK
* checking whether the namespace can be unloaded cleanly ... OK
* checking loading without being on the library search path ... OK
* checking dependencies in R code ... OK
* checking S3 generic/method consistency ... OK
* checking replacement functions ... OK
* checking foreign function calls ... OK
* checking R code for possible problems ... OK
* checking Rd files ... OK
* checking Rd metadata ... OK
* checking Rd cross-references ... OK
* checking for missing documentation entries ... OK
* checking for code/documentation mismatches ... OK
* checking Rd \usage sections ... OK
* checking Rd contents ... OK
* checking for unstated dependencies in examples ... OK
* checking contents of 'data' directory ... OK
* checking data for non-ASCII characters ... OK
* checking data for ASCII and uncompressed saves ... OK
* checking line endings in shell scripts ... OK
* checking line endings in C/C++/Fortran sources/headers ... OK
* checking line endings in Makefiles ... OK
* checking compilation flags in Makevars ... OK
* checking for GNU extensions in Makefiles ... OK
* checking for portable use of $(BLAS_LIBS) and $(LAPACK_LIBS) ... OK
* checking use of PKG_*FLAGS in Makefiles ... OK
* checking compiled code ... OK
* checking installed files from 'inst/doc' ... OK
* checking files in 'vignettes' ... OK
* checking examples ... OK
* checking for unstated dependencies in vignettes ... OK
* checking package vignettes in 'inst/doc' ... OK
* checking running R code from vignettes ... NONE
  'C5.0.Rmd'... OK
  'Class_Probability_Calcs.Rmd'... OK
* checking re-building of vignette outputs ... SKIPPED
* DONE
Status: 1 WARNING
