* using log directory 'C:/Users/Jeroen/Documents/checks/matchingMarkets.Rcheck'
* using R version 3.7.0 Under development (Testing Rtools) (2019-07-30 r76907)
* using platform: x86_64-w64-mingw32 (64-bit)
* using session charset: ISO8859-1
* using options '--no-manual --no-build-vignettes'
* checking for file 'matchingMarkets/DESCRIPTION' ... OK
* this is package 'matchingMarkets' version '1.0-1'
* package encoding: UTF-8
* checking package namespace information ... OK
* checking package dependencies ... OK
* checking if this is a source package ... OK
* checking if there is a namespace ... OK
* checking for executable files ... OK
* checking for hidden files and directories ... OK
* checking for portable file names ... OK
* checking whether package 'matchingMarkets' can be installed ... ERROR
Installation failed.
See 'C:/Users/Jeroen/Documents/checks/matchingMarkets.Rcheck/00install.out' for details.
* DONE
Status: 1 ERROR
