* using log directory 'C:/Users/Jeroen/Documents/checks/phylocomr.Rcheck'
* using R version 3.6.0 Under development (Testing Rtools) (2019-03-14 r76238)
* using platform: x86_64-w64-mingw32 (64-bit)
* using session charset: ISO8859-1
* using options '--no-manual --no-build-vignettes'
* checking for file 'phylocomr/DESCRIPTION' ... OK
* checking extension type ... Package
* this is package 'phylocomr' version '0.1.2'
* package encoding: UTF-8
* checking package namespace information ... OK
* checking package dependencies ... OK
* checking if this is a source package ... OK
* checking if there is a namespace ... OK
* checking for executable files ... OK
* checking for hidden files and directories ... OK
* checking for portable file names ... OK
* checking whether package 'phylocomr' can be installed ... OK
* checking installed package size ... OK
* checking package directory ... OK
* checking 'build' directory ... OK
* checking DESCRIPTION meta-information ... OK
* checking top-level files ... OK
* checking for left-over files ... OK
* checking index information ... OK
* checking package subdirectories ... OK
* checking R files for non-ASCII characters ... OK
* checking R files for syntax errors ... OK
* loading checks for arch 'i386'
** checking whether the package can be loaded ... OK
** checking whether the package can be loaded with stated dependencies ... OK
** checking whether the package can be unloaded cleanly ... OK
** checking whether the namespace can be loaded with stated dependencies ... OK
** checking whether the namespace can be unloaded cleanly ... OK
** checking loading without being on the library search path ... OK
* loading checks for arch 'x64'
** checking whether the package can be loaded ... OK
** checking whether the package can be loaded with stated dependencies ... OK
** checking whether the package can be unloaded cleanly ... OK
** checking whether the namespace can be loaded with stated dependencies ... OK
** checking whether the namespace can be unloaded cleanly ... OK
** checking loading without being on the library search path ... OK
* checking dependencies in R code ... OK
* checking S3 generic/method consistency ... OK
* checking replacement functions ... OK
* checking foreign function calls ... OK
* checking R code for possible problems ... OK
* checking Rd files ... OK
* checking Rd metadata ... OK
* checking Rd cross-references ... OK
* checking for missing documentation entries ... OK
* checking for code/documentation mismatches ... OK
* checking Rd \usage sections ... OK
* checking Rd contents ... OK
* checking for unstated dependencies in examples ... OK
* checking line endings in C/C++/Fortran sources/headers ... OK
* checking line endings in Makefiles ... OK
* checking compilation flags in Makevars ... OK
* checking for GNU extensions in Makefiles ... OK
* checking for portable use of $(BLAS_LIBS) and $(LAPACK_LIBS) ... OK
* checking compiled code ... OK
* checking installed files from 'inst/doc' ... OK
* checking files in 'vignettes' ... OK
* checking examples ...
** running examples for arch 'i386' ... ERROR
Running examples in 'phylocomr-Ex.R' failed
The error most likely occurred in:

> ### Name: executables
> ### Title: Executables
> ### Aliases: executables ecovolve phylocom phylomatic
> 
> ### ** Examples
> 
> ecovolve()
Error in library.dynam(lib, package, package.lib) : 
  DLL 'sys' not found: maybe not installed for this architecture?
Calls: ecovolve ... asNamespace -> getNamespace -> loadNamespace -> library.dynam
Execution halted
** running examples for arch 'x64' ... OK
* checking for unstated dependencies in 'tests' ... OK
* checking tests ...
** running tests for arch 'i386' ... ERROR
  Running 'test-all.R'
Running the tests in 'tests/test-all.R' failed.
Last 13 lines of output:
  12: sys::exec_internal
  13: getExportedValue(pkg, name)
  14: asNamespace(ns)
  15: getNamespace(ns)
  16: loadNamespace(name)
  17: library.dynam(lib, package, package.lib)
  18: stop(gettextf("DLL %s not found: maybe not installed for this architecture?", sQuote(chname)), 
         domain = NA)
  
  == testthat results  ===========================================================
  OK: 50 SKIPPED: 19 FAILED: 1
  1. Error: phylomatic executable works (@test-phylomatic.R#3) 
  
  Error: testthat unit tests failed
  Execution halted
** running tests for arch 'x64' ... OK
  Running 'test-all.R'
* checking for unstated dependencies in vignettes ... OK
* checking package vignettes in 'inst/doc' ... OK
* checking running R code from vignettes ... NONE
* checking re-building of vignette outputs ... SKIPPED
* DONE
Status: 2 ERRORs
