* using log directory 'C:/Users/jeroen/Documents/checks/laGP.Rcheck'
* using R version 3.7.0 Under development (Testing Rtools) (2019-08-27 r77080)
* using platform: x86_64-w64-mingw32 (64-bit)
* using session charset: ISO8859-1
* using options '--no-manual --ignore-vignettes'
* checking for file 'laGP/DESCRIPTION' ... OK
* this is package 'laGP' version '1.5-3'
* checking package namespace information ... OK
* checking package dependencies ... OK
* checking if this is a source package ... OK
* checking if there is a namespace ... OK
* checking for executable files ... OK
* checking for hidden files and directories ... OK
* checking for portable file names ... OK
* checking whether package 'laGP' can be installed ... OK
* checking installed package size ... OK
* checking package directory ... OK
* checking DESCRIPTION meta-information ... OK
* checking top-level files ... OK
* checking for left-over files ... OK
* checking index information ... OK
* checking package subdirectories ... OK
* checking R files for non-ASCII characters ... OK
* checking R files for syntax errors ... OK
* loading checks for arch 'i386'
** checking whether the package can be loaded ... OK
** checking whether the package can be loaded with stated dependencies ... OK
** checking whether the package can be unloaded cleanly ... OK
** checking whether the namespace can be loaded with stated dependencies ... OK
** checking whether the namespace can be unloaded cleanly ... OK
** checking loading without being on the library search path ... OK
* loading checks for arch 'x64'
** checking whether the package can be loaded ... OK
** checking whether the package can be loaded with stated dependencies ... OK
** checking whether the package can be unloaded cleanly ... OK
** checking whether the namespace can be loaded with stated dependencies ... OK
** checking whether the namespace can be unloaded cleanly ... OK
** checking loading without being on the library search path ... OK
* checking dependencies in R code ... OK
* checking S3 generic/method consistency ... OK
* checking replacement functions ... OK
* checking foreign function calls ... OK
* checking R code for possible problems ... OK
* checking Rd files ... OK
* checking Rd metadata ... OK
* checking Rd cross-references ... OK
* checking for missing documentation entries ... OK
* checking for code/documentation mismatches ... OK
* checking Rd \usage sections ... OK
* checking Rd contents ... OK
* checking for unstated dependencies in examples ... OK
* checking line endings in C/C++/Fortran sources/headers ... OK
* checking line endings in Makefiles ... OK
* checking compilation flags in Makevars ... OK
* checking for GNU extensions in Makefiles ... OK
* checking for portable use of $(BLAS_LIBS) and $(LAPACK_LIBS) ... OK
* checking use of PKG_*FLAGS in Makefiles ... OK
* checking include directives in Makefiles ... OK
* checking compiled code ... OK
* checking sizes of PDF files under 'inst/doc' ... OK
* checking installed files from 'inst/doc' ... OK
* checking files in 'vignettes' ... SKIPPED
* checking examples ...
** running examples for arch 'i386' ... ERROR
Running examples in 'laGP-Ex.R' failed
The error most likely occurred in:

> ### Name: optim.auglag
> ### Title: Optimize an objective function under multiple blackbox
> ###   constraints
> ### Aliases: optim.auglag optim.efi
> ### Keywords: optimize design
> 
> ### ** Examples
> 
> ## this example assumes a known linear objective; further examples
> ## are in the optim.auglag demo
> 
> ## a test function returning linear objective evaluations and 
> ## non-linear constraints
> aimprob <- function(X, known.only = FALSE)
+ {
+   if(is.null(nrow(X))) X <- matrix(X, nrow=1)
+   f <- rowSums(X)
+   if(known.only) return(list(obj=f))
+   c1 <- 1.5-X[,1]-2*X[,2]-0.5*sin(2*pi*(X[,1]^2-2*X[,2]))
+   c2 <- rowSums(X^2)-1.5
+   return(list(obj=f, c=cbind(c1,c2)))
+ }
> 
> ## set bounding rectangle for adaptive sampling
> B <- matrix(c(rep(0,2),rep(1,2)),ncol=2)
> 
> ## optimization (primarily) by EI, change 25 to 100 for
> ## 99% chance of finding the global optimum with value 0.6
> library(akima) ## for plotprog=interp
> out <- optim.auglag(aimprob, B, end=25, plotprog=interp)
(d=[0.1,0.1], llik=1.07548) -> 15 lbfgsb its -> (d=[0.109871,0.255591], llik=1.38392)
(d=[0.1,0.1], llik=3.46307) -> 13 lbfgsb its -> (d=[0.424293,0.396283], llik=7.19936)
updating La: rho=0.01650992 lambda=(0, 0)
t=11 ei=0.004154875 (6/11); xbest=[0.442 0.47]; ybest (v=0.9120812, al=0.9120812, since=0)
updating La: rho=0.008254962
t=12 ei=0.0114157 (6/12); xbest=[0.31 0.44]; ybest (v=0.7501221, al=0.7501221, since=0)
updating La: rho=0.004127481
t=13 ei=0.01102879 (3/13); xbest=[0.31 0.44]; ybest (v=0.7501221, al=0.7501221, since=1)
updating La: rho=0.002063741
t=14 ei=0.06808948 (7/14); xbest=[0.31 0.44]; ybest (v=0.7501221, al=0.7501221, since=2)
updating La: rho=0.00103187
t=15 ei=0.04362688 (8/15); xbest=[0.31 0.44]; ybest (v=0.7501221, al=0.7501221, since=3)
updating La: rho=0.0005159351
t=16 ei=0.01939557 (4/16); xbest=[0.226 0.441]; ybest (v=0.6671008, al=0.6671008, since=0)
updating La: rho=0.0002579676
t=17 ei=0.001876751 (3/17); xbest=[0.226 0.441]; ybest (v=0.6671008, al=0.6671008, since=1)
updating La: rho=0.0001289838
t=18 ei=0.007590286 (3/18); xbest=[0.226 0.441]; ybest (v=0.6671008, al=0.6671008, since=2)
updating La: rho=6.449189e-05
t=19 ey=-186.3298 (0/19); xbest=[0.226 0.441]; ybest (v=0.6671008, al=0.6671008, since=3)
updating La: rho=3.224595e-05
(d=[0.109871,0.255591], llik=-10.474) -> 17 lbfgsb its -> (d=[0.236715,0.0490461], llik=7.13326)
(d=[0.424293,0.396283], llik=38.039) -> 11 lbfgsb its -> (d=[0.849729,0.977739], llik=45.539)
t=20 ei=0.02885213 (17/220); xbest=[0.273 0.385]; ybest (v=0.6585812, al=0.6585812, since=0)
updating La: rho=1.612297e-05
t=21 ei=0.002583304 (4/21); xbest=[0.196 0.431]; ybest (v=0.6278533, al=0.6278533, since=0)
updating La: rho=8.061486e-06
t=22 ey=-1748.095 (0/22); xbest=[0.196 0.431]; ybest (v=0.6278533, al=0.6278533, since=1)
updating La: rho=4.030743e-06
t=23 ey=-2085.054 (0/23); xbest=[0.196 0.431]; ybest (v=0.6278533, al=0.6278533, since=2)
updating La: rho=2.015372e-06
t=24 ei=0.008189433 (4/264); xbest=[0.196 0.431]; ybest (v=0.6278533, al=0.6278533, since=3)
updating La: rho=1.007686e-06
t=25 ei=0.001752159 (3/275); xbest=[0.231 0.389]; ybest (v=0.6195449, al=0.6195449, since=0)
> 
> ## using the slack variable implementation which is a little slower
> ## but more precise; slack=2 augments random search with L-BFGS-B
>   
> out2 <- optim.auglag(aimprob, B, end=25, slack=TRUE)
** running examples for arch 'x64' ... OK
* DONE
Status: 1 ERROR
