* using log directory 'C:/Users/jeroen/Documents/checks/RGtk2.Rcheck'
* using R version 3.7.0 Under development (Testing Rtools) (2019-08-27 r77080)
* using platform: x86_64-w64-mingw32 (64-bit)
* using session charset: ISO8859-1
* using options '--no-manual --no-build-vignettes'
* checking for file 'RGtk2/DESCRIPTION' ... OK
* this is package 'RGtk2' version '2.20.36'
* package encoding: UTF-8
* checking package namespace information ... OK
* checking package dependencies ... OK
* checking if this is a source package ... OK
* checking if there is a namespace ... OK
* checking for executable files ... OK
* checking for hidden files and directories ... OK
* checking for portable file names ... OK
* checking whether package 'RGtk2' can be installed ... WARNING
Found the following significant warnings:
  atkClasses.c:1054:25: warning: assignment to 'void (*)(AtkObject *, guint,  void *)' {aka 'void (*)(struct _AtkObject *, unsigned int,  void *)'} from incompatible pointer type 'void (*)(AtkObject *, guint,  AtkObject *)' {aka 'void (*)(struct _AtkObject *, unsigned int,  struct _AtkObject *)'} [-Wincompatible-pointer-types]
  atkClasses.c:1062:34: warning: assignment to 'void (*)(AtkObject *, void **)' {aka 'void (*)(struct _AtkObject *, void **)'} from incompatible pointer type 'void (*)(AtkObject *, AtkObject *)' {aka 'void (*)(struct _AtkObject *, struct _AtkObject *)'} [-Wincompatible-pointer-types]
  atkClasses.c:1401:51: warning: passing argument 2 of 'object_class->active_descendant_changed' from incompatible pointer type [-Wincompatible-pointer-types]
  gdkFuncs.c:6000:36: warning: passing argument 2 of 'gdk_window_get_user_data' from incompatible pointer type [-Wincompatible-pointer-types]
  gioClasses.c:1974:17: warning: assignment to 'gssize (*)(GOutputStream *, const void *, gsize,  GCancellable *, GError **)' {aka 'int (*)(struct _GOutputStream *, const void *, unsigned int,  struct _GCancellable *, struct _GError **)'} from incompatible pointer type 'gssize (*)(GOutputStream *, const guchar *, gsize,  GCancellable *, GError **)' {aka 'int (*)(struct _GOutputStream *, const unsigned char *, unsigned int,  struct _GCancellable *, struct _GError **)'} [-Wincompatible-pointer-types]
  gioClasses.c:1990:20: warning: assignment to 'void (*)(GOutputStream *, const void *, gsize,  int,  GCancellable *, void (*)(GObject *, GAsyncResult *, void *), void *)' {aka 'void (*)(struct _GOutputStream *, const void *, unsigned int,  int,  struct _GCancellable *, void (*)(struct _GObject *, struct _GAsyncResult *, void *), void *)'} from incompatible pointer type 'void (*)(GOutputStream *, const guchar *, gsize,  int,  GCancellable *, void (*)(GObject *, GAsyncResult *, void *), void *)' {aka 'void (*)(struct _GOutputStream *, const unsigned char *, unsigned int,  int,  struct _GCancellable *, void (*)(struct _GObject *, struct _GAsyncResult *, void *), void *)'} [-Wincompatible-pointer-types]
  gtkClasses.c:8831:28: warning: assignment to 'gboolean (*)(GtkNotebook *, gint)' {aka 'int (*)(struct _GtkNotebook *, int)'} from incompatible pointer type 'void (*)(GtkNotebook *, gint)' {aka 'void (*)(struct _GtkNotebook *, int)'} [-Wincompatible-pointer-types]
  gtkClasses.c:11314:21: warning: assignment to 'gboolean (*)(GtkScrolledWindow *, GtkScrollType,  gboolean)' {aka 'int (*)(struct _GtkScrolledWindow *, enum <anonymous>,  int)'} from incompatible pointer type 'void (*)(GtkScrolledWindow *, GtkScrollType,  gboolean)' {aka 'void (*)(struct _GtkScrolledWindow *, enum <anonymous>,  int)'} [-Wincompatible-pointer-types]
  gioClasses.c:1974:17: warning: assignment to 'gssize (*)(GOutputStream *, const void *, gsize,  GCancellable *, GError **)' {aka 'long long int (*)(struct _GOutputStream *, const void *, long long unsigned int,  struct _GCancellable *, struct _GError **)'} from incompatible pointer type 'gssize (*)(GOutputStream *, const guchar *, gsize,  GCancellable *, GError **)' {aka 'long long int (*)(struct _GOutputStream *, const unsigned char *, long long unsigned int,  struct _GCancellable *, struct _GError **)'} [-Wincompatible-pointer-types]
  gioClasses.c:1990:20: warning: assignment to 'void (*)(GOutputStream *, const void *, gsize,  int,  GCancellable *, void (*)(GObject *, GAsyncResult *, void *), void *)' {aka 'void (*)(struct _GOutputStream *, const void *, long long unsigned int,  int,  struct _GCancellable *, void (*)(struct _GObject *, struct _GAsyncResult *, void *), void *)'} from incompatible pointer type 'void (*)(GOutputStream *, const guchar *, gsize,  int,  GCancellable *, void (*)(GObject *, GAsyncResult *, void *), void *)' {aka 'void (*)(struct _GOutputStream *, const unsigned char *, long long unsigned int,  int,  struct _GCancellable *, void (*)(struct _GObject *, struct _GAsyncResult *, void *), void *)'} [-Wincompatible-pointer-types]
See 'C:/Users/jeroen/Documents/checks/RGtk2.Rcheck/00install.out' for details.
* checking installed package size ... NOTE
  installed size is 20.9Mb
  sub-directories of 1Mb or more:
    R      3.7Mb
    help  10.7Mb
    libs   5.1Mb
* checking package directory ... OK
* checking DESCRIPTION meta-information ... OK
* checking top-level files ... NOTE
Found a 'configure.in' file: 'configure.ac' has long been preferred.
* checking for left-over files ... OK
* checking index information ... OK
* checking package subdirectories ... OK
* checking R files for non-ASCII characters ... OK
* checking R files for syntax errors ... OK
* loading checks for arch 'i386'
** checking whether the package can be loaded ... OK
** checking whether the package can be loaded with stated dependencies ... OK
** checking whether the package can be unloaded cleanly ... OK
** checking whether the namespace can be loaded with stated dependencies ... OK
** checking whether the namespace can be unloaded cleanly ... OK
** checking loading without being on the library search path ... OK
* loading checks for arch 'x64'
** checking whether the package can be loaded ... OK
** checking whether the package can be loaded with stated dependencies ... OK
** checking whether the package can be unloaded cleanly ... OK
** checking whether the namespace can be loaded with stated dependencies ... OK
** checking whether the namespace can be unloaded cleanly ... OK
** checking loading without being on the library search path ... OK
* checking dependencies in R code ... OK
* checking S3 generic/method consistency ... OK
* checking replacement functions ... OK
* checking foreign function calls ... OK
* checking R code for possible problems ... OK
* checking Rd files ... OK
* checking Rd metadata ... OK
* checking Rd cross-references ... OK
* checking for missing documentation entries ... OK
* checking for code/documentation mismatches ... OK
* checking Rd \usage sections ... OK
* checking Rd contents ... OK
* checking for unstated dependencies in examples ... OK
* checking line endings in shell scripts ... OK
* checking line endings in C/C++/Fortran sources/headers ... OK
* checking line endings in Makefiles ... OK
* checking compilation flags in Makevars ... OK
* checking for GNU extensions in Makefiles ... OK
* checking for portable use of $(BLAS_LIBS) and $(LAPACK_LIBS) ... OK
* checking use of PKG_*FLAGS in Makefiles ... OK
* checking compiled code ... NOTE
File 'RGtk2/libs/i386/RGtk2.dll':
  Found non-API calls to R: 'R_new_custom_connection',
    'Rf_EncodeInteger', 'Rf_EncodeLogical', 'Rf_EncodeReal',
    'Rf_formatInteger', 'Rf_formatLogical', 'Rf_formatReal'
File 'RGtk2/libs/x64/RGtk2.dll':
  Found non-API calls to R: 'R_new_custom_connection',
    'Rf_EncodeInteger', 'Rf_EncodeLogical', 'Rf_EncodeReal',
    'Rf_formatInteger', 'Rf_formatLogical', 'Rf_formatReal'

Compiled code should not call non-API entry points in R.

See 'Writing portable packages' in the 'Writing R Extensions' manual.
* checking sizes of PDF files under 'inst/doc' ... OK
* checking installed files from 'inst/doc' ... OK
* checking examples ...
** running examples for arch 'i386' ... OK
** running examples for arch 'x64' ... OK
* DONE
Status: 1 WARNING, 3 NOTEs
