* using log directory 'C:/Users/jeroen/Documents/checks/RMariaDB.Rcheck'
* using R version 3.7.0 Under development (Testing Rtools) (2019-08-27 r77080)
* using platform: x86_64-w64-mingw32 (64-bit)
* using session charset: ISO8859-1
* using options '--no-manual --no-build-vignettes'
* checking for file 'RMariaDB/DESCRIPTION' ... OK
* this is package 'RMariaDB' version '1.0.6'
* package encoding: UTF-8
* checking package namespace information ... OK
* checking package dependencies ... OK
* checking if this is a source package ... OK
* checking if there is a namespace ... OK
* checking for executable files ... OK
* checking for hidden files and directories ... OK
* checking for portable file names ... OK
* checking whether package 'RMariaDB' can be installed ... WARNING
Found the following significant warnings:
  DbResult.cpp:19:8: warning: 'template<class> class std::auto_ptr' is deprecated [-Wdeprecated-declarations]
  DbResult.cpp:81:41: warning: catching polymorphic type 'class MariaResultPrep::UnsupportedPS' by value [-Wcatch-value=]
  connection.cpp:23:8: warning: 'template<class> class std::auto_ptr' is deprecated [-Wdeprecated-declarations]
See 'C:/Users/jeroen/Documents/checks/RMariaDB.Rcheck/00install.out' for details.
* checking installed package size ... NOTE
  installed size is  7.0Mb
  sub-directories of 1Mb or more:
    libs   6.7Mb
* checking package directory ... OK
* checking DESCRIPTION meta-information ... OK
* checking top-level files ... OK
* checking for left-over files ... OK
* checking index information ... OK
* checking package subdirectories ... OK
* checking R files for non-ASCII characters ... OK
* checking R files for syntax errors ... OK
* loading checks for arch 'i386'
** checking whether the package can be loaded ... OK
** checking whether the package can be loaded with stated dependencies ... OK
** checking whether the package can be unloaded cleanly ... OK
** checking whether the namespace can be loaded with stated dependencies ... OK
** checking whether the namespace can be unloaded cleanly ... OK
** checking loading without being on the library search path ... OK
* loading checks for arch 'x64'
** checking whether the package can be loaded ... OK
** checking whether the package can be loaded with stated dependencies ... OK
** checking whether the package can be unloaded cleanly ... OK
** checking whether the namespace can be loaded with stated dependencies ... OK
** checking whether the namespace can be unloaded cleanly ... OK
** checking loading without being on the library search path ... OK
* checking dependencies in R code ... OK
* checking S3 generic/method consistency ... OK
* checking replacement functions ... OK
* checking foreign function calls ... OK
* checking R code for possible problems ... OK
* checking Rd files ... OK
* checking Rd metadata ... OK
* checking Rd cross-references ... OK
* checking for missing documentation entries ... OK
* checking for code/documentation mismatches ... OK
* checking Rd \usage sections ... OK
* checking Rd contents ... OK
* checking for unstated dependencies in examples ... OK
* checking line endings in shell scripts ... OK
* checking line endings in C/C++/Fortran sources/headers ... OK
* checking line endings in Makefiles ... OK
* checking compilation flags in Makevars ... OK
* checking for GNU extensions in Makefiles ... OK
* checking for portable use of $(BLAS_LIBS) and $(LAPACK_LIBS) ... OK
* checking use of PKG_*FLAGS in Makefiles ... OK
* checking compiled code ... OK
* checking examples ...
** running examples for arch 'i386' ... OK
** running examples for arch 'x64' ... OK
* checking for unstated dependencies in 'tests' ... OK
* checking tests ...
** running tests for arch 'i386' ... OK
  Running 'testthat.R'
** running tests for arch 'x64' ... OK
  Running 'testthat.R'
* DONE
Status: 1 WARNING, 1 NOTE
