* using log directory 'C:/Users/jeroen/Documents/checks/phateR.Rcheck'
* using R version 3.7.0 Under development (Testing Rtools) (2019-08-27 r77080)
* using platform: x86_64-w64-mingw32 (64-bit)
* using session charset: ISO8859-1
* using options '--no-manual --no-build-vignettes'
* checking for file 'phateR/DESCRIPTION' ... OK
* this is package 'phateR' version '0.4.1'
* package encoding: UTF-8
* checking package namespace information ... OK
* checking package dependencies ... OK
* checking if this is a source package ... OK
* checking if there is a namespace ... OK
* checking for executable files ... OK
* checking for hidden files and directories ... OK
* checking for portable file names ... OK
* checking whether package 'phateR' can be installed ... ERROR
Installation failed.
See 'C:/Users/jeroen/Documents/checks/phateR.Rcheck/00install.out' for details.
* DONE
Status: 1 ERROR
