* installing *source* package 'phateR' ...
** package 'phateR' successfully unpacked and MD5 sums checked
** using staged installation
** R
** data
*** moving datasets to lazyload DB
** inst
** byte-compile and prepare package for lazy loading
** help
*** installing help indices
*** copying figures
** building package indices
** testing if installed package can be loaded from temporary location
*** arch - i386
Error: package or namespace load failed for 'phateR':
 .onLoad failed in loadNamespace() for 'phateR', details:
  call: `[.data.frame`(x, r, vars, drop = drop)
  error: undefined columns selected
Error: loading failed
Execution halted
*** arch - x64
Error: package or namespace load failed for 'phateR':
 .onLoad failed in loadNamespace() for 'phateR', details:
  call: `[.data.frame`(x, r, vars, drop = drop)
  error: undefined columns selected
Error: loading failed
Execution halted
ERROR: loading failed for 'i386', 'x64'
* removing 'C:/Users/jeroen/Documents/checks/phateR.Rcheck/phateR'
