* using log directory 'C:/Users/Jeroen/Documents/checks/rbi.Rcheck'
* using R version 3.6.0 Under development (Testing Rtools) (2019-03-14 r76238)
* using platform: x86_64-w64-mingw32 (64-bit)
* using session charset: ISO8859-1
* using options '--no-manual --no-build-vignettes'
* checking for file 'rbi/DESCRIPTION' ... OK
* this is package 'rbi' version '0.10.1'
* checking package namespace information ... OK
* checking package dependencies ... OK
* checking if this is a source package ... OK
* checking if there is a namespace ... OK
* checking for executable files ... OK
* checking for hidden files and directories ... OK
* checking for portable file names ... OK
* checking whether package 'rbi' can be installed ... OK
* checking installed package size ... OK
* checking package directory ... OK
* checking 'build' directory ... OK
* checking DESCRIPTION meta-information ... OK
* checking top-level files ... OK
* checking for left-over files ... OK
* checking index information ... OK
* checking package subdirectories ... OK
* checking R files for non-ASCII characters ... OK
* checking R files for syntax errors ... OK
* checking whether the package can be loaded ... OK
* checking whether the package can be loaded with stated dependencies ... OK
* checking whether the package can be unloaded cleanly ... OK
* checking whether the namespace can be loaded with stated dependencies ... OK
* checking whether the namespace can be unloaded cleanly ... OK
* checking loading without being on the library search path ... OK
* checking dependencies in R code ... OK
* checking S3 generic/method consistency ... OK
* checking replacement functions ... OK
* checking foreign function calls ... OK
* checking R code for possible problems ... OK
* checking Rd files ... OK
* checking Rd metadata ... OK
* checking Rd cross-references ... OK
* checking for missing documentation entries ... OK
* checking for code/documentation mismatches ... OK
* checking Rd \usage sections ... OK
* checking Rd contents ... OK
* checking for unstated dependencies in examples ... OK
* checking installed files from 'inst/doc' ... OK
* checking files in 'vignettes' ... OK
* checking examples ... ERROR
Running examples in 'rbi-Ex.R' failed
The error most likely occurred in:

> ### Name: attach_data
> ### Title: Attach a new file or data set to a 'libbi' object
> ### Aliases: attach_data attach_data.libbi
> 
> ### ** Examples
> 
> bi <- libbi(model = system.file(package="rbi", "PZ.bi"))
> example_output <- bi_read(system.file(package="rbi", "example_output.nc"))
Error in R_nc4_open: NetCDF: Unknown file format
Error in nc_open(tools::file_path_as_absolute(x)) : 
  Error in nc_open trying to open file C:/Users/Jeroen/Documents/checks/rbi.Rcheck/rbi/example_output.nc
Calls: bi_read -> bi_open -> nc_open
Execution halted
* checking for unstated dependencies in 'tests' ... OK
* checking tests ... ERROR
  Running 'testthat.R'
Running the tests in 'tests/testthat.R' failed.
Last 13 lines of output:
  > test_check("rbi")
  Error in R_nc4_open: NetCDF: Unknown file format
  -- 1. Error: (unknown) (@test-samples.r#4)  ------------------------------------
  Error in nc_open trying to open file C:/Users/Jeroen/Documents/checks/rbi.Rcheck/rbi/example_output.nc
  1: bi_read(system.file(package = "rbi", "example_output.nc")) at testthat/test-samples.r:4
  2: bi_open(x)
  3: nc_open(tools::file_path_as_absolute(x))
  4: stop(paste("Error in nc_open trying to open file", filename))
  
  == testthat results  ===========================================================
  OK: 145 SKIPPED: 6 FAILED: 1
  1. Error: (unknown) (@test-samples.r#4) 
  
  Error: testthat unit tests failed
  Execution halted
* checking for unstated dependencies in vignettes ... OK
* checking package vignettes in 'inst/doc' ... OK
* checking running R code from vignettes ... NONE
* checking re-building of vignette outputs ... SKIPPED
* DONE
Status: 2 ERRORs
