* using log directory 'C:/Users/jeroen/Documents/checks/snakecase.Rcheck'
* using R version 3.7.0 Under development (Testing Rtools) (2019-08-27 r77080)
* using platform: x86_64-w64-mingw32 (64-bit)
* using session charset: ISO8859-1
* using options '--no-manual --no-build-vignettes'
* checking for file 'snakecase/DESCRIPTION' ... OK
* this is package 'snakecase' version '0.11.0'
* package encoding: UTF-8
* checking package namespace information ... OK
* checking package dependencies ... OK
* checking if this is a source package ... OK
* checking if there is a namespace ... OK
* checking for executable files ... OK
* checking for hidden files and directories ... OK
* checking for portable file names ... OK
* checking whether package 'snakecase' can be installed ... OK
* checking installed package size ... OK
* checking package directory ... OK
* checking 'build' directory ... OK
* checking DESCRIPTION meta-information ... OK
* checking top-level files ... OK
* checking for left-over files ... OK
* checking index information ... OK
* checking package subdirectories ... OK
* checking R files for non-ASCII characters ... OK
* checking R files for syntax errors ... WARNING
Warnings in file 'R/replace_special_characters_internal.R':
  unable to translate '<U+00C4>' to native encoding
  unable to translate '<U+00D6>' to native encoding
  unable to translate '<U+00DC>' to native encoding
  unable to translate '<U+00E4>' to native encoding
  unable to translate '<U+00F6>' to native encoding
  unable to translate '<U+00FC>' to native encoding
  unable to translate '<U+00DF>' to native encoding
  unable to translate '<U+00C6>' to native encoding
  unable to translate '<U+00E6>' to native encoding
  unable to translate '<U+00D8>' to native encoding
  unable to translate '<U+00F8>' to native encoding
  unable to translate '<U+00C5>' to native encoding
  unable to translate '<U+00E5>' to native encoding
  unable to translate '<U+00C6>' to native encoding
  unable to translate '<U+00E6>' to native encoding
  unable to translate '<U+00D8>' to native encoding
  unable to translate '<U+00F8>' to native encoding
  unable to translate '<U+00C6>' to native encoding
  unable to translate '<U+00E6>' to native encoding
  unable to translate '<U+00D8>' to native encoding
  unable to translate '<U+00F8>' to native encoding
  unable to translate '<U+00C5>' to native encoding
  unable to translate '<U+00E5>' to native encoding
* checking whether the package can be loaded ... OK
* checking whether the package can be loaded with stated dependencies ... OK
* checking whether the package can be unloaded cleanly ... OK
* checking whether the namespace can be loaded with stated dependencies ... OK
* checking whether the namespace can be unloaded cleanly ... OK
* checking loading without being on the library search path ... OK
* checking dependencies in R code ... OK
* checking S3 generic/method consistency ... OK
* checking replacement functions ... OK
* checking foreign function calls ... OK
* checking R code for possible problems ... OK
* checking Rd files ... OK
* checking Rd metadata ... OK
* checking Rd cross-references ... OK
* checking for missing documentation entries ... OK
* checking for code/documentation mismatches ... OK
* checking Rd \usage sections ... OK
* checking Rd contents ... OK
* checking for unstated dependencies in examples ... OK
* checking installed files from 'inst/doc' ... OK
* checking files in 'vignettes' ... OK
* checking examples ... OK
* checking for unstated dependencies in 'tests' ... OK
* checking tests ... OK
  Running 'testthat.R'
* checking for unstated dependencies in vignettes ... OK
* checking package vignettes in 'inst/doc' ... OK
* checking running R code from vignettes ... NONE
  'caseconverters.Rmd' using 'UTF-8'... OK
  'introducing-the-snakecase-package.Rmd' using 'UTF-8'... OK
* checking re-building of vignette outputs ... SKIPPED
* DONE
Status: 1 WARNING
