* using log directory 'C:/Users/Jeroen/Documents/checks/DPpackage.Rcheck'
* using R version 3.6.0 Under development (Testing Rtools) (2019-03-14 r76238)
* using platform: x86_64-w64-mingw32 (64-bit)
* using session charset: ISO8859-1
* using options '--no-manual --no-build-vignettes'
* checking for file 'DPpackage/DESCRIPTION' ... OK
* this is package 'DPpackage' version '1.1-7.4'
* checking package namespace information ... OK
* checking package dependencies ... OK
* checking if this is a source package ... OK
* checking if there is a namespace ... OK
* checking for executable files ... OK
* checking for hidden files and directories ... OK
* checking for portable file names ... OK
* checking whether package 'DPpackage' can be installed ... OK
* checking installed package size ... NOTE
  installed size is  5.8Mb
  sub-directories of 1Mb or more:
    R      1.7Mb
    libs   3.3Mb
* checking package directory ... OK
* checking DESCRIPTION meta-information ... OK
* checking top-level files ... OK
* checking for left-over files ... OK
* checking index information ... OK
* checking package subdirectories ... OK
* checking R files for non-ASCII characters ... OK
* checking R files for syntax errors ... OK
* loading checks for arch 'i386'
** checking whether the package can be loaded ... OK
** checking whether the package can be loaded with stated dependencies ... OK
** checking whether the package can be unloaded cleanly ... OK
** checking whether the namespace can be loaded with stated dependencies ... OK
** checking whether the namespace can be unloaded cleanly ... OK
** checking loading without being on the library search path ... OK
* loading checks for arch 'x64'
** checking whether the package can be loaded ... OK
** checking whether the package can be loaded with stated dependencies ... OK
** checking whether the package can be unloaded cleanly ... OK
** checking whether the namespace can be loaded with stated dependencies ... OK
** checking whether the namespace can be unloaded cleanly ... OK
** checking loading without being on the library search path ... OK
* checking dependencies in R code ... OK
* checking S3 generic/method consistency ... OK
* checking replacement functions ... OK
* checking foreign function calls ... OK
* checking R code for possible problems ... OK
* checking Rd files ... OK
* checking Rd metadata ... OK
* checking Rd cross-references ... OK
* checking for missing documentation entries ... OK
* checking for code/documentation mismatches ... OK
* checking Rd \usage sections ... OK
* checking Rd contents ... OK
* checking for unstated dependencies in examples ... OK
* checking contents of 'data' directory ... OK
* checking data for non-ASCII characters ... OK
* checking data for ASCII and uncompressed saves ... OK
* checking line endings in C/C++/Fortran sources/headers ... OK
* checking line endings in Makefiles ... OK
* checking compilation flags in Makevars ... OK
* checking for GNU extensions in Makefiles ... OK
* checking for portable use of $(BLAS_LIBS) and $(LAPACK_LIBS) ... OK
* checking compiled code ... WARNING
File 'DPpackage/libs/i386/DPpackage.dll':
  Found '_gfortran_st_close', possibly from 'close' (Fortran)
    Objects: 'DPdensityreg.o', 'LDBDPdensity.o', 'LDDPdensity.o',
      'LDDPsurvival.o', 'LDPDdoublyintsba.o', 'LDTFPdensity.o',
      'LDTFPglmmpois.o', 'LDTFPsurvival.o', 'PSgamgam.o',
      'PSgamgauss.o', 'PSgamlogit.o', 'PSgampois.o', 'PSgamprob.o',
      'ToolsLDTFP.o'
  Found '_gfortran_st_open', possibly from 'open' (Fortran)
    Objects: 'DPdensityreg.o', 'LDBDPdensity.o', 'LDDPdensity.o',
      'LDDPsurvival.o', 'LDPDdoublyintsba.o', 'LDTFPdensity.o',
      'LDTFPglmmpois.o', 'LDTFPsurvival.o', 'PSgamgam.o',
      'PSgamgauss.o', 'PSgamlogit.o', 'PSgampois.o', 'PSgamprob.o',
      'ToolsLDTFP.o'
File 'DPpackage/libs/x64/DPpackage.dll':
  Found '_gfortran_st_close', possibly from 'close' (Fortran)
    Objects: 'DPdensityreg.o', 'LDBDPdensity.o', 'LDDPdensity.o',
      'LDDPsurvival.o', 'LDPDdoublyintsba.o', 'LDTFPdensity.o',
      'LDTFPglmmpois.o', 'LDTFPsurvival.o', 'PSgamgam.o',
      'PSgamgauss.o', 'PSgamlogit.o', 'PSgampois.o', 'PSgamprob.o',
      'ToolsLDTFP.o'
  Found '_gfortran_st_open', possibly from 'open' (Fortran)
    Objects: 'DPdensityreg.o', 'LDBDPdensity.o', 'LDDPdensity.o',
      'LDDPsurvival.o', 'LDPDdoublyintsba.o', 'LDTFPdensity.o',
      'LDTFPglmmpois.o', 'LDTFPsurvival.o', 'PSgamgam.o',
      'PSgamgauss.o', 'PSgamlogit.o', 'PSgampois.o', 'PSgamprob.o',
      'ToolsLDTFP.o'

Compiled code should not call entry points which might terminate R nor
write to stdout/stderr instead of to the console, nor use Fortran I/O
nor system RNGs.

See 'Writing portable packages' in the 'Writing R Extensions' manual.
* checking examples ...
** running examples for arch 'i386' ... OK
** running examples for arch 'x64' ... OK
* DONE
Status: 1 WARNING, 1 NOTE
