* using log directory 'C:/Users/Jeroen/Documents/checks/blavaan.Rcheck'
* using R version 3.7.0 Under development (Testing Rtools) (2019-06-25 r76738)
* using platform: x86_64-w64-mingw32 (64-bit)
* using session charset: ISO8859-1
* using options '--no-manual --no-build-vignettes'
* checking for file 'blavaan/DESCRIPTION' ... OK
* this is package 'blavaan' version '0.3-4'
* checking package namespace information ... OK
* checking package dependencies ... NOTE
Packages suggested but not available for checking: 'runjags', 'rjags'
* checking if this is a source package ... OK
* checking if there is a namespace ... OK
* checking for executable files ... OK
* checking for hidden files and directories ... OK
* checking for portable file names ... OK
* checking whether package 'blavaan' can be installed ... OK
* checking installed package size ... OK
* checking package directory ... OK
* checking DESCRIPTION meta-information ... OK
* checking top-level files ... OK
* checking for left-over files ... OK
* checking index information ... OK
* checking package subdirectories ... OK
* checking R files for non-ASCII characters ... OK
* checking R files for syntax errors ... OK
* checking whether the package can be loaded ... OK
* checking whether the package can be loaded with stated dependencies ... OK
* checking whether the package can be unloaded cleanly ... OK
* checking whether the namespace can be loaded with stated dependencies ... OK
* checking whether the namespace can be unloaded cleanly ... OK
* checking loading without being on the library search path ... OK
* checking dependencies in R code ... OK
* checking S3 generic/method consistency ... OK
* checking replacement functions ... OK
* checking foreign function calls ... OK
* checking R code for possible problems ... OK
* checking Rd files ... OK
* checking Rd metadata ... OK
* checking Rd cross-references ... OK
* checking for missing documentation entries ... OK
* checking for code/documentation mismatches ... OK
* checking Rd \usage sections ... OK
* checking Rd contents ... OK
* checking for unstated dependencies in examples ... OK
* checking examples ... OK
* checking for unstated dependencies in 'tests' ... OK
* checking tests ... ERROR
  Running 'testthat.R'
Running the tests in 'tests/testthat.R' failed.
Last 13 lines of output:
  blavaan NOTE: runjags not installed; using rstan instead.
  DIAGNOSTIC(S) FROM PARSER:
  Info:
  Left-hand side of sampling statement (~) may contain a non-linear transform of a parameter or local variable.
  If it does, you need to include a target += statement with the log absolute determinant of the Jacobian of the transform.
  Left-hand-side of sampling statement:
      eta ~ sem_lv_lpdf(...)
  
  blavaan NOTE: runjags not installed; using rstan instead.
  == testthat results  ===========================================================
  OK: 7 SKIPPED: 1 WARNINGS: 0 FAILED: 1
  1. Failure: blavaan arguments (@tests.blavaan.R#13) 
  
  Error: testthat unit tests failed
  Execution halted
* DONE
Status: 1 ERROR, 1 NOTE
