* using log directory 'C:/Users/jeroen/Documents/checks/pkgconfig.Rcheck'
* using R version 3.7.0 Under development (Testing Rtools) (2019-08-27 r77080)
* using platform: x86_64-w64-mingw32 (64-bit)
* using session charset: ISO8859-1
* using options '--no-manual --no-build-vignettes'
* checking for file 'pkgconfig/DESCRIPTION' ... OK
* this is package 'pkgconfig' version '2.0.2'
* package encoding: UTF-8
* checking package namespace information ... OK
* checking package dependencies ... OK
* checking if this is a source package ... OK
* checking if there is a namespace ... OK
* checking for executable files ... OK
* checking for hidden files and directories ... OK
* checking for portable file names ... OK
* checking whether package 'pkgconfig' can be installed ... OK
* checking installed package size ... OK
* checking package directory ... OK
* checking DESCRIPTION meta-information ... OK
* checking top-level files ... OK
* checking for left-over files ... OK
* checking index information ... OK
* checking package subdirectories ... OK
* checking R files for non-ASCII characters ... OK
* checking R files for syntax errors ... OK
* checking whether the package can be loaded ... OK
* checking whether the package can be loaded with stated dependencies ... OK
* checking whether the package can be unloaded cleanly ... OK
* checking whether the namespace can be loaded with stated dependencies ... OK
* checking whether the namespace can be unloaded cleanly ... OK
* checking dependencies in R code ... OK
* checking S3 generic/method consistency ... OK
* checking replacement functions ... OK
* checking foreign function calls ... OK
* checking R code for possible problems ... OK
* checking Rd files ... OK
* checking Rd metadata ... OK
* checking Rd cross-references ... OK
* checking for missing documentation entries ... OK
* checking for code/documentation mismatches ... OK
* checking Rd \usage sections ... OK
* checking Rd contents ... OK
* checking for unstated dependencies in examples ... OK
* checking examples ... NONE
* checking for unstated dependencies in 'tests' ... OK
* checking tests ... ERROR
  Running 'testthat.R'
Running the tests in 'tests/testthat.R' failed.
Last 13 lines of output:
  14: stop(msg, call. = FALSE, domain = NA)
  
  Error in disposables::dispose_packages(pkgs) : object 'pkgs' not found
  == testthat results  ===========================================================
  [ OK: 3 | SKIPPED: 0 | WARNINGS: 0 | FAILED: 7 ]
  1. Error: We can create a custom API (@test-api.R#7) 
  2. Error: Global env does not bother packages (@test-globalenv.R#11) 
  3. Error: Session variables (@tests.R#19) 
  4. Error: Composite values (@tests.R#40) 
  5. Error: Two packages do not interfere (@tests.R#51) 
  6. Error: Cannot get if set by another package (@tests.R#80) 
  7. Error: Setting from .onLoad works fine (@tests.R#98) 
  
  Error: testthat unit tests failed
  Execution halted
* DONE
Status: 1 ERROR
