* using log directory 'C:/Users/jeroen/Documents/checks/landsepi.Rcheck'
* using R version 4.0.0 Under development (Testing Rtools) (2019-10-01 r77242)
* using platform: x86_64-w64-mingw32 (64-bit)
* using session charset: ISO8859-1
* checking for file 'landsepi/DESCRIPTION' ... OK
* checking extension type ... Package
* this is package 'landsepi' version '0.0.8'
* package encoding: UTF-8
* checking package namespace information ... OK
* checking package dependencies ... OK
* checking if this is a source package ... OK
* checking if there is a namespace ... OK
* checking for executable files ... OK
* checking for hidden files and directories ... OK
* checking for portable file names ... OK
* checking whether package 'landsepi' can be installed ... WARNING
Found the following significant warnings:
  model_simul.cpp:838:22: warning: ISO C++ forbids converting a string constant to 'char*' [-Wwrite-strings]
  model_simul.cpp:719:19: warning: '.bin' directive writing 4 bytes into a region of size between 3 and 11 [-Wformat-overflow=]
  model_simul.cpp:720:22: warning: '.bin' directive writing 4 bytes into a region of size between 0 and 8 [-Wformat-overflow=]
  model_simul.cpp:721:19: warning: '.bin' directive writing 4 bytes into a region of size between 3 and 11 [-Wformat-overflow=]
  model_simul.cpp:722:19: warning: '.bin' directive writing 4 bytes into a region of size between 3 and 11 [-Wformat-overflow=]
  model_simul.cpp:723:19: warning: '.bin' directive writing 4 bytes into a region of size between 3 and 11 [-Wformat-overflow=]
  model_simul.cpp:724:19: warning: '.bin' directive writing 4 bytes into a region of size between 3 and 11 [-Wformat-overflow=]
  printReadWrite.cpp:54:23: warning: ISO C++ forbids converting a string constant to 'char*' [-Wwrite-strings]
  printReadWrite.cpp:74:23: warning: ISO C++ forbids converting a string constant to 'char*' [-Wwrite-strings]
  printReadWrite.cpp:84:25: warning: ISO C++ forbids converting a string constant to 'char*' [-Wwrite-strings]
  printReadWrite.cpp:138:38: warning: ISO C++ forbids converting a string constant to 'char*' [-Wwrite-strings]
  printReadWrite.cpp:139:40: warning: ISO C++ forbids converting a string constant to 'char*' [-Wwrite-strings]
  printReadWrite.cpp:140:47: warning: ISO C++ forbids converting a string constant to 'char*' [-Wwrite-strings]
  printReadWrite.cpp:141:45: warning: ISO C++ forbids converting a string constant to 'char*' [-Wwrite-strings]
  printReadWrite.cpp:152:91: warning: ISO C++ forbids converting a string constant to 'char*' [-Wwrite-strings]
See 'C:/Users/jeroen/Documents/checks/landsepi.Rcheck/00install.out' for details.
* checking installed package size ... NOTE
  installed size is 79.8Mb
  sub-directories of 1Mb or more:
    gdal   3.8Mb
    libs  69.7Mb
    proj   5.0Mb
* checking package directory ... OK
* checking DESCRIPTION meta-information ... OK
* checking top-level files ... OK
* checking for left-over files ... OK
* checking index information ... OK
* checking package subdirectories ... OK
* checking R files for non-ASCII characters ... OK
* checking R files for syntax errors ... OK
* loading checks for arch 'i386'
** checking whether the package can be loaded ... OK
** checking whether the package can be loaded with stated dependencies ... OK
** checking whether the package can be unloaded cleanly ... OK
** checking whether the namespace can be loaded with stated dependencies ... OK
** checking whether the namespace can be unloaded cleanly ... OK
** checking loading without being on the library search path ... OK
* loading checks for arch 'x64'
** checking whether the package can be loaded ... OK
** checking whether the package can be loaded with stated dependencies ... OK
** checking whether the package can be unloaded cleanly ... OK
** checking whether the namespace can be loaded with stated dependencies ... OK
** checking whether the namespace can be unloaded cleanly ... OK
** checking loading without being on the library search path ... OK
* checking dependencies in R code ... OK
* checking S3 generic/method consistency ... OK
* checking replacement functions ... OK
* checking foreign function calls ... OK
* checking R code for possible problems ... OK
* checking Rd files ... OK
* checking Rd metadata ... OK
* checking Rd cross-references ... OK
* checking for missing documentation entries ... OK
* checking for code/documentation mismatches ... OK
* checking Rd \usage sections ... OK
* checking Rd contents ... OK
* checking for unstated dependencies in examples ... OK
* checking contents of 'data' directory ... OK
* checking data for non-ASCII characters ... OK
* checking data for ASCII and uncompressed saves ... OK
* checking line endings in shell scripts ... OK
* checking line endings in C/C++/Fortran sources/headers ... OK
* checking line endings in Makefiles ... OK
* checking compilation flags in Makevars ... OK
* checking for GNU extensions in Makefiles ... OK
* checking for portable use of $(BLAS_LIBS) and $(LAPACK_LIBS) ... OK
* checking use of PKG_*FLAGS in Makefiles ... OK
* checking compiled code ... OK
* checking examples ...
** running examples for arch 'i386' ... OK
** running examples for arch 'x64' ... OK
* checking PDF version of manual ... OK
* DONE
Status: 1 WARNING, 1 NOTE
