* using log directory 'C:/Users/Jeroen/Documents/checks/kappalab.Rcheck'
* using R version 3.7.0 Under development (Testing Rtools) (2019-06-11 r76694)
* using platform: x86_64-w64-mingw32 (64-bit)
* using session charset: ISO8859-1
* using options '--no-manual --no-build-vignettes'
* checking for file 'kappalab/DESCRIPTION' ... OK
* this is package 'kappalab' version '0.4-7'
* package encoding: latin1
* checking package namespace information ... OK
* checking package dependencies ... OK
* checking if this is a source package ... OK
* checking if there is a namespace ... OK
* checking for executable files ... OK
* checking for hidden files and directories ... OK
* checking for portable file names ... OK
* checking whether package 'kappalab' can be installed ... OK
* checking installed package size ... OK
* checking package directory ... OK
* checking DESCRIPTION meta-information ... OK
* checking top-level files ... OK
* checking for left-over files ... OK
* checking index information ... OK
* checking package subdirectories ... OK
* checking R files for non-ASCII characters ... OK
* checking R files for syntax errors ... OK
* loading checks for arch 'i386'
** checking whether the package can be loaded ... OK
** checking whether the package can be loaded with stated dependencies ... OK
** checking whether the package can be unloaded cleanly ... OK
** checking whether the namespace can be loaded with stated dependencies ... OK
** checking whether the namespace can be unloaded cleanly ... OK
** checking loading without being on the library search path ... OK
* loading checks for arch 'x64'
** checking whether the package can be loaded ... OK
** checking whether the package can be loaded with stated dependencies ... OK
** checking whether the package can be unloaded cleanly ... OK
** checking whether the namespace can be loaded with stated dependencies ... OK
** checking whether the namespace can be unloaded cleanly ... OK
** checking loading without being on the library search path ... OK
* checking dependencies in R code ... OK
* checking S3 generic/method consistency ... OK
* checking replacement functions ... OK
* checking foreign function calls ... OK
* checking R code for possible problems ... OK
* checking Rd files ... OK
* checking Rd metadata ... OK
* checking Rd cross-references ... OK
* checking for missing documentation entries ... OK
* checking for code/documentation mismatches ... OK
* checking Rd \usage sections ... OK
* checking Rd contents ... OK
* checking for unstated dependencies in examples ... OK
* checking line endings in C/C++/Fortran sources/headers ... OK
* checking compiled code ... OK
* checking examples ...
** running examples for arch 'i386' ... OK
** running examples for arch 'x64' ... OK
* checking for unstated dependencies in 'tests' ... OK
* checking tests ...
** running tests for arch 'i386' ... ERROR
  Running 'Choquet.integral-methods.R'
  Running 'Mobius-methods.R'
  Running 'Mobius.capacity-class.R'
  Running 'Mobius.card.set.func-class.R'
  Running 'Mobius.game-class.R'
  Running 'Mobius.set.func-class.R'
  Running 'Shapley.value-methods.R'
  Running 'capacity-class.R'
  Running 'card.capacity-class.R'
  Running 'card.game-class.R'
  Running 'card.set.func-class.R'
  Running 'conjugate-methods.R'
  Running 'entropy-methods.R'
  Running 'entropy.capa.ident.R'
  Running 'heuristic.ls.capa.ident.R'
  Running 'interaction.indices-methods.R'
  Running 'is.cardinal-methods.R'
  Running 'is.kadditive-methods.R'
  Running 'is.monotone-methods.R'
  Running 'k.truncate.Mobius-methods.R'
  Running 'least.squares.capa.ident.R'
  Running 'lin.prog.capa.ident.R'
  Running 'ls.sorting.treatment.R'
Running the tests in 'tests/ls.sorting.treatment.R' failed.
Last 13 lines of output:
  >         # Aiap <- c(1,1,2,2)
  >          Aiap <- NULL
  >         
  > 	print("*** Starting the calculations")
  [1] "*** Starting the calculations"
  > 	## search for a capacity which satisfies the constraints
  > 	lsc <- ls.sorting.capa.ident(n ,k, P, cl.proto, d,
  +                                    A.Shapley.preorder = Asp,
  +                                    A.Shapley.interval = Asi,
  +                                    A.interaction.preorder = Aip,
  +                                    A.interaction.interval = Aii,
  +                                    A.inter.additive.partition = Aiap)
  Error in ls.sorting.capa.ident(n, k, P, cl.proto, d, A.Shapley.preorder = Asp,  : 
    not enough classes
  Execution halted
** running tests for arch 'x64' ... OK
  Running 'Choquet.integral-methods.R'
  Running 'Mobius-methods.R'
  Running 'Mobius.capacity-class.R'
  Running 'Mobius.card.set.func-class.R'
  Running 'Mobius.game-class.R'
  Running 'Mobius.set.func-class.R'
  Running 'Shapley.value-methods.R'
  Running 'capacity-class.R'
  Running 'card.capacity-class.R'
  Running 'card.game-class.R'
  Running 'card.set.func-class.R'
  Running 'conjugate-methods.R'
  Running 'entropy-methods.R'
  Running 'entropy.capa.ident.R'
  Running 'heuristic.ls.capa.ident.R'
  Running 'interaction.indices-methods.R'
  Running 'is.cardinal-methods.R'
  Running 'is.kadditive-methods.R'
  Running 'is.monotone-methods.R'
  Running 'k.truncate.Mobius-methods.R'
  Running 'least.squares.capa.ident.R'
  Running 'lin.prog.capa.ident.R'
  Running 'ls.sorting.treatment.R'
  Running 'mini.dist.capa.ident.R'
  Running 'mini.var.capa.ident.R'
  Running 'orness-methods.R'
  Running 'set.func-class.R'
  Running 'to.data.frame-methods.R'
  Running 'variance-methods.R'
  Running 'veto-methods.R'
* DONE
Status: 1 ERROR
