* using log directory 'C:/Users/Jeroen/Documents/checks/vctrs.Rcheck'
* using R version 3.7.0 Under development (Testing Rtools) (2019-07-30 r76907)
* using platform: x86_64-w64-mingw32 (64-bit)
* using session charset: ISO8859-1
* using options '--no-manual --no-build-vignettes'
* checking for file 'vctrs/DESCRIPTION' ... OK
* this is package 'vctrs' version '0.2.0'
* package encoding: UTF-8
* checking package namespace information ... OK
* checking package dependencies ... OK
* checking if this is a source package ... OK
* checking if there is a namespace ... OK
* checking for executable files ... OK
* checking for hidden files and directories ... OK
* checking for portable file names ... OK
* checking whether package 'vctrs' can be installed ... OK
* checking installed package size ... OK
* checking package directory ... OK
* checking 'build' directory ... OK
* checking DESCRIPTION meta-information ... OK
* checking top-level files ... OK
* checking for left-over files ... OK
* checking index information ... OK
* checking package subdirectories ... OK
* checking R files for non-ASCII characters ... OK
* checking R files for syntax errors ... OK
* loading checks for arch 'i386'
** checking whether the package can be loaded ... OK
** checking whether the package can be loaded with stated dependencies ... OK
** checking whether the package can be unloaded cleanly ... OK
** checking whether the namespace can be loaded with stated dependencies ... OK
** checking whether the namespace can be unloaded cleanly ... OK
** checking loading without being on the library search path ... OK
* loading checks for arch 'x64'
** checking whether the package can be loaded ... OK
** checking whether the package can be loaded with stated dependencies ... OK
** checking whether the package can be unloaded cleanly ... OK
** checking whether the namespace can be loaded with stated dependencies ... OK
** checking whether the namespace can be unloaded cleanly ... OK
** checking loading without being on the library search path ... OK
* checking dependencies in R code ... OK
* checking S3 generic/method consistency ... WARNING
vec_ptype_abbr:
  function(x, ...)
vec_ptype_abbr.pillar_empty_col:
  function(x)

vec_ptype_abbr:
  function(x, ...)
vec_ptype_abbr.pillar_empty_col:
  function(x)

See section 'Generic functions and methods' in the 'Writing R
Extensions' manual.
* checking replacement functions ... OK
* checking foreign function calls ... OK
* checking R code for possible problems ... OK
* checking Rd files ... OK
* checking Rd metadata ... OK
* checking Rd cross-references ... OK
* checking for missing documentation entries ... OK
* checking for code/documentation mismatches ... OK
* checking Rd \usage sections ... OK
* checking Rd contents ... OK
* checking for unstated dependencies in examples ... OK
* checking line endings in C/C++/Fortran sources/headers ... OK
* checking compiled code ... OK
* checking installed files from 'inst/doc' ... OK
* checking files in 'vignettes' ... OK
* checking examples ...
** running examples for arch 'i386' ... ERROR
Running examples in 'vctrs-Ex.R' failed
The error most likely occurred in:

> ### Name: list_of
> ### Title: 'list_of' S3 class for homogenous lists
> ### Aliases: list_of as_list_of validate_list_of is_list_of
> ###   vec_ptype2.vctrs_list_of vec_cast.vctrs_list_of
> 
> ### ** Examples
> 
> x <- list_of(1:3, 5:6, 10:15)
> if (requireNamespace("tibble", quietly = TRUE)) {
+   tibble::tibble(x = x)
+ }
Error: 'vec_dim' is not an exported object from 'namespace:vctrs'
Execution halted
** running examples for arch 'x64' ... ERROR
Running examples in 'vctrs-Ex.R' failed
The error most likely occurred in:

> ### Name: list_of
> ### Title: 'list_of' S3 class for homogenous lists
> ### Aliases: list_of as_list_of validate_list_of is_list_of
> ###   vec_ptype2.vctrs_list_of vec_cast.vctrs_list_of
> 
> ### ** Examples
> 
> x <- list_of(1:3, 5:6, 10:15)
> if (requireNamespace("tibble", quietly = TRUE)) {
+   tibble::tibble(x = x)
+ }
Error: 'vec_dim' is not an exported object from 'namespace:vctrs'
Execution halted
* checking for unstated dependencies in 'tests' ... OK
* checking tests ...
** running tests for arch 'i386' ... OK
  Running 'testthat.R'
** running tests for arch 'x64' ... OK
  Running 'testthat.R'
* checking for unstated dependencies in vignettes ... OK
* checking package vignettes in 'inst/doc' ... OK
* checking running R code from vignettes ... NONE
  's3-vector.Rmd' using 'UTF-8'... OK
  'stability.Rmd' using 'UTF-8'... OK
  'type-size.Rmd' using 'UTF-8'... OK
* checking re-building of vignette outputs ... SKIPPED
* DONE
Status: 2 ERRORs, 1 WARNING
