* using log directory 'C:/Users/jeroen/Documents/checks/pbdBASE.Rcheck'
* using R version 4.0.0 Under development (Testing Rtools) (2019-10-01 r77242)
* using platform: x86_64-w64-mingw32 (64-bit)
* using session charset: ISO8859-1
* using options '--no-manual --no-build-vignettes'
* checking for file 'pbdBASE/DESCRIPTION' ... OK
* checking extension type ... Package
* this is package 'pbdBASE' version '0.5-0'
* checking package namespace information ... OK
* checking package dependencies ... OK
* checking if this is a source package ... OK
* checking if there is a namespace ... OK
* checking for executable files ... OK
* checking for hidden files and directories ... OK
* checking for portable file names ... OK
* checking whether package 'pbdBASE' can be installed ... ERROR
Installation failed.
See 'C:/Users/jeroen/Documents/checks/pbdBASE.Rcheck/00install.out' for details.
* DONE
Status: 1 ERROR
