* using log directory 'C:/Users/jeroen/Documents/checks/wrassp.Rcheck'
* using R version 3.6.0 Under development (Testing Rtools) (2018-07-27 r75008)
* using platform: x86_64-w64-mingw32 (64-bit)
* using session charset: ISO8859-1
* using options '--no-manual --no-build-vignettes'
* checking for file 'wrassp/DESCRIPTION' ... OK
* this is package 'wrassp' version '0.1.7'
* checking package namespace information ... OK
* checking package dependencies ... OK
* checking if this is a source package ... OK
* checking if there is a namespace ... OK
* checking for executable files ... OK
* checking for hidden files and directories ... OK
* checking for portable file names ... OK
* checking whether package 'wrassp' can be installed ... WARNING
Found the following significant warnings:
  assp/headers.c:1138:3: warning: 'strncpy' output truncated before terminating nul copying 4 bytes from a string of the same length [-Wstringop-truncation]
  assp/headers.c:1142:5: warning: 'strncpy' output truncated before terminating nul copying 4 bytes from a string of the same length [-Wstringop-truncation]
  assp/headers.c:1144:5: warning: 'strncpy' output truncated before terminating nul copying 4 bytes from a string of the same length [-Wstringop-truncation]
  assp/headers.c:1150:5: warning: 'strncpy' output truncated before terminating nul copying 4 bytes from a string of the same length [-Wstringop-truncation]
  assp/headers.c:1158:3: warning: 'strncpy' output truncated before terminating nul copying 4 bytes from a string of the same length [-Wstringop-truncation]
  assp/headers.c:1173:2: warning: 'strncpy' output truncated before terminating nul copying 4 bytes from a string of the same length [-Wstringop-truncation]
  assp/headers.c:1176:2: warning: 'strncpy' output truncated before terminating nul copying 4 bytes from a string of the same length [-Wstringop-truncation]
  assp/headers.c:1179:2: warning: 'strncpy' output truncated before terminating nul copying 4 bytes from a string of the same length [-Wstringop-truncation]
  assp/headers.c:1184:7: warning: 'strncpy' output truncated before terminating nul copying 4 bytes from a string of the same length [-Wstringop-truncation]
  assp/headers.c:1187:7: warning: 'strncpy' output truncated before terminating nul copying 4 bytes from a string of the same length [-Wstringop-truncation]
  assp/headers.c:1201:3: warning: 'strncpy' output truncated before terminating nul copying 4 bytes from a string of the same length [-Wstringop-truncation]
  assp/headers.c:1400:3: warning: 'strncpy' output truncated before terminating nul copying 8 bytes from a string of the same length [-Wstringop-truncation]
  assp/headers.c:1406:3: warning: 'strncpy' output truncated before terminating nul copying 4 bytes from a string of the same length [-Wstringop-truncation]
  assp/headers.c:1419:5: warning: 'strncpy' output truncated before terminating nul copying 4 bytes from a string of the same length [-Wstringop-truncation]
  assp/headers.c:1424:5: warning: 'strncpy' output truncated before terminating nul copying 4 bytes from a string of the same length [-Wstringop-truncation]
  assp/headers.c:636:3: warning: 'strncpy' output truncated before terminating nul copying 4 bytes from a string of the same length [-Wstringop-truncation]
  assp/headers.c:640:3: warning: 'strncpy' output truncated before terminating nul copying 4 bytes from a string of the same length [-Wstringop-truncation]
  assp/headers.c:643:3: warning: 'strncpy' output truncated before terminating nul copying 4 bytes from a string of the same length [-Wstringop-truncation]
  assp/headers.c:672:5: warning: 'strncpy' output truncated before terminating nul copying 4 bytes from a string of the same length [-Wstringop-truncation]
  assp/headers.c:679:3: warning: 'strncpy' output truncated before terminating nul copying 4 bytes from a string of the same length [-Wstringop-truncation]
  assp/headers.c:2587:3: warning: 'strncpy' output truncated before terminating nul copying as many bytes from a string as its length [-Wstringop-truncation]
  assp/headers.c:2610:5: warning: 'strncpy' output truncated before terminating nul copying as many bytes from a string as its length [-Wstringop-truncation]
  performAssp.c:970:17: warning: 'strncpy' specified bound depends on the length of the source argument [-Wstringop-overflow=]
  performAssp.c:919:13: warning: 'strncpy' output truncated before terminating nul copying as many bytes from a string as its length [-Wstringop-truncation]
  performAssp.c:876:17: warning: 'strncpy' output truncated before terminating nul copying as many bytes from a string as its length [-Wstringop-truncation]
  performAssp.c:880:17: warning: 'strncpy' output truncated before terminating nul copying as many bytes from a string as its length [-Wstringop-truncation]
  performAssp.c:903:21: warning: 'strncpy' output truncated before terminating nul copying as many bytes from a string as its length [-Wstringop-truncation]
  performAssp.c:863:17: warning: 'strncpy' output truncated before terminating nul copying as many bytes from a string as its length [-Wstringop-truncation]
  performAssp.c:865:21: warning: 'strncpy' output truncated before terminating nul copying as many bytes from a string as its length [-Wstringop-truncation]
See 'C:/Users/jeroen/Documents/checks/wrassp.Rcheck/00install.out' for details.
* checking installed package size ... OK
* checking package directory ... OK
* checking 'build' directory ... OK
* checking DESCRIPTION meta-information ... OK
* checking top-level files ... OK
* checking for left-over files ... OK
* checking index information ... OK
* checking package subdirectories ... OK
* checking R files for non-ASCII characters ... OK
* checking R files for syntax errors ... OK
* loading checks for arch 'i386'
** checking whether the package can be loaded ... OK
** checking whether the package can be loaded with stated dependencies ... OK
** checking whether the package can be unloaded cleanly ... OK
** checking whether the namespace can be loaded with stated dependencies ... OK
** checking whether the namespace can be unloaded cleanly ... OK
** checking loading without being on the library search path ... OK
* loading checks for arch 'x64'
** checking whether the package can be loaded ... OK
** checking whether the package can be loaded with stated dependencies ... OK
** checking whether the package can be unloaded cleanly ... OK
** checking whether the namespace can be loaded with stated dependencies ... OK
** checking whether the namespace can be unloaded cleanly ... OK
** checking loading without being on the library search path ... OK
* checking dependencies in R code ... OK
* checking S3 generic/method consistency ... OK
* checking replacement functions ... OK
* checking foreign function calls ... OK
* checking R code for possible problems ... OK
* checking Rd files ... OK
* checking Rd metadata ... OK
* checking Rd cross-references ... OK
* checking for missing documentation entries ... OK
* checking for code/documentation mismatches ... OK
* checking Rd \usage sections ... OK
* checking Rd contents ... OK
* checking for unstated dependencies in examples ... OK
* checking line endings in C/C++/Fortran sources/headers ... OK
* checking line endings in Makefiles ... OK
* checking compilation flags in Makevars ... OK
* checking for GNU extensions in Makefiles ... OK
* checking for portable use of $(BLAS_LIBS) and $(LAPACK_LIBS) ... OK
* checking compiled code ... OK
* checking installed files from 'inst/doc' ... OK
* checking files in 'vignettes' ... OK
* checking examples ...
** running examples for arch 'i386' ... OK
** running examples for arch 'x64' ... OK
* checking for unstated dependencies in 'tests' ... OK
* checking tests ...
** running tests for arch 'i386' ... OK
  Running 'testthat.R'
** running tests for arch 'x64' ... OK
  Running 'testthat.R'
* checking for unstated dependencies in vignettes ... OK
* checking package vignettes in 'inst/doc' ... OK
* checking running R code from vignettes ... NONE
* checking re-building of vignette outputs ... SKIPPED
* DONE
Status: 1 WARNING
