* using log directory 'C:/Users/jeroen/Documents/checks/sessioninfo.Rcheck'
* using R version 4.0.0 Under development (Testing Rtools) (2019-10-01 r77242)
* using platform: x86_64-w64-mingw32 (64-bit)
* using session charset: ISO8859-1
* using options '--no-manual --no-build-vignettes'
* checking for file 'sessioninfo/DESCRIPTION' ... OK
* this is package 'sessioninfo' version '1.1.1'
* package encoding: UTF-8
* checking package namespace information ... OK
* checking package dependencies ... OK
* checking if this is a source package ... OK
* checking if there is a namespace ... OK
* checking for executable files ... OK
* checking for hidden files and directories ... OK
* checking for portable file names ... OK
* checking whether package 'sessioninfo' can be installed ... OK
* checking installed package size ... OK
* checking package directory ... OK
* checking DESCRIPTION meta-information ... OK
* checking top-level files ... OK
* checking for left-over files ... OK
* checking index information ... OK
* checking package subdirectories ... OK
* checking R files for non-ASCII characters ... OK
* checking R files for syntax errors ... OK
* checking whether the package can be loaded ... OK
* checking whether the package can be loaded with stated dependencies ... OK
* checking whether the package can be unloaded cleanly ... OK
* checking whether the namespace can be loaded with stated dependencies ... OK
* checking whether the namespace can be unloaded cleanly ... OK
* checking loading without being on the library search path ... OK
* checking dependencies in R code ... OK
* checking S3 generic/method consistency ... OK
* checking replacement functions ... OK
* checking foreign function calls ... OK
* checking R code for possible problems ... OK
* checking Rd files ... OK
* checking Rd metadata ... OK
* checking Rd cross-references ... OK
* checking for missing documentation entries ... OK
* checking for code/documentation mismatches ... OK
* checking Rd \usage sections ... OK
* checking Rd contents ... OK
* checking for unstated dependencies in examples ... OK
* checking examples ... OK
* checking for unstated dependencies in 'tests' ... OK
* checking tests ... ERROR
  Running 'testthat.R'
Running the tests in 'tests/testthat.R' failed.
Last 13 lines of output:
  -- 2. Failure: print.platform_info ignores max.print (@test-platform-info.R#31) 
  `out` has length 19, not length 9.
  
  -- 3. Failure: print.session_info (@test-session-info.R#15)  -------------------
  `print(si)` does not match "setting  value".
  Actual value: "- Session info ---------------------------------------------------------------\n setting \n version \n os      \n system  \n ui      \n language\n collate \n ctype   \n tz      \n date    \n value                                                                 \n R version 4.0.0 Under development (Testing Rtools) (2019-10-01 r77242)\n Windows Server 2008 R2 x64 SP 1                                       \n x86_64, mingw32                                                       \n RTerm                                                                 \n C                                                                     \n C                                                                     \n English_United States.1252                                            \n Europe/Berlin                                                         \n 2019-10-11                                                            \n\n- Packages -------------------------------------------------------------------\n package     * version date       lib source        \n assertthat    0.2.1   2019-03-21 [2] CRAN (R 3.7.0)\n cli           1.1.0   2019-03-19 [2] CRAN (R 3.7.0)\n crayon        1.3.4   2017-09-16 [2] CRAN (R 3.7.0)\n magrittr      1.5     2014-11-22 [2] CRAN (R 3.7.0)\n mockery       0.4.2   2019-09-03 [2] CRAN (R 3.7.0)\n R6            2.4.0   2019-02-14 [2] CRAN (R 3.7.0)\n rlang         0.4.0   2019-06-25 [2] CRAN (R 3.7.0)\n sessioninfo * 1.1.1   2018-11-05 [1] CRAN (R 4.0.0)\n testthat    * 2.2.1   2019-07-25 [2] CRAN (R 3.7.0)\n withr         2.1.2   2018-03-15 [2] CRAN (R 3.7.0)\n\n[1] C:/Users/jeroen/Documents/checks/sessioninfo.Rcheck\n[2] C:/R/library\n[3] C:/Program Files/R/R-testing/library"
  
  == testthat results  ===========================================================
  [ OK: 37 | SKIPPED: 4 | WARNINGS: 0 | FAILED: 3 ]
  1. Failure: print.platform_info (@test-platform-info.R#23) 
  2. Failure: print.platform_info ignores max.print (@test-platform-info.R#31) 
  3. Failure: print.session_info (@test-session-info.R#15) 
  
  Error: testthat unit tests failed
  Execution halted
* DONE
Status: 1 ERROR
