* using log directory 'C:/Users/Jeroen/Documents/checks/rioja.Rcheck'
* using R version 3.6.0 Under development (Testing Rtools) (2019-03-14 r76238)
* using platform: x86_64-w64-mingw32 (64-bit)
* using session charset: ISO8859-1
* using options '--no-manual --no-build-vignettes'
* checking for file 'rioja/DESCRIPTION' ... OK
* checking extension type ... Package
* this is package 'rioja' version '0.9-15.2'
* checking package namespace information ... OK
* checking package dependencies ... OK
* checking if this is a source package ... OK
* checking if there is a namespace ... OK
* checking for executable files ... OK
* checking for hidden files and directories ... OK
* checking for portable file names ... OK
* checking whether package 'rioja' can be installed ... WARNING
Found the following significant warnings:
  mat.cpp:315:4: warning: '*<unknown>.dataMat::p' is used uninitialized in this function [-Wuninitialized]
  tilia.cpp:179:14: warning: 'char* strncpy(char*, const char*, size_t)' output may be truncated copying 61 bytes from a string of length 199 [-Wstringop-truncation]
  tilia.cpp:180:10: warning: 'char* strncpy(char*, const char*, size_t)' output may be truncated copying 19 bytes from a string of length 19 [-Wstringop-truncation]
  tilia.cpp:225:14: warning: 'char* strncpy(char*, const char*, size_t)' output may be truncated copying 8 bytes from a string of length 199 [-Wstringop-truncation]
  tilia.cpp:228:17: warning: 'char* strncpy(char*, const char*, size_t)' output may be truncated copying 8 bytes from a string of length 29 [-Wstringop-truncation]
See 'C:/Users/Jeroen/Documents/checks/rioja.Rcheck/00install.out' for details.
* checking installed package size ... OK
* checking package directory ... OK
* checking DESCRIPTION meta-information ... OK
* checking top-level files ... OK
* checking for left-over files ... OK
* checking index information ... OK
* checking package subdirectories ... OK
* checking R files for non-ASCII characters ... OK
* checking R files for syntax errors ... OK
* loading checks for arch 'i386'
** checking whether the package can be loaded ... OK
** checking whether the package can be loaded with stated dependencies ... OK
** checking whether the package can be unloaded cleanly ... OK
** checking whether the namespace can be loaded with stated dependencies ... OK
** checking whether the namespace can be unloaded cleanly ... OK
** checking loading without being on the library search path ... OK
* loading checks for arch 'x64'
** checking whether the package can be loaded ... OK
** checking whether the package can be loaded with stated dependencies ... OK
** checking whether the package can be unloaded cleanly ... OK
** checking whether the namespace can be loaded with stated dependencies ... OK
** checking whether the namespace can be unloaded cleanly ... OK
** checking loading without being on the library search path ... OK
* checking dependencies in R code ... OK
* checking S3 generic/method consistency ... OK
* checking replacement functions ... OK
* checking foreign function calls ... OK
* checking R code for possible problems ... OK
* checking Rd files ... OK
* checking Rd metadata ... OK
* checking Rd cross-references ... NOTE
Package unavailable to check Rd xrefs: 'neotoma'
* checking for missing documentation entries ... OK
* checking for code/documentation mismatches ... OK
* checking Rd \usage sections ... OK
* checking Rd contents ... OK
* checking for unstated dependencies in examples ... OK
* checking contents of 'data' directory ... OK
* checking data for non-ASCII characters ... OK
* checking data for ASCII and uncompressed saves ... OK
* checking line endings in C/C++/Fortran sources/headers ... OK
* checking compiled code ... OK
* checking examples ...
** running examples for arch 'i386' ... OK
** running examples for arch 'x64' ... OK
* DONE
Status: 1 WARNING, 1 NOTE
