* using log directory 'C:/Users/Jeroen/Documents/checks/hyperSpec.Rcheck'
* using R version 3.7.0 Under development (Testing Rtools) (2019-07-30 r76907)
* using platform: x86_64-w64-mingw32 (64-bit)
* using session charset: ISO8859-1
* using options '--no-manual --no-build-vignettes'
* checking for file 'hyperSpec/DESCRIPTION' ... OK
* checking extension type ... Package
* this is package 'hyperSpec' version '0.99-20180627'
* package encoding: UTF-8
* checking package namespace information ... OK
* checking package dependencies ... OK
* checking if this is a source package ... OK
* checking if there is a namespace ... OK
* checking for executable files ... OK
* checking for hidden files and directories ... OK
* checking for portable file names ... OK
* checking whether package 'hyperSpec' can be installed ... OK
* checking installed package size ... NOTE
  installed size is  5.1Mb
  sub-directories of 1Mb or more:
    doc   3.8Mb
* checking package directory ... OK
* checking 'build' directory ... OK
* checking DESCRIPTION meta-information ... OK
* checking top-level files ... OK
* checking for left-over files ... OK
* checking index information ... OK
* checking package subdirectories ... OK
* checking R files for non-ASCII characters ... OK
* checking R files for syntax errors ... OK
* checking whether the package can be loaded ... OK
* checking whether the package can be loaded with stated dependencies ... OK
* checking whether the package can be unloaded cleanly ... OK
* checking whether the namespace can be loaded with stated dependencies ... OK
* checking whether the namespace can be unloaded cleanly ... OK
* checking loading without being on the library search path ... OK
* checking dependencies in R code ... OK
* checking S3 generic/method consistency ... OK
* checking replacement functions ... OK
* checking foreign function calls ... OK
* checking R code for possible problems ... OK
* checking Rd files ... OK
* checking Rd metadata ... OK
* checking Rd cross-references ... OK
* checking for missing documentation entries ... OK
* checking for code/documentation mismatches ... OK
* checking Rd \usage sections ... OK
* checking Rd contents ... OK
* checking for unstated dependencies in examples ... OK
* checking contents of 'data' directory ... OK
* checking data for non-ASCII characters ... OK
* checking data for ASCII and uncompressed saves ... OK
* checking R/sysdata.rda ... OK
* checking sizes of PDF files under 'inst/doc' ... OK
* checking installed files from 'inst/doc' ... OK
* checking files in 'vignettes' ... OK
* checking examples ... OK
* checking for unstated dependencies in 'tests' ... OK
* checking tests ... OK
  Running 'unittests.R'
* checking for unstated dependencies in vignettes ... OK
* checking package vignettes in 'inst/doc' ... OK
* checking running R code from vignettes ... ERROR
Errors in running code in vignettes:
when running code in 'laser.Rnw'
  ...
> if (require(rgl)) {
+     open3d(windowRect = c(20, 20, 600, 350))
+     message("plot chunk")
+     laser <- laser[, , 404.8 ~ 405.6]/10000
+     l .... [TRUNCATED] 
plot chunk

  When sourcing 'laser.R':
Error: pixmap save format not supported in this build
Execution halted
when running code in 'plotting.Rnw'
  ...
> if (require(rgl)) {
+     open3d(windowRect = c(20, 20, 600, 350))
+     laser <- laser[, , 404.8 ~ 405.6]/10000
+     laser$t <- laser$t/3600
+     .... [TRUNCATED] 
Loading required package: rgl

  When sourcing 'plotting.R':
Error: pixmap save format not supported in this build
Execution halted

  'chondro.pdf.asis' using 'UTF-8'... OK
  'fileio.pdf.asis' using 'UTF-8'... OK
  'baseline.Rnw' using 'UTF-8'... OK
  'flu.Rnw' using 'UTF-8'... OK
  'hyperspec.Rnw' using 'UTF-8'... OK
  'laser.Rnw' using 'UTF-8'... failed
  'plotting.Rnw' using 'UTF-8'... failed
* checking re-building of vignette outputs ... SKIPPED
* DONE
Status: 1 ERROR, 1 NOTE
